ERROR - 2017-07-04 09:07:11 --> 404 Page Not Found: Res/images
ERROR - 2017-07-04 09:07:13 --> 404 Page Not Found: Faviconico/index
ERROR - 2017-07-04 09:07:44 --> 404 Page Not Found: cooperater/Corp/apedit
ERROR - 2017-07-04 09:10:40 --> Query error: Table 'wifiap_plat.used' doesn't exist - Invalid query: select id from used where cid = '1' and uname = 'llt'
ERROR - 2017-07-04 09:57:10 --> 404 Page Not Found: Res/images
ERROR - 2017-07-04 09:57:12 --> 404 Page Not Found: Faviconico/index
ERROR - 2017-07-04 10:07:08 --> 404 Page Not Found: cooperater/Corp/apedit
ERROR - 2017-07-04 10:07:45 --> 404 Page Not Found: cooperater/Corp/apedit
ERROR - 2017-07-04 10:07:48 --> 404 Page Not Found: Res/js
ERROR - 2017-07-04 10:08:02 --> 404 Page Not Found: cooperater/Corp/apedit
ERROR - 2017-07-04 10:08:09 --> 404 Page Not Found: Res/js
ERROR - 2017-07-04 10:08:17 --> 404 Page Not Found: Res/js
ERROR - 2017-07-04 10:54:15 --> 404 Page Not Found: Res/images
ERROR - 2017-07-04 10:54:19 --> 404 Page Not Found: Faviconico/index
ERROR - 2017-07-04 11:04:13 --> 404 Page Not Found: Res/js
ERROR - 2017-07-04 11:05:34 --> 404 Page Not Found: Res/js
ERROR - 2017-07-04 11:17:55 --> 404 Page Not Found: Res/js
ERROR - 2017-07-04 11:19:13 --> 404 Page Not Found: cooperater/Corp/apinfoedit
ERROR - 2017-07-04 11:22:32 --> 404 Page Not Found: Res/js
ERROR - 2017-07-04 11:29:24 --> Severity: Notice --> Undefined variable: id F:\PHP\Code\workspace\Portal2.0\gui\apinfoedit.php 20
ERROR - 2017-07-04 11:29:24 --> 404 Page Not Found: Res/js
ERROR - 2017-07-04 11:30:28 --> 404 Page Not Found: Res/js
ERROR - 2017-07-04 11:30:57 --> 404 Page Not Found: Res/js
ERROR - 2017-07-04 11:33:24 --> 404 Page Not Found: Res/js
ERROR - 2017-07-04 11:33:50 --> 404 Page Not Found: Res/js
ERROR - 2017-07-04 11:34:58 --> 404 Page Not Found: Res/js
ERROR - 2017-07-04 11:50:08 --> 404 Page Not Found: Res/js
ERROR - 2017-07-04 11:50:56 --> 404 Page Not Found: Res/js
ERROR - 2017-07-04 12:01:25 --> 404 Page Not Found: Res/js
ERROR - 2017-07-04 12:01:47 --> Severity: Notice --> Undefined variable: aptype F:\PHP\Code\workspace\Portal2.0\app\models\cooperater\Apmanage.php 253
ERROR - 2017-07-04 12:01:47 --> Query error: Unknown column 'aptype' in 'field list' - Invalid query: insert into ap (cid, aptype, protocol, apname, lic, adapter, remark, createtime, gid, location) values ('1',NULL,'w','aptest','123456789','o','这是一个测试热点',1499140907,'0','天津')
ERROR - 2017-07-04 12:02:32 --> 404 Page Not Found: Res/js
ERROR - 2017-07-04 12:36:12 --> Severity: Notice --> Undefined variable: devtype F:\PHP\Code\workspace\Portal2.0\app\models\cooperater\Apmanage.php 325
ERROR - 2017-07-04 12:37:31 --> 404 Page Not Found: Res/js
ERROR - 2017-07-04 12:37:58 --> 404 Page Not Found: Res/js
ERROR - 2017-07-04 12:39:42 --> 404 Page Not Found: Res/js
ERROR - 2017-07-04 12:39:58 --> 404 Page Not Found: Res/js
ERROR - 2017-07-04 12:58:09 --> 404 Page Not Found: Res/js
ERROR - 2017-07-04 13:41:59 --> 404 Page Not Found: Res/js
ERROR - 2017-07-04 14:11:15 --> 404 Page Not Found: Res/images
ERROR - 2017-07-04 14:11:17 --> 404 Page Not Found: Faviconico/index
ERROR - 2017-07-04 14:56:01 --> 404 Page Not Found: Res/images
ERROR - 2017-07-04 14:56:03 --> 404 Page Not Found: Faviconico/index
ERROR - 2017-07-04 14:56:42 --> 404 Page Not Found: Res/js
ERROR - 2017-07-04 14:58:10 --> 404 Page Not Found: Res/js
ERROR - 2017-07-04 15:01:33 --> 404 Page Not Found: Res/js
ERROR - 2017-07-04 15:01:45 --> Severity: error --> Exception: Error Processing Request F:\PHP\Code\workspace\Portal2.0\app\models\cooperater\Apmanage.php 103
ERROR - 2017-07-04 15:03:36 --> 404 Page Not Found: Res/js
ERROR - 2017-07-04 15:12:53 --> 404 Page Not Found: Res/js
ERROR - 2017-07-04 15:45:32 --> 404 Page Not Found: Res/js
ERROR - 2017-07-04 15:45:35 --> 404 Page Not Found: Res/js
ERROR - 2017-07-04 15:53:23 --> Severity: Notice --> Undefined variable: adapter F:\PHP\Code\workspace\Portal2.0\gui\apauthassist.php 16
ERROR - 2017-07-04 15:53:23 --> Severity: Notice --> Undefined variable: adapter F:\PHP\Code\workspace\Portal2.0\gui\apauthassist.php 17
ERROR - 2017-07-04 15:53:23 --> 404 Page Not Found: Res/js
ERROR - 2017-07-04 15:53:38 --> 404 Page Not Found: Res/js
ERROR - 2017-07-04 15:54:07 --> 404 Page Not Found: Res/js
ERROR - 2017-07-04 15:55:59 --> 404 Page Not Found: Res/js
ERROR - 2017-07-04 15:59:21 --> Severity: Notice --> Undefined index: alarmable F:\PHP\Code\workspace\Portal2.0\gui\apauthassist.php 24
ERROR - 2017-07-04 15:59:22 --> 404 Page Not Found: Res/js
ERROR - 2017-07-04 15:59:41 --> 404 Page Not Found: Res/js
ERROR - 2017-07-04 16:00:13 --> 404 Page Not Found: Res/js
