ERROR - 2017-06-20 10:22:39 --> 404 Page Not Found: Res/images
ERROR - 2017-06-20 10:22:43 --> 404 Page Not Found: Res/images
ERROR - 2017-06-20 10:25:03 --> 404 Page Not Found: Faviconico/index
ERROR - 2017-06-20 10:28:59 --> 404 Page Not Found: Static/images
ERROR - 2017-06-20 10:28:59 --> 404 Page Not Found: Static/images
ERROR - 2017-06-20 10:29:30 --> 404 Page Not Found: Static/images
ERROR - 2017-06-20 10:29:39 --> 404 Page Not Found: Static/images
ERROR - 2017-06-20 10:30:13 --> 404 Page Not Found: Static/images
ERROR - 2017-06-20 10:31:51 --> 404 Page Not Found: Static/images
ERROR - 2017-06-20 10:34:01 --> 404 Page Not Found: Static/images
ERROR - 2017-06-20 10:35:01 --> 404 Page Not Found: Static/images
ERROR - 2017-06-20 10:35:09 --> 404 Page Not Found: Static/images
ERROR - 2017-06-20 10:35:15 --> 404 Page Not Found: Static/images
ERROR - 2017-06-20 10:36:16 --> 404 Page Not Found: Static/images
ERROR - 2017-06-20 10:37:44 --> 404 Page Not Found: Static/images
ERROR - 2017-06-20 10:38:51 --> 404 Page Not Found: Static/images
ERROR - 2017-06-20 10:40:25 --> 404 Page Not Found: Static/images
ERROR - 2017-06-20 10:48:59 --> 404 Page Not Found: Static/images
ERROR - 2017-06-20 11:00:09 --> 404 Page Not Found: Static/images
ERROR - 2017-06-20 11:00:16 --> 404 Page Not Found: Static/images
ERROR - 2017-06-20 11:11:30 --> 404 Page Not Found: Static/images
ERROR - 2017-06-20 11:11:31 --> Severity: Error --> Call to undefined method Factory::check_corp_ajax_request() F:\PHP\Code\workspace\Portal2.0\app\controllers\admin\Factory.php 9
ERROR - 2017-06-20 11:12:07 --> 404 Page Not Found: Static/images
ERROR - 2017-06-20 11:12:07 --> Severity: Error --> Call to undefined method Factory::check_corp_ajax_request() F:\PHP\Code\workspace\Portal2.0\app\controllers\admin\Factory.php 9
ERROR - 2017-06-20 11:12:10 --> 404 Page Not Found: Static/images
ERROR - 2017-06-20 11:12:10 --> Severity: Error --> Call to undefined method Factory::check_corp_ajax_request() F:\PHP\Code\workspace\Portal2.0\app\controllers\admin\Factory.php 9
ERROR - 2017-06-20 11:12:14 --> Severity: Error --> Call to undefined method Factory::check_corp_ajax_request() F:\PHP\Code\workspace\Portal2.0\app\controllers\admin\Factory.php 9
ERROR - 2017-06-20 11:12:19 --> 404 Page Not Found: Static/images
ERROR - 2017-06-20 11:12:19 --> Severity: Error --> Call to undefined method Factory::check_corp_ajax_request() F:\PHP\Code\workspace\Portal2.0\app\controllers\admin\Factory.php 9
ERROR - 2017-06-20 11:12:36 --> 404 Page Not Found: Static/images
ERROR - 2017-06-20 11:12:36 --> Severity: error --> Exception: Unable to locate the model you have specified: Corpmanage F:\PHP\Code\workspace\Portal2.0\sys\core\Loader.php 344
ERROR - 2017-06-20 11:14:24 --> Severity: error --> Exception: F:\PHP\Code\workspace\Portal2.0\app\models/admin/Corpmanage.php exists, but doesn't declare class Corpmanage F:\PHP\Code\workspace\Portal2.0\sys\core\Loader.php 336
ERROR - 2017-06-20 11:14:41 --> 404 Page Not Found: Static/images
ERROR - 2017-06-20 11:15:04 --> 404 Page Not Found: Static/images
ERROR - 2017-06-20 11:16:31 --> 404 Page Not Found: Static/images
ERROR - 2017-06-20 11:17:06 --> 404 Page Not Found: Static/images
ERROR - 2017-06-20 11:18:27 --> 404 Page Not Found: Static/images
ERROR - 2017-06-20 11:18:40 --> 404 Page Not Found: Static/images
ERROR - 2017-06-20 11:19:02 --> 404 Page Not Found: Static/images
ERROR - 2017-06-20 11:19:15 --> 404 Page Not Found: Static/images
ERROR - 2017-06-20 11:23:08 --> 404 Page Not Found: admin/Adc/index
ERROR - 2017-06-20 11:23:15 --> Severity: Compile Error --> Cannot redeclare Corpmanage::get_all_ap_page() F:\PHP\Code\workspace\Portal2.0\app\models\admin\Corpmanage.php 26
ERROR - 2017-06-20 11:23:45 --> 404 Page Not Found: Static/images
ERROR - 2017-06-20 11:24:23 --> 404 Page Not Found: Static/images
ERROR - 2017-06-20 11:24:35 --> 404 Page Not Found: Static/images
ERROR - 2017-06-20 11:24:44 --> 404 Page Not Found: Static/images
ERROR - 2017-06-20 11:24:45 --> 404 Page Not Found: Static/images
ERROR - 2017-06-20 11:24:50 --> 404 Page Not Found: Static/images
ERROR - 2017-06-20 11:38:44 --> 404 Page Not Found: Static/images
ERROR - 2017-06-20 11:39:45 --> 404 Page Not Found: Static/images
ERROR - 2017-06-20 11:40:46 --> 404 Page Not Found: Static/images
ERROR - 2017-06-20 11:41:21 --> 404 Page Not Found: Static/images
ERROR - 2017-06-20 11:41:52 --> 404 Page Not Found: Static/images
ERROR - 2017-06-20 11:42:07 --> 404 Page Not Found: Static/images
ERROR - 2017-06-20 11:42:16 --> 404 Page Not Found: Static/images
ERROR - 2017-06-20 11:42:49 --> 404 Page Not Found: Static/images
ERROR - 2017-06-20 11:43:15 --> 404 Page Not Found: Static/images
ERROR - 2017-06-20 11:53:50 --> 404 Page Not Found: Static/images
ERROR - 2017-06-20 11:54:01 --> 404 Page Not Found: Static/images
ERROR - 2017-06-20 11:54:14 --> 404 Page Not Found: Static/images
ERROR - 2017-06-20 11:54:18 --> 404 Page Not Found: Static/images
ERROR - 2017-06-20 11:54:24 --> 404 Page Not Found: Static/images
ERROR - 2017-06-20 11:54:48 --> 404 Page Not Found: Static/images
ERROR - 2017-06-20 11:55:11 --> 404 Page Not Found: Faviconico/index
ERROR - 2017-06-20 11:55:26 --> 404 Page Not Found: Static/images
ERROR - 2017-06-20 11:55:53 --> 404 Page Not Found: Static/images
ERROR - 2017-06-20 11:56:12 --> 404 Page Not Found: Static/images
ERROR - 2017-06-20 11:57:20 --> 404 Page Not Found: Static/images
ERROR - 2017-06-20 11:57:29 --> 404 Page Not Found: Static/images
ERROR - 2017-06-20 11:58:06 --> 404 Page Not Found: Static/images
ERROR - 2017-06-20 11:58:13 --> 404 Page Not Found: Static/images
ERROR - 2017-06-20 11:58:23 --> 404 Page Not Found: Static/images
ERROR - 2017-06-20 12:06:49 --> 404 Page Not Found: Static/images
ERROR - 2017-06-20 13:54:07 --> 404 Page Not Found: Res/images
ERROR - 2017-06-20 13:54:11 --> 404 Page Not Found: Faviconico/index
ERROR - 2017-06-20 14:52:21 --> 404 Page Not Found: cooperater/Corp/ping
ERROR - 2017-06-20 14:52:40 --> 404 Page Not Found: cooperater/Corp/ping
ERROR - 2017-06-20 14:53:40 --> 404 Page Not Found: cooperater/Corp/ping
ERROR - 2017-06-20 14:54:16 --> 404 Page Not Found: cooperater/Corp/ping
ERROR - 2017-06-20 14:54:33 --> 404 Page Not Found: cooperater/Corp/ping
ERROR - 2017-06-20 14:54:58 --> 404 Page Not Found: cooperater/Corp/ping
ERROR - 2017-06-20 14:55:11 --> 404 Page Not Found: cooperater/Corp/ping
ERROR - 2017-06-20 14:56:11 --> 404 Page Not Found: cooperater/Corp/ping
ERROR - 2017-06-20 14:57:11 --> 404 Page Not Found: cooperater/Corp/ping
ERROR - 2017-06-20 14:58:11 --> 404 Page Not Found: cooperater/Corp/ping
ERROR - 2017-06-20 14:59:11 --> 404 Page Not Found: cooperater/Corp/ping
ERROR - 2017-06-20 14:59:22 --> 404 Page Not Found: Res/images
ERROR - 2017-06-20 14:59:35 --> 404 Page Not Found: Faviconico/index
ERROR - 2017-06-20 15:00:11 --> 404 Page Not Found: cooperater/Corp/ping
ERROR - 2017-06-20 15:01:11 --> 404 Page Not Found: cooperater/Corp/ping
ERROR - 2017-06-20 15:02:11 --> 404 Page Not Found: cooperater/Corp/ping
ERROR - 2017-06-20 15:03:11 --> 404 Page Not Found: cooperater/Corp/ping
ERROR - 2017-06-20 15:04:11 --> 404 Page Not Found: cooperater/Corp/ping
ERROR - 2017-06-20 15:05:11 --> 404 Page Not Found: cooperater/Corp/ping
ERROR - 2017-06-20 15:06:11 --> 404 Page Not Found: cooperater/Corp/ping
ERROR - 2017-06-20 15:07:11 --> 404 Page Not Found: cooperater/Corp/ping
ERROR - 2017-06-20 15:08:11 --> 404 Page Not Found: cooperater/Corp/ping
ERROR - 2017-06-20 15:51:37 --> 404 Page Not Found: Htdocs/rpm.zip
ERROR - 2017-06-20 16:36:58 --> 404 Page Not Found: Faviconico/index
ERROR - 2017-06-20 20:00:16 --> 404 Page Not Found: Faviconico/index
