ERROR - 2017-09-18 09:18:47 --> 404 Page Not Found: c/Api/wifidog
ERROR - 2017-09-18 13:59:34 --> 404 Page Not Found: Res/images
ERROR - 2017-09-18 13:59:39 --> 404 Page Not Found: Faviconico/index
ERROR - 2017-09-18 14:34:20 --> 404 Page Not Found: Res/js
ERROR - 2017-09-18 14:35:48 --> 404 Page Not Found: Res/js
ERROR - 2017-09-18 14:36:35 --> Severity: Notice --> Undefined variable: wxdockurl /Code/php/workspace/woms-portal/app/models/cooperater/Wxmanage.php 52
ERROR - 2017-09-18 14:36:35 --> Query error: Unknown column 'wxdocurl' in 'field list' - Invalid query: update cooperater set wxaccount='乐英知秋', wxtoken='424bc4e4a4f9716fb', wxlinktitle='', wxlinkcontent='', wxlinkurl=NULL, wxdocurl=NULL where cid = '1'
ERROR - 2017-09-18 14:36:37 --> 404 Page Not Found: Res/js
ERROR - 2017-09-18 14:36:44 --> Severity: Notice --> Undefined variable: wxdockurl /Code/php/workspace/woms-portal/app/models/cooperater/Wxmanage.php 52
ERROR - 2017-09-18 14:36:44 --> Query error: Unknown column 'wxdocurl' in 'field list' - Invalid query: update cooperater set wxaccount='乐英知秋', wxtoken='8769aa2b50537f30b', wxlinktitle='', wxlinkcontent='', wxlinkurl=NULL, wxdocurl=NULL where cid = '1'
ERROR - 2017-09-18 14:43:15 --> Severity: Notice --> Undefined variable: wxdockurl /Code/php/workspace/woms-portal/app/models/cooperater/Wxmanage.php 52
ERROR - 2017-09-18 14:43:15 --> Query error: Unknown column 'wxdocurl' in 'field list' - Invalid query: update cooperater set wxaccount='乐英知秋', wxtoken='8a109ad04870521d6', wxlinktitle='', wxlinkcontent='', wxlinkurl=NULL, wxdocurl=NULL ,wxrqcode='u1wxrqcode.png'  where cid = '1'
ERROR - 2017-09-18 14:49:38 --> 404 Page Not Found: Corp/%E6%9B%B4%E6%96%B0%E4%BF%A1%E6%81%AF
ERROR - 2017-09-18 14:50:19 --> 404 Page Not Found: Res/js
ERROR - 2017-09-18 14:50:19 --> 404 Page Not Found: Res/js
ERROR - 2017-09-18 14:52:34 --> 404 Page Not Found: Res/js
ERROR - 2017-09-18 14:52:34 --> 404 Page Not Found: Res/js
ERROR - 2017-09-18 14:52:48 --> 404 Page Not Found: Res/js
ERROR - 2017-09-18 14:52:48 --> 404 Page Not Found: Res/js
ERROR - 2017-09-18 15:23:23 --> 404 Page Not Found: admin/Adc/apauthtype
