ERROR - 2017-07-20 09:29:02 --> 404 Page Not Found: Res/images
ERROR - 2017-07-20 09:29:07 --> 404 Page Not Found: Faviconico/index
ERROR - 2017-07-20 09:36:53 --> Severity: Notice --> Undefined variable: apid F:\PHP\Code\workspace\Portal2.0\gui\authstatistics.php 53
ERROR - 2017-07-20 09:42:07 --> Severity: Notice --> Undefined variable: ap F:\PHP\Code\workspace\Portal2.0\gui\adc\smscontentlist.php 54
ERROR - 2017-07-20 09:42:07 --> Severity: Warning --> Invalid argument supplied for foreach() F:\PHP\Code\workspace\Portal2.0\gui\adc\smscontentlist.php 54
ERROR - 2017-07-20 09:47:07 --> Severity: Notice --> Undefined variable: corp F:\PHP\Code\workspace\Portal2.0\gui\adc\smscontentlist.php 42
ERROR - 2017-07-20 09:47:07 --> Severity: Warning --> Invalid argument supplied for foreach() F:\PHP\Code\workspace\Portal2.0\gui\adc\smscontentlist.php 42
ERROR - 2017-07-20 09:47:19 --> Severity: Notice --> Undefined variable: corp F:\PHP\Code\workspace\Portal2.0\gui\adc\smscontentlist.php 48
ERROR - 2017-07-20 09:47:19 --> Severity: Warning --> Invalid argument supplied for foreach() F:\PHP\Code\workspace\Portal2.0\gui\adc\smscontentlist.php 48
ERROR - 2017-07-20 09:47:37 --> Severity: Notice --> Undefined variable: corp F:\PHP\Code\workspace\Portal2.0\gui\adc\smscontentlist.php 48
ERROR - 2017-07-20 09:47:37 --> Severity: Warning --> Invalid argument supplied for foreach() F:\PHP\Code\workspace\Portal2.0\gui\adc\smscontentlist.php 48
ERROR - 2017-07-20 09:50:19 --> Severity: Notice --> Undefined variable: corp F:\PHP\Code\workspace\Portal2.0\gui\adc\smscontentlist.php 48
ERROR - 2017-07-20 09:50:19 --> Severity: Warning --> Invalid argument supplied for foreach() F:\PHP\Code\workspace\Portal2.0\gui\adc\smscontentlist.php 48
ERROR - 2017-07-20 09:53:34 --> Severity: Notice --> Undefined index: nickname F:\PHP\Code\workspace\Portal2.0\gui\adc\smscontentlist.php 49
ERROR - 2017-07-20 09:53:34 --> Severity: Notice --> Undefined index: nickname F:\PHP\Code\workspace\Portal2.0\gui\adc\smscontentlist.php 49
ERROR - 2017-07-20 09:53:50 --> Severity: Notice --> Undefined index: nickname F:\PHP\Code\workspace\Portal2.0\gui\adc\smscontentlist.php 49
ERROR - 2017-07-20 09:53:50 --> Severity: Notice --> Undefined index: nickname F:\PHP\Code\workspace\Portal2.0\gui\adc\smscontentlist.php 49
ERROR - 2017-07-20 10:39:55 --> 404 Page Not Found: admin/Adc/smscontentadd
ERROR - 2017-07-20 10:40:45 --> 404 Page Not Found: Res/js
ERROR - 2017-07-20 10:41:47 --> 404 Page Not Found: Res/js
ERROR - 2017-07-20 10:45:31 --> 404 Page Not Found: Res/js
ERROR - 2017-07-20 10:53:53 --> 404 Page Not Found: Res/js
ERROR - 2017-07-20 10:53:55 --> 404 Page Not Found: admin/Adc/systemconfig
ERROR - 2017-07-20 10:53:57 --> 404 Page Not Found: Res/js
ERROR - 2017-07-20 15:03:10 --> 404 Page Not Found: Res/images
ERROR - 2017-07-20 15:03:12 --> 404 Page Not Found: Faviconico/index
ERROR - 2017-07-20 15:05:22 --> Severity: Notice --> Undefined variable: apid F:\PHP\Code\workspace\Portal2.0\gui\authstatistics.php 53
ERROR - 2017-07-20 15:06:28 --> Severity: error --> Exception: 白名单条目不存在 F:\PHP\Code\workspace\Portal2.0\app\models\cooperater\Wbmanage.php 59
ERROR - 2017-07-20 15:06:49 --> Severity: error --> Exception: 白名单条目不存在 F:\PHP\Code\workspace\Portal2.0\app\models\cooperater\Wbmanage.php 59
ERROR - 2017-07-20 15:07:01 --> Severity: error --> Exception: 白名单条目不存在 F:\PHP\Code\workspace\Portal2.0\app\models\cooperater\Wbmanage.php 59
ERROR - 2017-07-20 15:10:17 --> 404 Page Not Found: Res/js
ERROR - 2017-07-20 15:10:40 --> 404 Page Not Found: Res/js
ERROR - 2017-07-20 15:10:43 --> 404 Page Not Found: Res/js
ERROR - 2017-07-20 15:10:46 --> 404 Page Not Found: Res/js
ERROR - 2017-07-20 15:10:46 --> 404 Page Not Found: Res/js
ERROR - 2017-07-20 15:12:37 --> Severity: error --> Exception: 黑名单条目不存在 F:\PHP\Code\workspace\Portal2.0\app\models\cooperater\Wbmanage.php 34
ERROR - 2017-07-20 15:13:16 --> Severity: error --> Exception: 黑名单条目不存在 F:\PHP\Code\workspace\Portal2.0\app\models\cooperater\Wbmanage.php 34
ERROR - 2017-07-20 15:13:19 --> 404 Page Not Found: Res/js
ERROR - 2017-07-20 15:13:25 --> 404 Page Not Found: Res/js
ERROR - 2017-07-20 15:22:09 --> 404 Page Not Found: Res/js
ERROR - 2017-07-20 15:23:31 --> 404 Page Not Found: Res/js
ERROR - 2017-07-20 15:25:45 --> 404 Page Not Found: Res/js
ERROR - 2017-07-20 15:26:02 --> 404 Page Not Found: Res/js
ERROR - 2017-07-20 15:26:25 --> 404 Page Not Found: Res/js
ERROR - 2017-07-20 15:27:45 --> 404 Page Not Found: Res/js
ERROR - 2017-07-20 15:28:04 --> 404 Page Not Found: Res/js
ERROR - 2017-07-20 15:33:57 --> 404 Page Not Found: Res/js
ERROR - 2017-07-20 15:34:12 --> 404 Page Not Found: Res/js
ERROR - 2017-07-20 15:34:19 --> 404 Page Not Found: Res/js
ERROR - 2017-07-20 15:45:30 --> Severity: Notice --> Undefined variable: itemp F:\PHP\Code\workspace\Portal2.0\gui\editblackitem.php 51
ERROR - 2017-07-20 15:46:25 --> 404 Page Not Found: Res/js
ERROR - 2017-07-20 15:46:25 --> 404 Page Not Found: Res/js
ERROR - 2017-07-20 15:46:25 --> 404 Page Not Found: Res/js
ERROR - 2017-07-20 15:46:28 --> 404 Page Not Found: Res/js
ERROR - 2017-07-20 15:46:29 --> 404 Page Not Found: Res/js
ERROR - 2017-07-20 15:46:55 --> 404 Page Not Found: Res/js
ERROR - 2017-07-20 15:47:26 --> 404 Page Not Found: Res/js
ERROR - 2017-07-20 15:47:28 --> 404 Page Not Found: Res/js
ERROR - 2017-07-20 15:47:33 --> 404 Page Not Found: Res/js
ERROR - 2017-07-20 15:51:13 --> 404 Page Not Found: Res/js
ERROR - 2017-07-20 15:51:52 --> 404 Page Not Found: Res/js
ERROR - 2017-07-20 15:53:40 --> 404 Page Not Found: Res/js
ERROR - 2017-07-20 15:54:18 --> 404 Page Not Found: Res/js
ERROR - 2017-07-20 15:54:39 --> 404 Page Not Found: Res/js
ERROR - 2017-07-20 15:55:03 --> 404 Page Not Found: Res/js
ERROR - 2017-07-20 16:09:39 --> Severity: Notice --> Undefined variable: apid F:\PHP\Code\workspace\Portal2.0\gui\authstatistics.php 53
ERROR - 2017-07-20 16:10:56 --> Severity: Notice --> Undefined variable: apid F:\PHP\Code\workspace\Portal2.0\gui\authstatistics.php 53
ERROR - 2017-07-20 16:12:03 --> Severity: Notice --> Undefined variable: apid F:\PHP\Code\workspace\Portal2.0\gui\authstatistics.php 53
ERROR - 2017-07-20 16:12:59 --> Severity: Notice --> Undefined variable: apid F:\PHP\Code\workspace\Portal2.0\gui\authstatistics.php 53
ERROR - 2017-07-20 16:14:04 --> Severity: Notice --> Undefined variable: apid F:\PHP\Code\workspace\Portal2.0\gui\authstatistics.php 53
ERROR - 2017-07-20 16:37:51 --> 404 Page Not Found: Res/js
