ERROR - 2017-06-15 13:30:11 --> 404 Page Not Found: c/Api/wifidog
ERROR - 2017-06-15 13:30:12 --> 404 Page Not Found: Res/images
ERROR - 2017-06-15 13:30:15 --> 404 Page Not Found: Faviconico/index
ERROR - 2017-06-15 13:31:11 --> 404 Page Not Found: c/Api/wifidog
ERROR - 2017-06-15 13:32:11 --> 404 Page Not Found: c/Api/wifidog
ERROR - 2017-06-15 13:33:11 --> 404 Page Not Found: c/Api/wifidog
ERROR - 2017-06-15 13:34:11 --> 404 Page Not Found: c/Api/wifidog
ERROR - 2017-06-15 13:35:11 --> 404 Page Not Found: c/Api/wifidog
ERROR - 2017-06-15 13:36:11 --> 404 Page Not Found: c/Api/wifidog
ERROR - 2017-06-15 13:37:11 --> 404 Page Not Found: c/Api/wifidog
ERROR - 2017-06-15 13:38:11 --> 404 Page Not Found: c/Api/wifidog
ERROR - 2017-06-15 13:39:10 --> 404 Page Not Found: c/Api/wifidog
ERROR - 2017-06-15 13:40:10 --> 404 Page Not Found: c/Api/wifidog
ERROR - 2017-06-15 13:41:10 --> 404 Page Not Found: c/Api/wifidog
ERROR - 2017-06-15 13:42:10 --> 404 Page Not Found: c/Api/wifidog
ERROR - 2017-06-15 13:43:10 --> 404 Page Not Found: c/Api/wifidog
ERROR - 2017-06-15 13:44:10 --> 404 Page Not Found: c/Api/wifidog
ERROR - 2017-06-15 13:45:10 --> 404 Page Not Found: c/Api/wifidog
ERROR - 2017-06-15 13:46:11 --> 404 Page Not Found: c/Api/wifidog
ERROR - 2017-06-15 13:47:12 --> 404 Page Not Found: c/Api/wifidog
ERROR - 2017-06-15 13:48:12 --> 404 Page Not Found: c/Api/wifidog
ERROR - 2017-06-15 13:48:37 --> 404 Page Not Found: c/Wifidog/client
ERROR - 2017-06-15 13:49:37 --> 404 Page Not Found: c/Wifidog/client
ERROR - 2017-06-15 13:51:14 --> Severity: Notice --> Undefined index: url F:\PHP\Code\workspace\Portal2.0\app\models\api\wifidog\splash_mo.php 17
ERROR - 2017-06-15 13:58:41 --> 404 Page Not Found: c/Api/wifidog
ERROR - 2017-06-15 13:59:04 --> 404 Page Not Found: c/Api/wifidog
ERROR - 2017-06-15 13:59:10 --> 404 Page Not Found: Res/fonts
ERROR - 2017-06-15 13:59:11 --> 404 Page Not Found: Faviconico/index
ERROR - 2017-06-15 14:00:04 --> 404 Page Not Found: c/Api/wifidog
ERROR - 2017-06-15 14:01:05 --> 404 Page Not Found: c/Api/wifidog
ERROR - 2017-06-15 14:02:05 --> 404 Page Not Found: c/Api/wifidog
ERROR - 2017-06-15 14:03:04 --> 404 Page Not Found: c/Api/wifidog
ERROR - 2017-06-15 14:04:04 --> 404 Page Not Found: c/Api/wifidog
ERROR - 2017-06-15 14:05:04 --> 404 Page Not Found: c/Api/wifidog
ERROR - 2017-06-15 14:06:04 --> 404 Page Not Found: c/Api/wifidog
ERROR - 2017-06-15 14:07:04 --> 404 Page Not Found: c/Api/wifidog
ERROR - 2017-06-15 14:08:04 --> 404 Page Not Found: c/Api/wifidog
ERROR - 2017-06-15 14:09:05 --> 404 Page Not Found: c/Api/wifidog
ERROR - 2017-06-15 14:10:05 --> 404 Page Not Found: c/Api/wifidog
ERROR - 2017-06-15 14:11:05 --> 404 Page Not Found: c/Api/wifidog
ERROR - 2017-06-15 14:12:05 --> 404 Page Not Found: c/Api/wifidog
ERROR - 2017-06-15 14:13:06 --> 404 Page Not Found: c/Api/wifidog
ERROR - 2017-06-15 14:14:06 --> 404 Page Not Found: c/Api/wifidog
ERROR - 2017-06-15 14:15:06 --> 404 Page Not Found: c/Api/wifidog
ERROR - 2017-06-15 14:16:06 --> 404 Page Not Found: c/Api/wifidog
ERROR - 2017-06-15 14:17:05 --> 404 Page Not Found: c/Api/wifidog
ERROR - 2017-06-15 14:18:05 --> 404 Page Not Found: c/Api/wifidog
ERROR - 2017-06-15 14:19:05 --> 404 Page Not Found: c/Api/wifidog
ERROR - 2017-06-15 14:20:05 --> 404 Page Not Found: c/Api/wifidog
ERROR - 2017-06-15 14:21:05 --> 404 Page Not Found: c/Api/wifidog
ERROR - 2017-06-15 14:22:05 --> 404 Page Not Found: c/Api/wifidog
ERROR - 2017-06-15 14:23:05 --> 404 Page Not Found: c/Api/wifidog
ERROR - 2017-06-15 14:24:06 --> 404 Page Not Found: c/Api/wifidog
ERROR - 2017-06-15 14:25:06 --> 404 Page Not Found: c/Api/wifidog
ERROR - 2017-06-15 14:26:06 --> 404 Page Not Found: c/Api/wifidog
ERROR - 2017-06-15 14:27:06 --> 404 Page Not Found: c/Api/wifidog
ERROR - 2017-06-15 14:28:06 --> 404 Page Not Found: c/Api/wifidog
ERROR - 2017-06-15 14:29:06 --> 404 Page Not Found: c/Api/wifidog
ERROR - 2017-06-15 14:30:06 --> 404 Page Not Found: c/Api/wifidog
ERROR - 2017-06-15 14:31:06 --> 404 Page Not Found: c/Api/wifidog
ERROR - 2017-06-15 14:32:05 --> 404 Page Not Found: c/Api/wifidog
ERROR - 2017-06-15 14:33:05 --> 404 Page Not Found: c/Api/wifidog
ERROR - 2017-06-15 14:34:05 --> 404 Page Not Found: c/Api/wifidog
ERROR - 2017-06-15 14:35:05 --> 404 Page Not Found: c/Api/wifidog
ERROR - 2017-06-15 14:36:05 --> 404 Page Not Found: c/Api/wifidog
ERROR - 2017-06-15 14:37:05 --> 404 Page Not Found: c/Api/wifidog
ERROR - 2017-06-15 14:37:36 --> 404 Page Not Found: /index
ERROR - 2017-06-15 14:37:57 --> 404 Page Not Found: Res/fonts
ERROR - 2017-06-15 14:37:57 --> 404 Page Not Found: Corp/js
ERROR - 2017-06-15 14:37:57 --> 404 Page Not Found: Corp/js
ERROR - 2017-06-15 14:37:57 --> 404 Page Not Found: Corp/js
ERROR - 2017-06-15 14:38:05 --> 404 Page Not Found: c/Api/wifidog
ERROR - 2017-06-15 14:38:28 --> 404 Page Not Found: Res/images
ERROR - 2017-06-15 14:38:54 --> 404 Page Not Found: Faviconico/index
ERROR - 2017-06-15 14:39:05 --> 404 Page Not Found: c/Api/wifidog
ERROR - 2017-06-15 14:40:06 --> 404 Page Not Found: c/Api/wifidog
ERROR - 2017-06-15 14:41:06 --> 404 Page Not Found: c/Api/wifidog
ERROR - 2017-06-15 14:42:06 --> 404 Page Not Found: c/Api/wifidog
ERROR - 2017-06-15 14:43:06 --> 404 Page Not Found: c/Api/wifidog
ERROR - 2017-06-15 14:44:06 --> 404 Page Not Found: c/Api/wifidog
ERROR - 2017-06-15 14:45:06 --> 404 Page Not Found: c/Api/wifidog
ERROR - 2017-06-15 14:46:06 --> 404 Page Not Found: c/Api/wifidog
ERROR - 2017-06-15 14:47:05 --> 404 Page Not Found: c/Api/wifidog
ERROR - 2017-06-15 14:48:05 --> 404 Page Not Found: c/Api/wifidog
ERROR - 2017-06-15 14:49:05 --> 404 Page Not Found: c/Api/wifidog
ERROR - 2017-06-15 14:50:05 --> 404 Page Not Found: c/Api/wifidog
ERROR - 2017-06-15 14:51:05 --> 404 Page Not Found: c/Api/wifidog
ERROR - 2017-06-15 14:52:05 --> 404 Page Not Found: c/Api/wifidog
ERROR - 2017-06-15 14:53:05 --> 404 Page Not Found: c/Api/wifidog
ERROR - 2017-06-15 14:54:05 --> 404 Page Not Found: c/Api/wifidog
ERROR - 2017-06-15 14:55:05 --> 404 Page Not Found: c/Api/wifidog
ERROR - 2017-06-15 14:56:05 --> 404 Page Not Found: c/Api/wifidog
ERROR - 2017-06-15 14:56:10 --> 404 Page Not Found: Faviconico/index
ERROR - 2017-06-15 14:57:05 --> 404 Page Not Found: c/Api/wifidog
ERROR - 2017-06-15 14:58:06 --> 404 Page Not Found: c/Api/wifidog
ERROR - 2017-06-15 14:59:06 --> 404 Page Not Found: c/Api/wifidog
ERROR - 2017-06-15 15:00:06 --> 404 Page Not Found: c/Api/wifidog
ERROR - 2017-06-15 15:01:06 --> 404 Page Not Found: c/Api/wifidog
ERROR - 2017-06-15 15:02:06 --> 404 Page Not Found: c/Api/wifidog
ERROR - 2017-06-15 15:03:06 --> 404 Page Not Found: c/Api/wifidog
ERROR - 2017-06-15 15:04:06 --> 404 Page Not Found: c/Api/wifidog
ERROR - 2017-06-15 15:05:05 --> 404 Page Not Found: c/Api/wifidog
ERROR - 2017-06-15 15:06:05 --> 404 Page Not Found: c/Api/wifidog
ERROR - 2017-06-15 15:07:05 --> 404 Page Not Found: c/Api/wifidog
ERROR - 2017-06-15 15:07:22 --> 404 Page Not Found: Res/fonts
ERROR - 2017-06-15 15:07:22 --> 404 Page Not Found: Faviconico/index
ERROR - 2017-06-15 15:07:40 --> 404 Page Not Found: c/Api/wifidog
ERROR - 2017-06-15 15:08:05 --> 404 Page Not Found: c/Api/wifidog
ERROR - 2017-06-15 15:08:18 --> 404 Page Not Found: c/Api/wifidog
ERROR - 2017-06-15 15:09:05 --> 404 Page Not Found: c/Api/wifidog
ERROR - 2017-06-15 15:10:05 --> 404 Page Not Found: c/Api/wifidog
ERROR - 2017-06-15 15:11:05 --> 404 Page Not Found: c/Api/wifidog
ERROR - 2017-06-15 15:11:22 --> 404 Page Not Found: c/Api/wifidog
ERROR - 2017-06-15 15:12:05 --> 404 Page Not Found: c/Api/wifidog
ERROR - 2017-06-15 15:12:18 --> 404 Page Not Found: c/Api/wifidog
ERROR - 2017-06-15 15:13:05 --> 404 Page Not Found: c/Api/wifidog
ERROR - 2017-06-15 15:14:05 --> 404 Page Not Found: c/Api/wifidog
ERROR - 2017-06-15 15:15:06 --> 404 Page Not Found: c/Api/wifidog
ERROR - 2017-06-15 15:16:06 --> 404 Page Not Found: c/Api/wifidog
ERROR - 2017-06-15 15:17:06 --> 404 Page Not Found: c/Api/wifidog
ERROR - 2017-06-15 15:18:06 --> 404 Page Not Found: c/Api/wifidog
ERROR - 2017-06-15 15:19:07 --> 404 Page Not Found: c/Api/wifidog
ERROR - 2017-06-15 15:20:07 --> 404 Page Not Found: c/Api/wifidog
ERROR - 2017-06-15 15:21:06 --> 404 Page Not Found: c/Api/wifidog
ERROR - 2017-06-15 15:22:06 --> 404 Page Not Found: c/Api/wifidog
ERROR - 2017-06-15 15:22:49 --> 404 Page Not Found: c/Api/wifidog
ERROR - 2017-06-15 15:23:03 --> 404 Page Not Found: Res/fonts
ERROR - 2017-06-15 15:23:06 --> 404 Page Not Found: c/Api/wifidog
ERROR - 2017-06-15 15:23:19 --> 404 Page Not Found: c/Api/wifidog
ERROR - 2017-06-15 15:23:19 --> 404 Page Not Found: Res/fonts
ERROR - 2017-06-15 15:23:32 --> 404 Page Not Found: c/Api/wifidog
ERROR - 2017-06-15 15:24:06 --> 404 Page Not Found: c/Api/wifidog
ERROR - 2017-06-15 15:24:20 --> 404 Page Not Found: c/Api/wifidog
ERROR - 2017-06-15 15:25:06 --> 404 Page Not Found: c/Api/wifidog
ERROR - 2017-06-15 15:25:58 --> 404 Page Not Found: Res/fonts
ERROR - 2017-06-15 15:26:05 --> 404 Page Not Found: c/Api/wifidog
ERROR - 2017-06-15 15:26:07 --> 404 Page Not Found: c/Api/wifidog
ERROR - 2017-06-15 15:26:20 --> 404 Page Not Found: c/Api/wifidog
ERROR - 2017-06-15 15:27:07 --> 404 Page Not Found: c/Api/wifidog
ERROR - 2017-06-15 15:28:07 --> 404 Page Not Found: c/Api/wifidog
ERROR - 2017-06-15 15:28:15 --> 404 Page Not Found: c/Api/wifidog
ERROR - 2017-06-15 15:28:20 --> 404 Page Not Found: c/Api/wifidog
ERROR - 2017-06-15 15:28:34 --> 404 Page Not Found: Faviconico/index
ERROR - 2017-06-15 15:29:14 --> 404 Page Not Found: c/Api/wifidog
ERROR - 2017-06-15 15:30:07 --> 404 Page Not Found: c/Api/wifidog
ERROR - 2017-06-15 15:31:07 --> 404 Page Not Found: c/Api/wifidog
ERROR - 2017-06-15 15:32:08 --> 404 Page Not Found: c/Api/wifidog
ERROR - 2017-06-15 15:33:08 --> 404 Page Not Found: c/Api/wifidog
ERROR - 2017-06-15 15:34:08 --> 404 Page Not Found: c/Api/wifidog
ERROR - 2017-06-15 15:35:08 --> 404 Page Not Found: c/Api/wifidog
ERROR - 2017-06-15 15:35:14 --> 404 Page Not Found: Res/fonts
ERROR - 2017-06-15 15:35:21 --> 404 Page Not Found: c/Api/wifidog
ERROR - 2017-06-15 15:36:08 --> 404 Page Not Found: c/Api/wifidog
ERROR - 2017-06-15 15:36:21 --> 404 Page Not Found: c/Api/wifidog
ERROR - 2017-06-15 15:37:08 --> 404 Page Not Found: c/Api/wifidog
ERROR - 2017-06-15 15:37:32 --> 404 Page Not Found: c/Wifidog/client
ERROR - 2017-06-15 15:37:47 --> 404 Page Not Found: Res/fonts
ERROR - 2017-06-15 15:37:56 --> Severity: Notice --> Undefined index: apid F:\PHP\Code\workspace\Portal2.0\app\models\api\wifidog\portal.php 18
ERROR - 2017-06-15 15:37:56 --> Severity: error --> Exception: 认证参数不正确， 取得页面失败 F:\PHP\Code\workspace\Portal2.0\app\models\api\wifidog\portal.php 22
ERROR - 2017-06-15 16:24:24 --> 404 Page Not Found: c/Wifidog/client
ERROR - 2017-06-15 16:24:52 --> 404 Page Not Found: Res/fonts
ERROR - 2017-06-15 16:26:30 --> 404 Page Not Found: Res/images
ERROR - 2017-06-15 16:26:33 --> 404 Page Not Found: Faviconico/index
ERROR - 2017-06-15 16:42:27 --> 404 Page Not Found: Res/images
ERROR - 2017-06-15 16:42:29 --> 404 Page Not Found: Faviconico/index
ERROR - 2017-06-15 16:59:32 --> Severity: Notice --> Undefined index: apname F:\PHP\Code\workspace\Portal2.0\gui\authstatistics.php 53
ERROR - 2017-06-15 17:13:39 --> 404 Page Not Found: /index
