ERROR - 2017-08-23 10:37:03 --> 404 Page Not Found: Res/images
ERROR - 2017-08-23 10:37:07 --> 404 Page Not Found: Faviconico/index
ERROR - 2017-08-23 11:21:35 --> 404 Page Not Found: c/Api/wifidog
ERROR - 2017-08-23 11:21:43 --> Severity: Notice --> Undefined index: url /Code/php/workspace/woms-portal/app/models/api/wifidog/Splash_mo.php 17
ERROR - 2017-08-23 12:02:51 --> 404 Page Not Found: Res/images
ERROR - 2017-08-23 12:02:55 --> 404 Page Not Found: Faviconico/index
ERROR - 2017-08-23 13:28:16 --> 404 Page Not Found: /index
ERROR - 2017-08-23 13:36:45 --> 404 Page Not Found: /index
ERROR - 2017-08-23 13:37:20 --> 404 Page Not Found: /index
ERROR - 2017-08-23 13:37:20 --> 404 Page Not Found: Faviconico/index
ERROR - 2017-08-23 13:38:10 --> 404 Page Not Found: /index
ERROR - 2017-08-23 13:38:11 --> 404 Page Not Found: Faviconico/index
ERROR - 2017-08-23 13:39:02 --> 404 Page Not Found: Res/images
ERROR - 2017-08-23 13:39:18 --> 404 Page Not Found: Faviconico/index
ERROR - 2017-08-23 13:39:34 --> 404 Page Not Found: /index
ERROR - 2017-08-23 13:39:34 --> 404 Page Not Found: Faviconico/index
ERROR - 2017-08-23 13:40:02 --> 404 Page Not Found: /index
ERROR - 2017-08-23 13:40:02 --> 404 Page Not Found: Faviconico/index
ERROR - 2017-08-23 14:06:40 --> 404 Page Not Found: /index
ERROR - 2017-08-23 14:12:37 --> 404 Page Not Found: Res/images
ERROR - 2017-08-23 14:12:44 --> 404 Page Not Found: Faviconico/index
ERROR - 2017-08-23 14:15:18 --> 404 Page Not Found: /index
ERROR - 2017-08-23 14:54:54 --> 404 Page Not Found: Res/images
ERROR - 2017-08-23 14:55:00 --> 404 Page Not Found: Faviconico/index
ERROR - 2017-08-23 15:03:45 --> 404 Page Not Found: c/Api/wifidog
ERROR - 2017-08-23 15:04:33 --> 404 Page Not Found: Faviconico/index
ERROR - 2017-08-23 15:14:46 --> 404 Page Not Found: /index
ERROR - 2017-08-23 15:15:14 --> Severity: Notice --> Undefined index: url /Code/php/workspace/woms-portal/app/models/api/wifidog/Splash_mo.php 17
ERROR - 2017-08-23 15:18:17 --> 404 Page Not Found: /index
ERROR - 2017-08-23 15:32:35 --> 404 Page Not Found: Res/images
ERROR - 2017-08-23 15:32:40 --> 404 Page Not Found: Faviconico/index
