ERROR - 2017-07-18 09:59:00 --> 404 Page Not Found: Mkadc/index
ERROR - 2017-07-18 09:59:00 --> 404 Page Not Found: Faviconico/index
ERROR - 2017-07-18 09:59:05 --> 404 Page Not Found: Res/images
ERROR - 2017-07-18 10:01:24 --> Severity: Parsing Error --> syntax error, unexpected '}' F:\PHP\Code\workspace\Portal2.0\app\models\admin\Corpmanage.php 54
ERROR - 2017-07-18 10:02:53 --> 404 Page Not Found: Res/js
ERROR - 2017-07-18 10:03:39 --> 404 Page Not Found: Res/js
ERROR - 2017-07-18 10:03:53 --> 404 Page Not Found: Res/js
ERROR - 2017-07-18 10:21:39 --> 404 Page Not Found: Res/js
ERROR - 2017-07-18 10:21:41 --> 404 Page Not Found: Res/js
ERROR - 2017-07-18 10:22:30 --> 404 Page Not Found: Res/js
ERROR - 2017-07-18 10:23:54 --> 404 Page Not Found: Res/js
ERROR - 2017-07-18 10:24:09 --> 404 Page Not Found: Res/js
ERROR - 2017-07-18 10:24:23 --> 404 Page Not Found: Res/js
ERROR - 2017-07-18 10:25:27 --> 404 Page Not Found: Res/js
ERROR - 2017-07-18 10:25:40 --> 404 Page Not Found: Res/js
ERROR - 2017-07-18 10:25:57 --> 404 Page Not Found: Res/js
ERROR - 2017-07-18 10:26:03 --> 404 Page Not Found: Res/js
ERROR - 2017-07-18 10:27:06 --> 404 Page Not Found: Res/js
ERROR - 2017-07-18 10:27:23 --> 404 Page Not Found: Res/js
ERROR - 2017-07-18 10:28:24 --> 404 Page Not Found: Res/js
ERROR - 2017-07-18 10:28:25 --> 404 Page Not Found: Res/js
ERROR - 2017-07-18 10:28:33 --> 404 Page Not Found: Res/js
ERROR - 2017-07-18 10:28:37 --> 404 Page Not Found: Res/js
ERROR - 2017-07-18 10:29:06 --> 404 Page Not Found: Res/js
ERROR - 2017-07-18 10:29:28 --> Severity: Notice --> Undefined variable: cpt F:\PHP\Code\workspace\Portal2.0\gui\adc\addcooperater.php 20
ERROR - 2017-07-18 10:29:28 --> Severity: Notice --> Undefined variable: cpt F:\PHP\Code\workspace\Portal2.0\gui\adc\addcooperater.php 24
ERROR - 2017-07-18 10:29:28 --> Severity: Notice --> Undefined variable: cpt F:\PHP\Code\workspace\Portal2.0\gui\adc\addcooperater.php 28
ERROR - 2017-07-18 10:29:28 --> Severity: Notice --> Undefined variable: cpt F:\PHP\Code\workspace\Portal2.0\gui\adc\addcooperater.php 32
ERROR - 2017-07-18 10:29:28 --> Severity: Notice --> Undefined variable: cpt F:\PHP\Code\workspace\Portal2.0\gui\adc\addcooperater.php 36
ERROR - 2017-07-18 10:29:28 --> Severity: Notice --> Undefined variable: cpt F:\PHP\Code\workspace\Portal2.0\gui\adc\addcooperater.php 40
ERROR - 2017-07-18 10:29:28 --> Severity: Notice --> Undefined variable: cpt F:\PHP\Code\workspace\Portal2.0\gui\adc\addcooperater.php 51
ERROR - 2017-07-18 10:29:28 --> 404 Page Not Found: Res/js
ERROR - 2017-07-18 10:31:00 --> 404 Page Not Found: Res/js
ERROR - 2017-07-18 10:31:24 --> 404 Page Not Found: Res/js
ERROR - 2017-07-18 10:32:10 --> 404 Page Not Found: Res/js
ERROR - 2017-07-18 10:45:21 --> 404 Page Not Found: Res/images
ERROR - 2017-07-18 10:45:28 --> 404 Page Not Found: Faviconico/index
ERROR - 2017-07-18 10:48:11 --> 404 Page Not Found: admin/Adc/allusers
ERROR - 2017-07-18 10:48:16 --> 404 Page Not Found: admin/Adc/allaps
ERROR - 2017-07-18 11:09:44 --> Query error: You have an error in your SQL syntax; check the manual that corresponds to your MySQL server version for the right syntax to use near '?' at line 1 - Invalid query: select apcountgrant from cooperater where cid = ?
ERROR - 2017-07-18 11:10:48 --> Severity: Parsing Error --> syntax error, unexpected ')' F:\PHP\Code\workspace\Portal2.0\app\models\admin\Corpmanage.php 132
ERROR - 2017-07-18 11:12:16 --> 404 Page Not Found: admin/Adc/allaps
ERROR - 2017-07-18 11:14:20 --> 404 Page Not Found: admin/Adc/allaps
ERROR - 2017-07-18 11:15:40 --> Severity: Warning --> include(footer.php): failed to open stream: No such file or directory F:\PHP\Code\workspace\Portal2.0\gui\adc\allaps.php 43
ERROR - 2017-07-18 11:15:40 --> Severity: Warning --> include(): Failed opening 'footer.php' for inclusion (include_path='.;C:\php\pear') F:\PHP\Code\workspace\Portal2.0\gui\adc\allaps.php 43
ERROR - 2017-07-18 11:16:13 --> Severity: Notice --> Undefined index: cid F:\PHP\Code\workspace\Portal2.0\app\models\admin\Corpmanage.php 283
ERROR - 2017-07-18 11:16:44 --> Severity: Notice --> Undefined index: cid F:\PHP\Code\workspace\Portal2.0\app\models\admin\Corpmanage.php 283
ERROR - 2017-07-18 11:16:56 --> Severity: Notice --> Undefined index: cid F:\PHP\Code\workspace\Portal2.0\app\models\admin\Corpmanage.php 283
ERROR - 2017-07-18 11:18:20 --> Severity: Notice --> Undefined index: cid F:\PHP\Code\workspace\Portal2.0\app\models\admin\Corpmanage.php 283
ERROR - 2017-07-18 11:18:20 --> Query error: You have an error in your SQL syntax; check the manual that corresponds to your MySQL server version for the right syntax to use near 'and a.apid = ac.apid order by a.createtime desc limit ?, ?' at line 1 - Invalid query: select a.*, ac.* ,(select count(u.apid) from user u where u.apid = a.apid and u.state = '1'and valid='1') olcount, (select count(u.apid) from user u where u.apid = a.apid) allcount from ap a, apconfig ac and a.apid = ac.apid order by a.createtime desc limit ?, ?
ERROR - 2017-07-18 11:18:23 --> Severity: Notice --> Undefined index: cid F:\PHP\Code\workspace\Portal2.0\app\models\admin\Corpmanage.php 283
ERROR - 2017-07-18 11:18:23 --> Query error: You have an error in your SQL syntax; check the manual that corresponds to your MySQL server version for the right syntax to use near 'and a.apid = ac.apid order by a.createtime desc limit ?, ?' at line 1 - Invalid query: select a.*, ac.* ,(select count(u.apid) from user u where u.apid = a.apid and u.state = '1'and valid='1') olcount, (select count(u.apid) from user u where u.apid = a.apid) allcount from ap a, apconfig ac and a.apid = ac.apid order by a.createtime desc limit ?, ?
ERROR - 2017-07-18 11:25:10 --> 404 Page Not Found: admin/Adc/allaps
ERROR - 2017-07-18 11:29:46 --> Query error: You have an error in your SQL syntax; check the manual that corresponds to your MySQL server version for the right syntax to use near 'a.cid = c.cid  order by c.createtime limit 0,50' at line 1 - Invalid query: select c.cpun, c.nickname, a.apid, a.apname, a.devtype, ac.usecountgrant from cooperater c left join (ap a, apconfig ac) on a.apid = ac.apid a.cid = c.cid  order by c.createtime limit 0,50
ERROR - 2017-07-18 11:30:26 --> Query error: You have an error in your SQL syntax; check the manual that corresponds to your MySQL server version for the right syntax to use near 'a.cid = c.cid  order by c.createtime limit 0,50' at line 1 - Invalid query: select c.cpun, c.nickname, a.apid, a.apname, a.devtype, ac.usecountgrant from cooperater c left join (ap a, apconfig ac) on a.apid = ac.apid a.cid = c.cid  order by c.createtime limit 0,50
ERROR - 2017-07-18 15:26:39 --> 404 Page Not Found: Res/js
ERROR - 2017-07-18 15:26:41 --> 404 Page Not Found: Res/js
ERROR - 2017-07-18 15:27:26 --> 404 Page Not Found: Res/js
ERROR - 2017-07-18 15:27:45 --> Severity: Notice --> Undefined variable: apid F:\PHP\Code\workspace\Portal2.0\gui\authstatistics.php 53
ERROR - 2017-07-18 15:27:51 --> Severity: error --> Exception: apid is error F:\PHP\Code\workspace\Portal2.0\app\models\cooperater\Apmanage.php 47
ERROR - 2017-07-18 15:28:01 --> Severity: error --> Exception: apid is error F:\PHP\Code\workspace\Portal2.0\app\models\cooperater\Apmanage.php 47
ERROR - 2017-07-18 15:28:15 --> 404 Page Not Found: Res/js
ERROR - 2017-07-18 15:28:33 --> 404 Page Not Found: Res/js
ERROR - 2017-07-18 15:28:33 --> 404 Page Not Found: Res/js
ERROR - 2017-07-18 15:28:57 --> Severity: error --> Exception: apid is error F:\PHP\Code\workspace\Portal2.0\app\models\cooperater\Apmanage.php 47
ERROR - 2017-07-18 15:33:16 --> 404 Page Not Found: Res/images
ERROR - 2017-07-18 15:33:21 --> 404 Page Not Found: Faviconico/index
ERROR - 2017-07-18 15:35:06 --> 404 Page Not Found: Res/js
ERROR - 2017-07-18 15:36:22 --> 404 Page Not Found: Res/js
ERROR - 2017-07-18 15:36:25 --> 404 Page Not Found: Res/js
ERROR - 2017-07-18 15:36:33 --> 404 Page Not Found: Res/js
ERROR - 2017-07-18 15:37:06 --> 404 Page Not Found: Res/js
ERROR - 2017-07-18 15:37:30 --> Severity: Notice --> Undefined variable: apid F:\PHP\Code\workspace\Portal2.0\gui\authstatistics.php 53
ERROR - 2017-07-18 16:01:00 --> Severity: Notice --> Undefined variable: apid F:\PHP\Code\workspace\Portal2.0\gui\authstatistics.php 53
ERROR - 2017-07-18 16:01:05 --> 404 Page Not Found: Res/js
ERROR - 2017-07-18 16:01:28 --> 404 Page Not Found: Res/js
ERROR - 2017-07-18 16:01:48 --> 404 Page Not Found: Res/js
ERROR - 2017-07-18 16:03:00 --> 404 Page Not Found: Res/js
ERROR - 2017-07-18 16:03:01 --> 404 Page Not Found: Res/js
ERROR - 2017-07-18 16:08:45 --> Query error: Unknown column 'a.cid' in 'on clause' - Invalid query: select c.cpun, c.nickname, a.apid, a.apname, a.devtype, ac.usecountgrant from ap a, apconfig ac left join cooperater c on  a.cid = c.cid where a.apid = ac.apid order by c.createtime limit 0,50
ERROR - 2017-07-18 16:14:24 --> 404 Page Not Found: Res/js
ERROR - 2017-07-18 16:14:26 --> 404 Page Not Found: Res/js
ERROR - 2017-07-18 16:14:30 --> 404 Page Not Found: Res/js
ERROR - 2017-07-18 16:14:38 --> 404 Page Not Found: Res/js
ERROR - 2017-07-18 16:14:41 --> 404 Page Not Found: Res/js
ERROR - 2017-07-18 16:14:46 --> 404 Page Not Found: Res/js
ERROR - 2017-07-18 16:14:48 --> 404 Page Not Found: Res/js
ERROR - 2017-07-18 16:15:16 --> 404 Page Not Found: admin/Adc/smscontentgrant
ERROR - 2017-07-18 16:15:25 --> 404 Page Not Found: Res/js
ERROR - 2017-07-18 16:15:27 --> 404 Page Not Found: Res/js
ERROR - 2017-07-18 16:15:29 --> 404 Page Not Found: Res/js
ERROR - 2017-07-18 16:15:45 --> 404 Page Not Found: Res/js
ERROR - 2017-07-18 16:15:49 --> 404 Page Not Found: Res/js
ERROR - 2017-07-18 16:15:58 --> 404 Page Not Found: Res/js
ERROR - 2017-07-18 16:16:09 --> 404 Page Not Found: Res/js
ERROR - 2017-07-18 16:16:55 --> 404 Page Not Found: Res/js
ERROR - 2017-07-18 16:17:15 --> 404 Page Not Found: Res/js
ERROR - 2017-07-18 16:19:10 --> 404 Page Not Found: Res/js
ERROR - 2017-07-18 16:20:30 --> 404 Page Not Found: Res/js
ERROR - 2017-07-18 16:20:32 --> 404 Page Not Found: Res/js
ERROR - 2017-07-18 16:22:24 --> 404 Page Not Found: Res/js
ERROR - 2017-07-18 16:30:21 --> 404 Page Not Found: Res/js
ERROR - 2017-07-18 16:30:28 --> 404 Page Not Found: Res/js
ERROR - 2017-07-18 16:33:27 --> 404 Page Not Found: Res/js
ERROR - 2017-07-18 16:53:02 --> 404 Page Not Found: Res/js
ERROR - 2017-07-18 16:53:03 --> 404 Page Not Found: Res/js
ERROR - 2017-07-18 17:05:11 --> 404 Page Not Found: Res/js
ERROR - 2017-07-18 17:05:12 --> 404 Page Not Found: cooperater/Corp/editcooperater
ERROR - 2017-07-18 17:05:15 --> 404 Page Not Found: Res/js
ERROR - 2017-07-18 17:05:41 --> 404 Page Not Found: Res/js
ERROR - 2017-07-18 17:05:43 --> 404 Page Not Found: cooperater/Corp/editcooperater
ERROR - 2017-07-18 17:05:52 --> 404 Page Not Found: Res/js
ERROR - 2017-07-18 17:05:53 --> Severity: error --> Exception: 请求失败, 错误码：2715 F:\PHP\Code\workspace\Portal2.0\app\models\admin\Corpmanage.php 35
ERROR - 2017-07-18 17:06:33 --> 404 Page Not Found: Res/js
ERROR - 2017-07-18 17:06:33 --> 404 Page Not Found: Res/js
ERROR - 2017-07-18 17:06:45 --> Severity: Parsing Error --> syntax error, unexpected '?>' F:\PHP\Code\workspace\Portal2.0\gui\adc\cooperater_edit.php 20
ERROR - 2017-07-18 17:06:47 --> 404 Page Not Found: Res/js
ERROR - 2017-07-18 17:06:49 --> Severity: Parsing Error --> syntax error, unexpected '?>' F:\PHP\Code\workspace\Portal2.0\gui\adc\cooperater_edit.php 20
ERROR - 2017-07-18 17:06:55 --> Severity: Parsing Error --> syntax error, unexpected '?>' F:\PHP\Code\workspace\Portal2.0\gui\adc\cooperater_edit.php 22
ERROR - 2017-07-18 17:06:57 --> 404 Page Not Found: Res/js
ERROR - 2017-07-18 17:06:58 --> Severity: Parsing Error --> syntax error, unexpected '?>' F:\PHP\Code\workspace\Portal2.0\gui\adc\cooperater_edit.php 22
ERROR - 2017-07-18 17:08:18 --> Severity: Notice --> Undefined index: uname F:\PHP\Code\workspace\Portal2.0\gui\adc\cooperater_edit.php 48
ERROR - 2017-07-18 17:08:18 --> 404 Page Not Found: Res/js
ERROR - 2017-07-18 17:08:36 --> 404 Page Not Found: Res/js
ERROR - 2017-07-18 17:08:50 --> 404 Page Not Found: Res/js
ERROR - 2017-07-18 17:08:52 --> 404 Page Not Found: Res/js
ERROR - 2017-07-18 17:09:38 --> 404 Page Not Found: Res/js
ERROR - 2017-07-18 17:13:47 --> 404 Page Not Found: Res/js
ERROR - 2017-07-18 17:13:48 --> 404 Page Not Found: Res/js
ERROR - 2017-07-18 17:13:49 --> 404 Page Not Found: Res/js
ERROR - 2017-07-18 17:13:52 --> 404 Page Not Found: Res/js
ERROR - 2017-07-18 17:15:39 --> 404 Page Not Found: Res/js
