ERROR - 2017-09-20 02:27:56 --> 404 Page Not Found: Res/images
ERROR - 2017-09-20 02:28:24 --> 404 Page Not Found: Faviconico/index
ERROR - 2017-09-20 02:28:35 --> 404 Page Not Found: /index
ERROR - 2017-09-20 02:28:36 --> 404 Page Not Found: /index
ERROR - 2017-09-20 03:18:30 --> Severity: error --> Exception: syntax error, unexpected ')' /Code/php/workspace/woms-portal/app/libraries/Func.php 154
ERROR - 2017-09-20 03:18:30 --> Severity: error --> Exception: syntax error, unexpected ')' /Code/php/workspace/woms-portal/app/libraries/Func.php 154
ERROR - 2017-09-20 03:18:30 --> Severity: error --> Exception: syntax error, unexpected ')' /Code/php/workspace/woms-portal/app/libraries/Func.php 154
ERROR - 2017-09-20 03:18:30 --> Severity: error --> Exception: syntax error, unexpected ')' /Code/php/workspace/woms-portal/app/libraries/Func.php 154
ERROR - 2017-09-20 03:18:30 --> Severity: error --> Exception: syntax error, unexpected ')' /Code/php/workspace/woms-portal/app/libraries/Func.php 154
ERROR - 2017-09-20 03:18:30 --> Severity: error --> Exception: syntax error, unexpected ')' /Code/php/workspace/woms-portal/app/libraries/Func.php 154
ERROR - 2017-09-20 03:18:30 --> Severity: error --> Exception: syntax error, unexpected ')' /Code/php/workspace/woms-portal/app/libraries/Func.php 154
ERROR - 2017-09-20 03:18:30 --> Severity: error --> Exception: syntax error, unexpected ')' /Code/php/workspace/woms-portal/app/libraries/Func.php 154
ERROR - 2017-09-20 03:18:30 --> Severity: error --> Exception: syntax error, unexpected ')' /Code/php/workspace/woms-portal/app/libraries/Func.php 154
ERROR - 2017-09-20 03:18:31 --> Severity: error --> Exception: syntax error, unexpected ')' /Code/php/workspace/woms-portal/app/libraries/Func.php 154
ERROR - 2017-09-20 03:18:32 --> Severity: error --> Exception: syntax error, unexpected ')' /Code/php/workspace/woms-portal/app/libraries/Func.php 154
ERROR - 2017-09-20 03:18:32 --> Severity: error --> Exception: syntax error, unexpected ')' /Code/php/workspace/woms-portal/app/libraries/Func.php 154
ERROR - 2017-09-20 03:18:32 --> Severity: error --> Exception: syntax error, unexpected ')' /Code/php/workspace/woms-portal/app/libraries/Func.php 154
ERROR - 2017-09-20 03:18:32 --> Severity: error --> Exception: syntax error, unexpected ')' /Code/php/workspace/woms-portal/app/libraries/Func.php 154
ERROR - 2017-09-20 03:18:32 --> Severity: error --> Exception: syntax error, unexpected ')' /Code/php/workspace/woms-portal/app/libraries/Func.php 154
ERROR - 2017-09-20 03:18:32 --> Severity: error --> Exception: syntax error, unexpected ')' /Code/php/workspace/woms-portal/app/libraries/Func.php 154
ERROR - 2017-09-20 03:18:32 --> Severity: error --> Exception: syntax error, unexpected ')' /Code/php/workspace/woms-portal/app/libraries/Func.php 154
ERROR - 2017-09-20 03:18:33 --> Severity: error --> Exception: syntax error, unexpected ')' /Code/php/workspace/woms-portal/app/libraries/Func.php 154
ERROR - 2017-09-20 03:18:33 --> Severity: error --> Exception: syntax error, unexpected ')' /Code/php/workspace/woms-portal/app/libraries/Func.php 154
ERROR - 2017-09-20 03:18:33 --> Severity: error --> Exception: syntax error, unexpected ')' /Code/php/workspace/woms-portal/app/libraries/Func.php 154
ERROR - 2017-09-20 03:18:33 --> Severity: error --> Exception: syntax error, unexpected ')' /Code/php/workspace/woms-portal/app/libraries/Func.php 154
ERROR - 2017-09-20 03:18:33 --> Severity: error --> Exception: syntax error, unexpected ')' /Code/php/workspace/woms-portal/app/libraries/Func.php 154
ERROR - 2017-09-20 03:18:33 --> Severity: error --> Exception: syntax error, unexpected ')' /Code/php/workspace/woms-portal/app/libraries/Func.php 154
ERROR - 2017-09-20 03:18:33 --> Severity: error --> Exception: syntax error, unexpected ')' /Code/php/workspace/woms-portal/app/libraries/Func.php 154
ERROR - 2017-09-20 03:18:33 --> Severity: error --> Exception: syntax error, unexpected ')' /Code/php/workspace/woms-portal/app/libraries/Func.php 154
ERROR - 2017-09-20 03:18:39 --> Severity: error --> Exception: syntax error, unexpected ')' /Code/php/workspace/woms-portal/app/libraries/Func.php 154
ERROR - 2017-09-20 03:19:09 --> Severity: error --> Exception: syntax error, unexpected ')' /Code/php/workspace/woms-portal/app/libraries/Func.php 154
ERROR - 2017-09-20 03:19:39 --> Severity: error --> Exception: syntax error, unexpected ')' /Code/php/workspace/woms-portal/app/libraries/Func.php 154
ERROR - 2017-09-20 06:49:43 --> Severity: error --> Exception: syntax error, unexpected ')' /Code/php/workspace/woms-portal/app/libraries/Mredis.php 26
ERROR - 2017-09-20 06:50:43 --> Severity: error --> Exception: syntax error, unexpected ')' /Code/php/workspace/woms-portal/app/libraries/Mredis.php 26
ERROR - 2017-09-20 06:51:43 --> Severity: error --> Exception: syntax error, unexpected ')' /Code/php/workspace/woms-portal/app/libraries/Mredis.php 26
ERROR - 2017-09-20 06:52:43 --> Severity: error --> Exception: syntax error, unexpected ')' /Code/php/workspace/woms-portal/app/libraries/Mredis.php 26
ERROR - 2017-09-20 06:53:43 --> Severity: error --> Exception: syntax error, unexpected ')' /Code/php/workspace/woms-portal/app/libraries/Mredis.php 26
ERROR - 2017-09-20 06:54:43 --> Severity: error --> Exception: syntax error, unexpected ')' /Code/php/workspace/woms-portal/app/libraries/Mredis.php 26
ERROR - 2017-09-20 06:55:43 --> Severity: error --> Exception: syntax error, unexpected ')' /Code/php/workspace/woms-portal/app/libraries/Mredis.php 26
ERROR - 2017-09-20 06:56:43 --> Severity: error --> Exception: syntax error, unexpected ')' /Code/php/workspace/woms-portal/app/libraries/Mredis.php 26
