ERROR - 2017-08-22 09:14:50 --> 404 Page Not Found: Res/images
ERROR - 2017-08-22 09:14:55 --> 404 Page Not Found: Faviconico/index
ERROR - 2017-08-22 09:15:09 --> Severity: Warning --> array_merge(): Argument #1 is not an array /Code/php/workspace/woms-portal/app/models/cooperater/Tmpmanage.php 190
ERROR - 2017-08-22 09:15:09 --> Severity: Warning --> Invalid argument supplied for foreach() /Code/php/workspace/woms-portal/app/models/cooperater/Tmpmanage.php 192
ERROR - 2017-08-22 10:03:26 --> 404 Page Not Found: Res/images
ERROR - 2017-08-22 10:03:31 --> 404 Page Not Found: Faviconico/index
ERROR - 2017-08-22 10:22:41 --> 404 Page Not Found: c/Api/wifidog
ERROR - 2017-08-22 10:23:14 --> 404 Page Not Found: Apple-touch-icon-precomposedpng/index
ERROR - 2017-08-22 10:23:14 --> 404 Page Not Found: Apple-touch-icon-precomposedpng/index
ERROR - 2017-08-22 10:23:14 --> 404 Page Not Found: Apple-touch-iconpng/index
ERROR - 2017-08-22 10:23:14 --> 404 Page Not Found: Apple-touch-iconpng/index
ERROR - 2017-08-22 10:23:14 --> 404 Page Not Found: c/Api/wifidog
ERROR - 2017-08-22 10:23:14 --> 404 Page Not Found: c/Api/wifidog
ERROR - 2017-08-22 10:23:14 --> 404 Page Not Found: Faviconico/index
ERROR - 2017-08-22 10:23:14 --> 404 Page Not Found: Faviconico/index
ERROR - 2017-08-22 10:23:14 --> 404 Page Not Found: Apple-touch-icon-precomposedpng/index
ERROR - 2017-08-22 10:23:14 --> 404 Page Not Found: Apple-touch-icon-precomposedpng/index
ERROR - 2017-08-22 10:23:14 --> 404 Page Not Found: Apple-touch-iconpng/index
ERROR - 2017-08-22 10:23:14 --> 404 Page Not Found: Apple-touch-iconpng/index
ERROR - 2017-08-22 10:23:14 --> 404 Page Not Found: c/Api/wifidog
ERROR - 2017-08-22 10:23:14 --> 404 Page Not Found: c/Api/wifidog
ERROR - 2017-08-22 10:23:14 --> 404 Page Not Found: Faviconico/index
ERROR - 2017-08-22 10:23:14 --> 404 Page Not Found: Faviconico/index
ERROR - 2017-08-22 10:23:14 --> 404 Page Not Found: Apple-touch-icon-precomposedpng/index
ERROR - 2017-08-22 10:23:14 --> 404 Page Not Found: Apple-touch-icon-precomposedpng/index
ERROR - 2017-08-22 10:23:14 --> 404 Page Not Found: Apple-touch-iconpng/index
ERROR - 2017-08-22 10:23:14 --> 404 Page Not Found: Apple-touch-iconpng/index
ERROR - 2017-08-22 10:23:14 --> 404 Page Not Found: c/Api/wifidog
ERROR - 2017-08-22 10:23:14 --> 404 Page Not Found: c/Api/wifidog
ERROR - 2017-08-22 10:23:14 --> 404 Page Not Found: Faviconico/index
ERROR - 2017-08-22 10:23:14 --> 404 Page Not Found: Faviconico/index
ERROR - 2017-08-22 10:23:14 --> 404 Page Not Found: Apple-touch-icon-precomposedpng/index
ERROR - 2017-08-22 10:23:14 --> 404 Page Not Found: Apple-touch-icon-precomposedpng/index
ERROR - 2017-08-22 10:23:14 --> 404 Page Not Found: Apple-touch-iconpng/index
ERROR - 2017-08-22 10:23:14 --> 404 Page Not Found: Apple-touch-iconpng/index
ERROR - 2017-08-22 10:23:14 --> 404 Page Not Found: c/Api/wifidog
ERROR - 2017-08-22 10:23:14 --> 404 Page Not Found: c/Api/wifidog
ERROR - 2017-08-22 10:23:14 --> 404 Page Not Found: Faviconico/index
ERROR - 2017-08-22 10:23:14 --> 404 Page Not Found: Faviconico/index
ERROR - 2017-08-22 10:23:14 --> 404 Page Not Found: Apple-touch-icon-precomposedpng/index
ERROR - 2017-08-22 10:23:14 --> 404 Page Not Found: Apple-touch-icon-precomposedpng/index
ERROR - 2017-08-22 10:23:14 --> 404 Page Not Found: Apple-touch-iconpng/index
ERROR - 2017-08-22 10:23:14 --> 404 Page Not Found: Apple-touch-iconpng/index
ERROR - 2017-08-22 10:23:14 --> 404 Page Not Found: c/Api/wifidog
ERROR - 2017-08-22 10:23:14 --> 404 Page Not Found: c/Api/wifidog
ERROR - 2017-08-22 10:23:14 --> 404 Page Not Found: Faviconico/index
ERROR - 2017-08-22 10:23:14 --> 404 Page Not Found: Faviconico/index
ERROR - 2017-08-22 10:23:14 --> 404 Page Not Found: Apple-touch-icon-precomposedpng/index
ERROR - 2017-08-22 10:23:14 --> 404 Page Not Found: Apple-touch-icon-precomposedpng/index
ERROR - 2017-08-22 10:23:14 --> 404 Page Not Found: Apple-touch-iconpng/index
ERROR - 2017-08-22 10:23:14 --> 404 Page Not Found: Apple-touch-iconpng/index
ERROR - 2017-08-22 10:23:14 --> 404 Page Not Found: c/Api/wifidog
ERROR - 2017-08-22 10:23:14 --> 404 Page Not Found: c/Api/wifidog
ERROR - 2017-08-22 10:23:14 --> 404 Page Not Found: Faviconico/index
ERROR - 2017-08-22 10:23:14 --> 404 Page Not Found: Faviconico/index
ERROR - 2017-08-22 10:23:14 --> 404 Page Not Found: Apple-touch-icon-precomposedpng/index
ERROR - 2017-08-22 10:23:14 --> 404 Page Not Found: Apple-touch-icon-precomposedpng/index
ERROR - 2017-08-22 10:23:14 --> 404 Page Not Found: Apple-touch-iconpng/index
ERROR - 2017-08-22 10:23:14 --> 404 Page Not Found: Apple-touch-iconpng/index
ERROR - 2017-08-22 10:23:14 --> 404 Page Not Found: c/Api/wifidog
ERROR - 2017-08-22 10:23:14 --> 404 Page Not Found: c/Api/wifidog
ERROR - 2017-08-22 10:23:14 --> 404 Page Not Found: Faviconico/index
ERROR - 2017-08-22 10:23:14 --> 404 Page Not Found: Faviconico/index
ERROR - 2017-08-22 10:23:14 --> 404 Page Not Found: Apple-touch-icon-precomposedpng/index
ERROR - 2017-08-22 10:23:14 --> 404 Page Not Found: Apple-touch-icon-precomposedpng/index
ERROR - 2017-08-22 10:23:14 --> 404 Page Not Found: Apple-touch-iconpng/index
ERROR - 2017-08-22 10:23:14 --> 404 Page Not Found: Apple-touch-iconpng/index
ERROR - 2017-08-22 10:23:14 --> 404 Page Not Found: c/Api/wifidog
ERROR - 2017-08-22 10:23:14 --> 404 Page Not Found: c/Api/wifidog
ERROR - 2017-08-22 10:23:14 --> 404 Page Not Found: Faviconico/index
ERROR - 2017-08-22 10:23:14 --> 404 Page Not Found: Faviconico/index
ERROR - 2017-08-22 10:23:14 --> 404 Page Not Found: Apple-touch-icon-precomposedpng/index
ERROR - 2017-08-22 10:23:14 --> 404 Page Not Found: Apple-touch-iconpng/index
ERROR - 2017-08-22 10:23:14 --> 404 Page Not Found: c/Api/wifidog
ERROR - 2017-08-22 10:23:14 --> 404 Page Not Found: Faviconico/index
ERROR - 2017-08-22 10:23:14 --> 404 Page Not Found: Apple-touch-icon-precomposedpng/index
ERROR - 2017-08-22 10:23:14 --> 404 Page Not Found: Apple-touch-iconpng/index
ERROR - 2017-08-22 10:23:15 --> 404 Page Not Found: c/Api/wifidog
ERROR - 2017-08-22 10:23:15 --> 404 Page Not Found: Faviconico/index
ERROR - 2017-08-22 10:23:15 --> 404 Page Not Found: Apple-touch-icon-precomposedpng/index
ERROR - 2017-08-22 10:23:15 --> 404 Page Not Found: Apple-touch-iconpng/index
ERROR - 2017-08-22 10:23:15 --> 404 Page Not Found: c/Api/wifidog
ERROR - 2017-08-22 10:23:15 --> 404 Page Not Found: Faviconico/index
ERROR - 2017-08-22 10:23:15 --> 404 Page Not Found: Apple-touch-icon-precomposedpng/index
ERROR - 2017-08-22 10:23:15 --> 404 Page Not Found: Apple-touch-iconpng/index
ERROR - 2017-08-22 10:23:15 --> 404 Page Not Found: c/Api/wifidog
ERROR - 2017-08-22 10:23:15 --> 404 Page Not Found: Faviconico/index
ERROR - 2017-08-22 10:23:15 --> 404 Page Not Found: Apple-touch-icon-precomposedpng/index
ERROR - 2017-08-22 10:23:15 --> 404 Page Not Found: Apple-touch-iconpng/index
ERROR - 2017-08-22 10:23:15 --> 404 Page Not Found: c/Api/wifidog
ERROR - 2017-08-22 10:23:15 --> 404 Page Not Found: Faviconico/index
ERROR - 2017-08-22 10:23:15 --> 404 Page Not Found: Apple-touch-icon-precomposedpng/index
ERROR - 2017-08-22 10:23:15 --> 404 Page Not Found: Apple-touch-iconpng/index
ERROR - 2017-08-22 10:23:15 --> 404 Page Not Found: c/Api/wifidog
ERROR - 2017-08-22 10:23:15 --> 404 Page Not Found: Faviconico/index
ERROR - 2017-08-22 10:23:15 --> 404 Page Not Found: Apple-touch-icon-precomposedpng/index
ERROR - 2017-08-22 10:23:15 --> 404 Page Not Found: Apple-touch-iconpng/index
ERROR - 2017-08-22 10:23:15 --> 404 Page Not Found: c/Api/wifidog
ERROR - 2017-08-22 10:23:15 --> 404 Page Not Found: Faviconico/index
ERROR - 2017-08-22 10:23:15 --> 404 Page Not Found: Apple-touch-icon-precomposedpng/index
ERROR - 2017-08-22 10:23:15 --> 404 Page Not Found: Apple-touch-iconpng/index
ERROR - 2017-08-22 10:23:15 --> 404 Page Not Found: c/Api/wifidog
ERROR - 2017-08-22 10:23:15 --> 404 Page Not Found: Faviconico/index
ERROR - 2017-08-22 10:23:19 --> 404 Page Not Found: c/Api/wifidog
ERROR - 2017-08-22 10:23:27 --> 404 Page Not Found: Apple-touch-icon-precomposedpng/index
ERROR - 2017-08-22 10:23:27 --> 404 Page Not Found: Apple-touch-iconpng/index
ERROR - 2017-08-22 10:23:27 --> 404 Page Not Found: c/Api/wifidog
ERROR - 2017-08-22 10:23:27 --> 404 Page Not Found: Faviconico/index
ERROR - 2017-08-22 10:23:27 --> 404 Page Not Found: Apple-touch-icon-precomposedpng/index
ERROR - 2017-08-22 10:23:27 --> 404 Page Not Found: Apple-touch-iconpng/index
ERROR - 2017-08-22 10:23:27 --> 404 Page Not Found: c/Api/wifidog
ERROR - 2017-08-22 10:23:27 --> 404 Page Not Found: Faviconico/index
ERROR - 2017-08-22 10:23:27 --> 404 Page Not Found: Apple-touch-icon-precomposedpng/index
ERROR - 2017-08-22 10:23:28 --> 404 Page Not Found: Apple-touch-iconpng/index
ERROR - 2017-08-22 10:23:28 --> 404 Page Not Found: c/Api/wifidog
ERROR - 2017-08-22 10:23:28 --> 404 Page Not Found: Faviconico/index
ERROR - 2017-08-22 10:23:28 --> 404 Page Not Found: Apple-touch-icon-precomposedpng/index
ERROR - 2017-08-22 10:23:28 --> 404 Page Not Found: Apple-touch-iconpng/index
ERROR - 2017-08-22 10:23:28 --> 404 Page Not Found: c/Api/wifidog
ERROR - 2017-08-22 10:23:28 --> 404 Page Not Found: Faviconico/index
ERROR - 2017-08-22 10:23:28 --> 404 Page Not Found: Apple-touch-icon-precomposedpng/index
ERROR - 2017-08-22 10:23:28 --> 404 Page Not Found: Apple-touch-iconpng/index
ERROR - 2017-08-22 10:23:28 --> 404 Page Not Found: c/Api/wifidog
ERROR - 2017-08-22 10:23:28 --> 404 Page Not Found: Faviconico/index
ERROR - 2017-08-22 10:23:28 --> 404 Page Not Found: Apple-touch-icon-precomposedpng/index
ERROR - 2017-08-22 10:23:28 --> 404 Page Not Found: Apple-touch-iconpng/index
ERROR - 2017-08-22 10:23:28 --> 404 Page Not Found: c/Api/wifidog
ERROR - 2017-08-22 10:23:28 --> 404 Page Not Found: Faviconico/index
ERROR - 2017-08-22 10:23:28 --> 404 Page Not Found: Apple-touch-icon-precomposedpng/index
ERROR - 2017-08-22 10:23:28 --> 404 Page Not Found: Apple-touch-iconpng/index
ERROR - 2017-08-22 10:23:28 --> 404 Page Not Found: c/Api/wifidog
ERROR - 2017-08-22 10:23:28 --> 404 Page Not Found: Faviconico/index
ERROR - 2017-08-22 10:23:28 --> 404 Page Not Found: Apple-touch-icon-precomposedpng/index
ERROR - 2017-08-22 10:23:28 --> 404 Page Not Found: Apple-touch-iconpng/index
ERROR - 2017-08-22 10:23:28 --> 404 Page Not Found: c/Api/wifidog
ERROR - 2017-08-22 10:23:28 --> 404 Page Not Found: Faviconico/index
ERROR - 2017-08-22 10:23:28 --> 404 Page Not Found: Apple-touch-icon-precomposedpng/index
ERROR - 2017-08-22 10:23:28 --> 404 Page Not Found: Apple-touch-iconpng/index
ERROR - 2017-08-22 10:23:28 --> 404 Page Not Found: c/Api/wifidog
ERROR - 2017-08-22 10:23:28 --> 404 Page Not Found: Faviconico/index
ERROR - 2017-08-22 10:23:28 --> 404 Page Not Found: Apple-touch-icon-precomposedpng/index
ERROR - 2017-08-22 10:23:28 --> 404 Page Not Found: Apple-touch-iconpng/index
ERROR - 2017-08-22 10:23:28 --> 404 Page Not Found: c/Api/wifidog
ERROR - 2017-08-22 10:23:28 --> 404 Page Not Found: Faviconico/index
ERROR - 2017-08-22 10:23:29 --> 404 Page Not Found: Apple-touch-icon-precomposedpng/index
ERROR - 2017-08-22 10:23:29 --> 404 Page Not Found: Apple-touch-iconpng/index
ERROR - 2017-08-22 10:23:29 --> 404 Page Not Found: c/Api/wifidog
ERROR - 2017-08-22 10:23:29 --> 404 Page Not Found: Faviconico/index
ERROR - 2017-08-22 10:23:29 --> 404 Page Not Found: Apple-touch-icon-precomposedpng/index
ERROR - 2017-08-22 10:23:29 --> 404 Page Not Found: Apple-touch-iconpng/index
ERROR - 2017-08-22 10:23:29 --> 404 Page Not Found: c/Api/wifidog
ERROR - 2017-08-22 10:23:29 --> 404 Page Not Found: Faviconico/index
ERROR - 2017-08-22 10:23:29 --> 404 Page Not Found: Apple-touch-icon-precomposedpng/index
ERROR - 2017-08-22 10:23:29 --> 404 Page Not Found: Apple-touch-iconpng/index
ERROR - 2017-08-22 10:23:29 --> 404 Page Not Found: c/Api/wifidog
ERROR - 2017-08-22 10:23:29 --> 404 Page Not Found: Faviconico/index
ERROR - 2017-08-22 10:23:29 --> 404 Page Not Found: Apple-touch-icon-precomposedpng/index
ERROR - 2017-08-22 10:23:29 --> 404 Page Not Found: Apple-touch-iconpng/index
ERROR - 2017-08-22 10:23:29 --> 404 Page Not Found: c/Api/wifidog
ERROR - 2017-08-22 10:23:29 --> 404 Page Not Found: Faviconico/index
ERROR - 2017-08-22 10:23:29 --> 404 Page Not Found: Apple-touch-icon-precomposedpng/index
ERROR - 2017-08-22 10:23:29 --> 404 Page Not Found: Apple-touch-iconpng/index
ERROR - 2017-08-22 10:23:29 --> 404 Page Not Found: c/Api/wifidog
ERROR - 2017-08-22 10:23:29 --> 404 Page Not Found: Faviconico/index
ERROR - 2017-08-22 10:23:29 --> 404 Page Not Found: Apple-touch-icon-precomposedpng/index
ERROR - 2017-08-22 10:23:29 --> 404 Page Not Found: Apple-touch-iconpng/index
ERROR - 2017-08-22 10:23:29 --> 404 Page Not Found: c/Api/wifidog
ERROR - 2017-08-22 10:23:29 --> 404 Page Not Found: Faviconico/index
ERROR - 2017-08-22 10:23:29 --> 404 Page Not Found: Apple-touch-icon-precomposedpng/index
ERROR - 2017-08-22 10:23:29 --> 404 Page Not Found: Apple-touch-iconpng/index
ERROR - 2017-08-22 10:23:29 --> 404 Page Not Found: c/Api/wifidog
ERROR - 2017-08-22 10:23:29 --> 404 Page Not Found: Faviconico/index
ERROR - 2017-08-22 10:23:29 --> 404 Page Not Found: Apple-touch-icon-precomposedpng/index
ERROR - 2017-08-22 10:23:29 --> 404 Page Not Found: Apple-touch-iconpng/index
ERROR - 2017-08-22 10:23:29 --> 404 Page Not Found: c/Api/wifidog
ERROR - 2017-08-22 10:23:29 --> 404 Page Not Found: Faviconico/index
ERROR - 2017-08-22 10:23:29 --> 404 Page Not Found: Apple-touch-icon-precomposedpng/index
ERROR - 2017-08-22 10:23:30 --> 404 Page Not Found: Apple-touch-iconpng/index
ERROR - 2017-08-22 10:23:30 --> 404 Page Not Found: c/Api/wifidog
ERROR - 2017-08-22 10:23:30 --> 404 Page Not Found: Faviconico/index
ERROR - 2017-08-22 10:23:30 --> 404 Page Not Found: Apple-touch-icon-precomposedpng/index
ERROR - 2017-08-22 10:23:30 --> 404 Page Not Found: Apple-touch-iconpng/index
ERROR - 2017-08-22 10:23:30 --> 404 Page Not Found: c/Api/wifidog
ERROR - 2017-08-22 10:23:30 --> 404 Page Not Found: Faviconico/index
ERROR - 2017-08-22 10:23:32 --> 404 Page Not Found: Apple-touch-icon-precomposedpng/index
ERROR - 2017-08-22 10:23:32 --> 404 Page Not Found: Apple-touch-iconpng/index
ERROR - 2017-08-22 10:23:32 --> 404 Page Not Found: c/Api/wifidog
ERROR - 2017-08-22 10:23:32 --> 404 Page Not Found: Faviconico/index
ERROR - 2017-08-22 10:23:33 --> 404 Page Not Found: Apple-touch-icon-precomposedpng/index
ERROR - 2017-08-22 10:23:33 --> 404 Page Not Found: Apple-touch-iconpng/index
ERROR - 2017-08-22 10:23:33 --> 404 Page Not Found: c/Api/wifidog
ERROR - 2017-08-22 10:23:33 --> 404 Page Not Found: Faviconico/index
ERROR - 2017-08-22 10:23:33 --> 404 Page Not Found: Apple-touch-icon-precomposedpng/index
ERROR - 2017-08-22 10:23:33 --> 404 Page Not Found: Apple-touch-iconpng/index
ERROR - 2017-08-22 10:23:33 --> 404 Page Not Found: c/Api/wifidog
ERROR - 2017-08-22 10:23:33 --> 404 Page Not Found: Faviconico/index
ERROR - 2017-08-22 10:23:33 --> 404 Page Not Found: Apple-touch-icon-precomposedpng/index
ERROR - 2017-08-22 10:23:33 --> 404 Page Not Found: Apple-touch-iconpng/index
ERROR - 2017-08-22 10:23:33 --> 404 Page Not Found: c/Api/wifidog
ERROR - 2017-08-22 10:23:33 --> 404 Page Not Found: Faviconico/index
ERROR - 2017-08-22 10:23:34 --> 404 Page Not Found: Apple-touch-icon-precomposedpng/index
ERROR - 2017-08-22 10:23:34 --> 404 Page Not Found: Apple-touch-iconpng/index
ERROR - 2017-08-22 10:23:34 --> 404 Page Not Found: c/Api/wifidog
ERROR - 2017-08-22 10:23:34 --> 404 Page Not Found: Faviconico/index
ERROR - 2017-08-22 10:23:34 --> 404 Page Not Found: Apple-touch-icon-precomposedpng/index
ERROR - 2017-08-22 10:23:34 --> 404 Page Not Found: Apple-touch-iconpng/index
ERROR - 2017-08-22 10:23:34 --> 404 Page Not Found: c/Api/wifidog
ERROR - 2017-08-22 10:23:34 --> 404 Page Not Found: Faviconico/index
ERROR - 2017-08-22 10:23:34 --> 404 Page Not Found: Apple-touch-icon-precomposedpng/index
ERROR - 2017-08-22 10:23:34 --> 404 Page Not Found: Apple-touch-iconpng/index
ERROR - 2017-08-22 10:23:34 --> 404 Page Not Found: c/Api/wifidog
ERROR - 2017-08-22 10:23:34 --> 404 Page Not Found: Faviconico/index
ERROR - 2017-08-22 10:23:34 --> 404 Page Not Found: Apple-touch-icon-precomposedpng/index
ERROR - 2017-08-22 10:23:34 --> 404 Page Not Found: Apple-touch-iconpng/index
ERROR - 2017-08-22 10:23:34 --> 404 Page Not Found: c/Api/wifidog
ERROR - 2017-08-22 10:23:34 --> 404 Page Not Found: Faviconico/index
ERROR - 2017-08-22 10:25:19 --> 404 Page Not Found: c/Api/wifidog
ERROR - 2017-08-22 10:26:41 --> 404 Page Not Found: c/Api/wifidog
ERROR - 2017-08-22 10:58:53 --> 404 Page Not Found: Res/js
ERROR - 2017-08-22 10:59:38 --> 404 Page Not Found: Res/js
ERROR - 2017-08-22 11:01:37 --> 404 Page Not Found: Res/js
ERROR - 2017-08-22 11:02:35 --> 404 Page Not Found: Res/js
ERROR - 2017-08-22 11:07:51 --> 404 Page Not Found: Res/js
ERROR - 2017-08-22 13:54:37 --> 404 Page Not Found: c/Api/wifidog
ERROR - 2017-08-22 13:54:51 --> 404 Page Not Found: c/Api/wifidog
ERROR - 2017-08-22 13:54:51 --> 404 Page Not Found: c/Api/wifidog
ERROR - 2017-08-22 14:14:05 --> Severity: Notice --> Use of undefined constant wanip - assumed 'wanip' /Code/php/workspace/woms-portal/app/models/api/wifidog/Splash_mo.php 177
ERROR - 2017-08-22 14:14:24 --> Severity: Notice --> Use of undefined constant wanip - assumed 'wanip' /Code/php/workspace/woms-portal/app/models/api/wifidog/Splash_mo.php 177
