ERROR - 2017-08-31 14:59:53 --> 404 Page Not Found: Res/images
ERROR - 2017-08-31 14:59:55 --> 404 Page Not Found: Faviconico/index
ERROR - 2017-08-31 15:04:54 --> 404 Page Not Found: admin/Adc/aplist
ERROR - 2017-08-31 15:05:46 --> 404 Page Not Found: Res/images
ERROR - 2017-08-31 15:05:49 --> 404 Page Not Found: Faviconico/index
ERROR - 2017-08-31 15:12:06 --> 404 Page Not Found: c/Api/wifidog
ERROR - 2017-08-31 15:12:34 --> 404 Page Not Found: c/Api/wifidog
ERROR - 2017-08-31 15:14:00 --> 404 Page Not Found: c/Api/wifidog
ERROR - 2017-08-31 15:14:45 --> 404 Page Not Found: c/Api/wifidog
ERROR - 2017-08-31 15:15:25 --> 404 Page Not Found: c/Api/wifidog
ERROR - 2017-08-31 15:16:05 --> 404 Page Not Found: /index
ERROR - 2017-08-31 15:16:30 --> 404 Page Not Found: c/Api/wifidog
ERROR - 2017-08-31 15:16:47 --> 404 Page Not Found: c/Api/wifidog
ERROR - 2017-08-31 15:17:13 --> 404 Page Not Found: c/Api/wifidog
ERROR - 2017-08-31 15:17:25 --> 404 Page Not Found: c/Api/wifidog
ERROR - 2017-08-31 15:18:09 --> 404 Page Not Found: c/Api/wifidog
ERROR - 2017-08-31 15:18:29 --> 404 Page Not Found: c/Api/wifidog
ERROR - 2017-08-31 15:18:51 --> 404 Page Not Found: c/Api/wifidog
ERROR - 2017-08-31 15:19:16 --> 404 Page Not Found: c/Api/wifidog
ERROR - 2017-08-31 15:19:41 --> 404 Page Not Found: c/Api/wifidog
