ERROR - 2017-07-25 09:22:06 --> 404 Page Not Found: admin/Adc/aplist
ERROR - 2017-07-25 09:22:06 --> 404 Page Not Found: Faviconico/index
ERROR - 2017-07-25 09:22:07 --> 404 Page Not Found: admin/Adc/aplist
ERROR - 2017-07-25 09:22:10 --> 404 Page Not Found: Adc/index
ERROR - 2017-07-25 09:22:15 --> 404 Page Not Found: Res/images
ERROR - 2017-07-25 09:22:21 --> 404 Page Not Found: admin/Factory/sysmanage
ERROR - 2017-07-25 09:22:21 --> 404 Page Not Found: admin/Factory/sysmanage
ERROR - 2017-07-25 09:32:54 --> 404 Page Not Found: admin/Factory/sysmanage
ERROR - 2017-07-25 09:32:57 --> 404 Page Not Found: Res/js
ERROR - 2017-07-25 09:33:07 --> 404 Page Not Found: Res/js
ERROR - 2017-07-25 09:33:11 --> 404 Page Not Found: admin/Factory/sysmanage
ERROR - 2017-07-25 09:33:59 --> 404 Page Not Found: Res/js
ERROR - 2017-07-25 09:34:03 --> Severity: Error --> Call to a member function num_rows() on boolean F:\PHP\Code\workspace\Portal2.0\app\models\admin\Sysmanage.php 76
ERROR - 2017-07-25 09:50:44 --> Query error: You have an error in your SQL syntax; check the manual that corresponds to your MySQL server version for the right syntax to use near 'sysnotice where display = "1"' at line 1 - Invalid query: select id, title, addtime form sysnotice where display = "1"
ERROR - 2017-07-25 09:54:11 --> Severity: Notice --> Undefined variable: notice F:\PHP\Code\workspace\Portal2.0\gui\adc\systemnotice.php 48
ERROR - 2017-07-25 09:54:11 --> Severity: Warning --> Invalid argument supplied for foreach() F:\PHP\Code\workspace\Portal2.0\gui\adc\systemnotice.php 48
ERROR - 2017-07-25 09:54:53 --> Severity: Notice --> Undefined variable: notice F:\PHP\Code\workspace\Portal2.0\gui\adc\systemnotice.php 48
ERROR - 2017-07-25 09:54:53 --> Severity: Warning --> Invalid argument supplied for foreach() F:\PHP\Code\workspace\Portal2.0\gui\adc\systemnotice.php 48
ERROR - 2017-07-25 10:04:21 --> 404 Page Not Found: Res/js
ERROR - 2017-07-25 10:04:48 --> 404 Page Not Found: Res/js
ERROR - 2017-07-25 10:19:03 --> 404 Page Not Found: Res/images
ERROR - 2017-07-25 10:19:05 --> 404 Page Not Found: Faviconico/index
ERROR - 2017-07-25 10:21:23 --> 404 Page Not Found: Res/js
ERROR - 2017-07-25 10:21:30 --> 404 Page Not Found: Res/js
ERROR - 2017-07-25 10:21:30 --> 404 Page Not Found: Res/js
ERROR - 2017-07-25 10:22:22 --> 404 Page Not Found: Res/js
ERROR - 2017-07-25 10:31:05 --> 404 Page Not Found: Res/js
ERROR - 2017-07-25 10:32:36 --> 404 Page Not Found: Res/images
ERROR - 2017-07-25 10:32:37 --> 404 Page Not Found: Faviconico/index
ERROR - 2017-07-25 10:33:00 --> 404 Page Not Found: Res/js
ERROR - 2017-07-25 10:33:01 --> 404 Page Not Found: Res/js
ERROR - 2017-07-25 10:33:01 --> 404 Page Not Found: Res/js
ERROR - 2017-07-25 10:33:17 --> 404 Page Not Found: Res/js
ERROR - 2017-07-25 10:33:17 --> 404 Page Not Found: Res/js
ERROR - 2017-07-25 10:33:17 --> 404 Page Not Found: Res/js
ERROR - 2017-07-25 10:33:17 --> 404 Page Not Found: Res/js
ERROR - 2017-07-25 10:33:17 --> 404 Page Not Found: Res/js
ERROR - 2017-07-25 10:33:18 --> 404 Page Not Found: Res/js
ERROR - 2017-07-25 10:34:02 --> 404 Page Not Found: Res/js
ERROR - 2017-07-25 10:34:17 --> 404 Page Not Found: Res/js
ERROR - 2017-07-25 10:34:17 --> 404 Page Not Found: Res/js
ERROR - 2017-07-25 10:34:18 --> 404 Page Not Found: Res/js
ERROR - 2017-07-25 10:34:18 --> 404 Page Not Found: Res/js
ERROR - 2017-07-25 10:34:18 --> 404 Page Not Found: Res/js
ERROR - 2017-07-25 10:34:18 --> 404 Page Not Found: Res/js
ERROR - 2017-07-25 10:34:18 --> 404 Page Not Found: Res/js
ERROR - 2017-07-25 10:35:12 --> 404 Page Not Found: Res/js
ERROR - 2017-07-25 10:35:42 --> 404 Page Not Found: Res/js
ERROR - 2017-07-25 10:36:17 --> 404 Page Not Found: Res/js
ERROR - 2017-07-25 10:36:32 --> 404 Page Not Found: Res/js
ERROR - 2017-07-25 10:36:40 --> 404 Page Not Found: Res/js
ERROR - 2017-07-25 10:58:04 --> Severity: Notice --> Undefined variable: apid F:\PHP\Code\workspace\Portal2.0\gui\authstatistics.php 53
ERROR - 2017-07-25 10:58:04 --> Severity: Notice --> Undefined variable: apid F:\PHP\Code\workspace\Portal2.0\gui\authstatistics.php 53
ERROR - 2017-07-25 10:58:04 --> Severity: Notice --> Undefined variable: apid F:\PHP\Code\workspace\Portal2.0\gui\authstatistics.php 53
ERROR - 2017-07-25 11:20:00 --> Severity: Notice --> Undefined variable: apid F:\PHP\Code\workspace\Portal2.0\gui\authstatistics.php 53
ERROR - 2017-07-25 11:20:00 --> Severity: Notice --> Undefined variable: apid F:\PHP\Code\workspace\Portal2.0\gui\authstatistics.php 53
ERROR - 2017-07-25 11:20:00 --> Severity: Notice --> Undefined variable: apid F:\PHP\Code\workspace\Portal2.0\gui\authstatistics.php 53
ERROR - 2017-07-25 13:45:45 --> Severity: Notice --> Undefined variable: apid F:\PHP\Code\workspace\Portal2.0\gui\authstatistics.php 53
ERROR - 2017-07-25 13:45:45 --> Severity: Notice --> Undefined variable: apid F:\PHP\Code\workspace\Portal2.0\gui\authstatistics.php 53
ERROR - 2017-07-25 13:45:45 --> Severity: Notice --> Undefined variable: apid F:\PHP\Code\workspace\Portal2.0\gui\authstatistics.php 53
ERROR - 2017-07-25 13:50:14 --> 404 Page Not Found: /index
ERROR - 2017-07-25 13:54:39 --> 404 Page Not Found: /index
ERROR - 2017-07-25 14:56:09 --> Severity: Notice --> Undefined index: openable F:\PHP\Code\workspace\Portal2.0\app\models\api\wifidog\Splash_mo.php 45
ERROR - 2017-07-25 14:59:52 --> Severity: Notice --> Undefined index: openable F:\PHP\Code\workspace\Portal2.0\app\models\api\wifidog\Splash_mo.php 45
ERROR - 2017-07-25 15:07:33 --> Severity: Notice --> Undefined index: openable F:\PHP\Code\workspace\Portal2.0\app\models\api\wifidog\Splash_mo.php 45
ERROR - 2017-07-25 15:32:29 --> Severity: Notice --> Undefined variable: now F:\PHP\Code\workspace\Portal2.0\app\models\api\wifidog\Splash_mo.php 57
ERROR - 2017-07-25 15:32:29 --> Severity: Notice --> Undefined variable: now F:\PHP\Code\workspace\Portal2.0\app\models\api\wifidog\Splash_mo.php 59
ERROR - 2017-07-25 15:32:46 --> Severity: Notice --> Undefined variable: now F:\PHP\Code\workspace\Portal2.0\app\models\api\wifidog\Splash_mo.php 57
ERROR - 2017-07-25 15:32:50 --> Severity: Notice --> Undefined variable: now F:\PHP\Code\workspace\Portal2.0\app\models\api\wifidog\Splash_mo.php 57
ERROR - 2017-07-25 15:33:11 --> 404 Page Not Found: Res/images
ERROR - 2017-07-25 15:33:15 --> 404 Page Not Found: Faviconico/index
ERROR - 2017-07-25 15:37:38 --> Severity: Warning --> mktime() expects parameter 1 to be long, string given F:\PHP\Code\workspace\Portal2.0\app\models\cooperater\Apmanage.php 461
ERROR - 2017-07-25 15:37:38 --> Severity: Warning --> mktime() expects parameter 1 to be long, string given F:\PHP\Code\workspace\Portal2.0\app\models\cooperater\Apmanage.php 461
ERROR - 2017-07-25 15:38:27 --> Severity: Warning --> date() expects parameter 2 to be long, string given F:\PHP\Code\workspace\Portal2.0\gui\apauthassist.php 47
ERROR - 2017-07-25 15:38:27 --> Severity: Warning --> date() expects parameter 2 to be long, string given F:\PHP\Code\workspace\Portal2.0\gui\apauthassist.php 48
ERROR - 2017-07-25 15:39:13 --> Severity: Warning --> date() expects parameter 2 to be long, string given F:\PHP\Code\workspace\Portal2.0\gui\apauthassist.php 47
ERROR - 2017-07-25 15:39:13 --> Severity: Warning --> date() expects parameter 2 to be long, string given F:\PHP\Code\workspace\Portal2.0\gui\apauthassist.php 48
ERROR - 2017-07-25 16:45:08 --> 404 Page Not Found: Faviconico/index
