ERROR - 2017-07-07 09:24:17 --> 404 Page Not Found: Res/images
ERROR - 2017-07-07 09:24:19 --> 404 Page Not Found: Res/images
ERROR - 2017-07-07 09:24:19 --> 404 Page Not Found: Faviconico/index
ERROR - 2017-07-07 09:24:20 --> 404 Page Not Found: Res/images
ERROR - 2017-07-07 09:24:22 --> 404 Page Not Found: Res/images
ERROR - 2017-07-07 09:25:24 --> Severity: Notice --> Undefined offset: 2 F:\PHP\Code\workspace\Portal2.0\gui\ad_pc.php 38
ERROR - 2017-07-07 09:25:24 --> 404 Page Not Found: Res/images
ERROR - 2017-07-07 09:25:24 --> 404 Page Not Found: Res/images
ERROR - 2017-07-07 09:31:32 --> 404 Page Not Found: Res/images
ERROR - 2017-07-07 09:31:34 --> 404 Page Not Found: Res/images
ERROR - 2017-07-07 09:31:44 --> Severity: Notice --> Undefined variable: authpic F:\PHP\Code\workspace\Portal2.0\gui\ad_pc.php 42
ERROR - 2017-07-07 09:31:44 --> Severity: Warning --> Invalid argument supplied for foreach() F:\PHP\Code\workspace\Portal2.0\gui\ad_pc.php 42
ERROR - 2017-07-07 09:31:44 --> 404 Page Not Found: c/Api/wifidog
ERROR - 2017-07-07 09:32:18 --> 404 Page Not Found: Res/images
ERROR - 2017-07-07 09:32:18 --> 404 Page Not Found: Res/images
ERROR - 2017-07-07 09:32:24 --> 404 Page Not Found: Res/images
ERROR - 2017-07-07 09:32:24 --> 404 Page Not Found: Res/images
ERROR - 2017-07-07 09:32:58 --> 404 Page Not Found: Res/images
ERROR - 2017-07-07 09:32:58 --> 404 Page Not Found: Res/images
ERROR - 2017-07-07 09:33:13 --> 404 Page Not Found: c/Wifidog/undefined
ERROR - 2017-07-07 09:33:56 --> 404 Page Not Found: Res/images
ERROR - 2017-07-07 09:34:00 --> Severity: Warning --> unlink(F:\PHP\Code\workspace\Portal2.0\./res/images/template/u147661499333681.jpg): No such file or directory F:\PHP\Code\workspace\Portal2.0\app\models\cooperater\Tmpmanage.php 207
ERROR - 2017-07-07 09:34:06 --> Severity: Warning --> unlink(F:\PHP\Code\workspace\Portal2.0\./res/images/template/u161641499333681.jpg): No such file or directory F:\PHP\Code\workspace\Portal2.0\app\models\cooperater\Tmpmanage.php 207
ERROR - 2017-07-07 09:34:08 --> 404 Page Not Found: Res/images
ERROR - 2017-07-07 09:34:11 --> 404 Page Not Found: Res/images
ERROR - 2017-07-07 09:35:09 --> 404 Page Not Found: Res/images
ERROR - 2017-07-07 09:35:11 --> 404 Page Not Found: Res/images
ERROR - 2017-07-07 09:42:44 --> 404 Page Not Found: c/Wifidog/undefined
ERROR - 2017-07-07 09:42:52 --> 404 Page Not Found: c/Wifidog/undefined
ERROR - 2017-07-07 09:51:26 --> 404 Page Not Found: c/Wifidog/undefined
ERROR - 2017-07-07 09:52:04 --> 404 Page Not Found: c/Wifidog/undefined
ERROR - 2017-07-07 09:52:05 --> 404 Page Not Found: c/Wifidog/undefined
ERROR - 2017-07-07 09:52:55 --> 404 Page Not Found: c/Wifidog/undefined
ERROR - 2017-07-07 09:54:12 --> 404 Page Not Found: c/Wifidog/undefined
ERROR - 2017-07-07 09:54:36 --> 404 Page Not Found: c/Wifidog/undefined
ERROR - 2017-07-07 11:37:57 --> 404 Page Not Found: Res/images
ERROR - 2017-07-07 11:38:03 --> 404 Page Not Found: Res/images
ERROR - 2017-07-07 11:38:03 --> 404 Page Not Found: Faviconico/index
ERROR - 2017-07-07 11:38:06 --> 404 Page Not Found: Res/images
ERROR - 2017-07-07 11:38:11 --> 404 Page Not Found: Res/images
ERROR - 2017-07-07 11:39:26 --> 404 Page Not Found: Res/images
ERROR - 2017-07-07 11:39:27 --> 404 Page Not Found: Res/images
ERROR - 2017-07-07 11:39:28 --> 404 Page Not Found: Res/images
ERROR - 2017-07-07 11:39:40 --> 404 Page Not Found: Res/images
ERROR - 2017-07-07 11:39:48 --> 404 Page Not Found: Res/images
ERROR - 2017-07-07 11:40:07 --> 404 Page Not Found: Res/images
ERROR - 2017-07-07 11:40:08 --> 404 Page Not Found: Res/images
ERROR - 2017-07-07 11:40:08 --> 404 Page Not Found: Res/images
ERROR - 2017-07-07 11:40:08 --> 404 Page Not Found: Res/images
ERROR - 2017-07-07 11:40:09 --> 404 Page Not Found: Res/images
ERROR - 2017-07-07 11:40:10 --> 404 Page Not Found: Res/images
ERROR - 2017-07-07 11:40:10 --> 404 Page Not Found: Res/images
ERROR - 2017-07-07 11:40:11 --> 404 Page Not Found: Res/images
ERROR - 2017-07-07 11:40:13 --> 404 Page Not Found: Res/images
ERROR - 2017-07-07 11:40:13 --> 404 Page Not Found: Res/images
ERROR - 2017-07-07 11:40:15 --> 404 Page Not Found: Res/images
ERROR - 2017-07-07 11:40:16 --> 404 Page Not Found: Res/images
ERROR - 2017-07-07 11:40:18 --> 404 Page Not Found: Res/images
ERROR - 2017-07-07 11:40:19 --> 404 Page Not Found: Res/images
ERROR - 2017-07-07 11:40:32 --> 404 Page Not Found: Res/images
ERROR - 2017-07-07 11:40:34 --> 404 Page Not Found: Res/images
ERROR - 2017-07-07 11:40:35 --> 404 Page Not Found: Res/images
ERROR - 2017-07-07 11:40:36 --> 404 Page Not Found: Res/images
ERROR - 2017-07-07 11:40:38 --> 404 Page Not Found: Res/images
ERROR - 2017-07-07 11:40:39 --> 404 Page Not Found: Res/images
ERROR - 2017-07-07 11:40:48 --> 404 Page Not Found: Res/images
ERROR - 2017-07-07 11:41:10 --> 404 Page Not Found: Res/images
ERROR - 2017-07-07 11:41:12 --> 404 Page Not Found: Res/images
ERROR - 2017-07-07 11:41:14 --> 404 Page Not Found: Res/images
ERROR - 2017-07-07 11:41:33 --> 404 Page Not Found: Res/images
ERROR - 2017-07-07 11:41:34 --> 404 Page Not Found: Res/images
ERROR - 2017-07-07 11:41:37 --> 404 Page Not Found: Res/images
ERROR - 2017-07-07 11:41:39 --> 404 Page Not Found: Res/images
ERROR - 2017-07-07 11:42:03 --> 404 Page Not Found: Res/images
ERROR - 2017-07-07 11:42:06 --> 404 Page Not Found: Res/images
ERROR - 2017-07-07 11:42:08 --> 404 Page Not Found: Res/images
ERROR - 2017-07-07 11:42:12 --> 404 Page Not Found: Res/images
ERROR - 2017-07-07 11:42:13 --> 404 Page Not Found: Res/images
ERROR - 2017-07-07 11:42:20 --> 404 Page Not Found: Res/images
ERROR - 2017-07-07 11:42:23 --> 404 Page Not Found: Res/images
ERROR - 2017-07-07 11:42:25 --> 404 Page Not Found: Res/images
ERROR - 2017-07-07 11:42:27 --> 404 Page Not Found: Res/images
ERROR - 2017-07-07 11:42:32 --> 404 Page Not Found: Res/images
ERROR - 2017-07-07 11:44:42 --> 404 Page Not Found: Res/images
ERROR - 2017-07-07 11:44:43 --> 404 Page Not Found: Res/images
ERROR - 2017-07-07 11:44:59 --> 404 Page Not Found: c/Api/wifidog
ERROR - 2017-07-07 11:46:02 --> 404 Page Not Found: Res/images
ERROR - 2017-07-07 11:46:08 --> 404 Page Not Found: Res/images
ERROR - 2017-07-07 11:46:12 --> 404 Page Not Found: Res/images
ERROR - 2017-07-07 11:46:13 --> 404 Page Not Found: Res/images
ERROR - 2017-07-07 11:50:37 --> 404 Page Not Found: Res/images
ERROR - 2017-07-07 11:50:39 --> 404 Page Not Found: Res/images
ERROR - 2017-07-07 11:50:41 --> 404 Page Not Found: Res/images
ERROR - 2017-07-07 11:50:43 --> 404 Page Not Found: Res/images
ERROR - 2017-07-07 11:50:45 --> 404 Page Not Found: Res/images
ERROR - 2017-07-07 11:50:47 --> 404 Page Not Found: Res/images
