ERROR - 2017-08-06 15:08:31 --> 404 Page Not Found: Res/images
ERROR - 2017-08-06 15:09:09 --> 404 Page Not Found: Res/images
ERROR - 2017-08-06 15:11:11 --> 404 Page Not Found: Faviconico/index
ERROR - 2017-08-06 15:11:13 --> Severity: Notice --> Undefined variable: apid /Code/php/workspace/woms-portal/gui/authstatistics.php 53
ERROR - 2017-08-06 15:11:13 --> Severity: Notice --> Undefined variable: apid /Code/php/workspace/woms-portal/gui/authstatistics.php 53
ERROR - 2017-08-06 15:52:43 --> Severity: error --> Exception: Error Processing Request /Code/php/workspace/woms-portal/app/models/cooperater/Tmpmanage.php 55
ERROR - 2017-08-06 15:52:48 --> 404 Page Not Found: Res/js
ERROR - 2017-08-06 15:52:53 --> Severity: Warning --> unlink(/res/images/template/u134871501837841.jpg): No such file or directory /Code/php/workspace/woms-portal/app/models/cooperater/Tmpmanage.php 315
ERROR - 2017-08-06 15:52:53 --> Query error: You have an error in your SQL syntax; check the manual that corresponds to your MySQL server version for the right syntax to use near '?' at line 1 - Invalid query: update template set  phone_bgpic=''  where id = ? 
ERROR - 2017-08-06 15:57:14 --> Query error: You have an error in your SQL syntax; check the manual that corresponds to your MySQL server version for the right syntax to use near '?' at line 1 - Invalid query: update template set  phone_bgpic=''  where id = ? 
ERROR - 2017-08-06 15:57:58 --> 404 Page Not Found: Res/js
ERROR - 2017-08-06 15:58:45 --> Severity: Warning --> unlink(/code/php/workspace/woms-portal//res/images/template/u134871501837841.jpg): No such file or directory /Code/php/workspace/woms-portal/app/models/cooperater/Tmpmanage.php 315
ERROR - 2017-08-06 15:58:45 --> Query error: You have an error in your SQL syntax; check the manual that corresponds to your MySQL server version for the right syntax to use near '?' at line 1 - Invalid query: update template set  phone_bgpic=''  where id = ? 
ERROR - 2017-08-06 16:00:37 --> 404 Page Not Found: Res/js
ERROR - 2017-08-06 16:00:51 --> 404 Page Not Found: Res/js
ERROR - 2017-08-06 16:01:06 --> 404 Page Not Found: Res/js
ERROR - 2017-08-06 16:06:16 --> 404 Page Not Found: Res/images
ERROR - 2017-08-06 16:27:06 --> 404 Page Not Found: admin/Adc/authtemplate
ERROR - 2017-08-06 16:28:03 --> 404 Page Not Found: admin/Adc/templategrant
ERROR - 2017-08-06 16:29:04 --> 404 Page Not Found: admin/Adc/templategrant
ERROR - 2017-08-06 16:45:55 --> Severity: Notice --> Undefined variable: sc /Code/php/workspace/woms-portal/app/models/admin/Tmpmanage.php 93
ERROR - 2017-08-06 16:46:05 --> Severity: Notice --> Undefined variable: sc /Code/php/workspace/woms-portal/app/models/admin/Tmpmanage.php 93
ERROR - 2017-08-06 16:46:39 --> 404 Page Not Found: Res/js
