ERROR - 2017-07-17 09:34:50 --> 404 Page Not Found: Res/images
ERROR - 2017-07-17 09:34:55 --> 404 Page Not Found: Res/images
ERROR - 2017-07-17 09:34:55 --> 404 Page Not Found: Faviconico/index
ERROR - 2017-07-17 09:35:05 --> 404 Page Not Found: Res/images
ERROR - 2017-07-17 09:35:07 --> 404 Page Not Found: Res/images
ERROR - 2017-07-17 09:35:08 --> 404 Page Not Found: Res/images
ERROR - 2017-07-17 09:35:10 --> Severity: Notice --> Undefined variable: apid F:\PHP\Code\workspace\Portal2.0\gui\authstatistics.php 53
ERROR - 2017-07-17 09:35:10 --> 404 Page Not Found: Res/images
ERROR - 2017-07-17 09:35:12 --> 404 Page Not Found: Res/images
ERROR - 2017-07-17 09:35:12 --> 404 Page Not Found: Res/images
ERROR - 2017-07-17 09:35:15 --> 404 Page Not Found: Res/images
ERROR - 2017-07-17 09:56:10 --> 404 Page Not Found: Res/images
ERROR - 2017-07-17 09:56:15 --> 404 Page Not Found: Res/images
ERROR - 2017-07-17 09:56:15 --> 404 Page Not Found: Faviconico/index
ERROR - 2017-07-17 09:56:16 --> 404 Page Not Found: Res/images
ERROR - 2017-07-17 09:58:10 --> 404 Page Not Found: Res/images
ERROR - 2017-07-17 09:58:13 --> 404 Page Not Found: Res/images
ERROR - 2017-07-17 09:58:14 --> 404 Page Not Found: Res/images
ERROR - 2017-07-17 09:58:36 --> 404 Page Not Found: Res/images
ERROR - 2017-07-17 09:58:36 --> 404 Page Not Found: Res/js
ERROR - 2017-07-17 09:58:36 --> 404 Page Not Found: Res/js
ERROR - 2017-07-17 09:58:55 --> 404 Page Not Found: Res/images
ERROR - 2017-07-17 09:59:03 --> 404 Page Not Found: Res/images
ERROR - 2017-07-17 09:59:04 --> 404 Page Not Found: Res/images
ERROR - 2017-07-17 09:59:41 --> 404 Page Not Found: Res/images
ERROR - 2017-07-17 10:00:02 --> 404 Page Not Found: Res/images
ERROR - 2017-07-17 10:01:18 --> 404 Page Not Found: Res/images
ERROR - 2017-07-17 10:01:28 --> 404 Page Not Found: Res/images
ERROR - 2017-07-17 10:01:31 --> 404 Page Not Found: Res/images
ERROR - 2017-07-17 10:02:48 --> 404 Page Not Found: Res/images
ERROR - 2017-07-17 10:02:54 --> 404 Page Not Found: Res/images
ERROR - 2017-07-17 10:03:09 --> 404 Page Not Found: Res/images
ERROR - 2017-07-17 10:03:38 --> 404 Page Not Found: Res/images
ERROR - 2017-07-17 10:14:32 --> 404 Page Not Found: Res/images
ERROR - 2017-07-17 10:17:17 --> 404 Page Not Found: Res/images
ERROR - 2017-07-17 10:23:53 --> 404 Page Not Found: Res/images
ERROR - 2017-07-17 10:38:37 --> 404 Page Not Found: Res/js
ERROR - 2017-07-17 10:38:37 --> 404 Page Not Found: Res/js
ERROR - 2017-07-17 10:38:42 --> 404 Page Not Found: Res/images
ERROR - 2017-07-17 10:38:42 --> 404 Page Not Found: Res/js
ERROR - 2017-07-17 10:38:42 --> 404 Page Not Found: Res/js
ERROR - 2017-07-17 10:40:02 --> 404 Page Not Found: Res/images
ERROR - 2017-07-17 10:40:02 --> 404 Page Not Found: Res/js
ERROR - 2017-07-17 10:40:02 --> 404 Page Not Found: Res/js
ERROR - 2017-07-17 10:40:38 --> 404 Page Not Found: Res/js
ERROR - 2017-07-17 10:40:38 --> 404 Page Not Found: Res/js
ERROR - 2017-07-17 10:42:01 --> 404 Page Not Found: Res/js
ERROR - 2017-07-17 10:42:01 --> 404 Page Not Found: Res/js
ERROR - 2017-07-17 10:43:04 --> 404 Page Not Found: Res/js
ERROR - 2017-07-17 10:43:04 --> 404 Page Not Found: Res/js
ERROR - 2017-07-17 10:43:54 --> 404 Page Not Found: Res/js
ERROR - 2017-07-17 10:43:54 --> 404 Page Not Found: Res/js
ERROR - 2017-07-17 10:44:19 --> 404 Page Not Found: Res/js
ERROR - 2017-07-17 10:44:19 --> 404 Page Not Found: Res/js
ERROR - 2017-07-17 10:45:25 --> 404 Page Not Found: Res/js
ERROR - 2017-07-17 10:45:25 --> 404 Page Not Found: Res/js
ERROR - 2017-07-17 10:45:27 --> 404 Page Not Found: Res/js
ERROR - 2017-07-17 10:45:27 --> 404 Page Not Found: Res/js
ERROR - 2017-07-17 10:45:34 --> Severity: Notice --> Undefined variable: wx F:\PHP\Code\workspace\Portal2.0\gui\authweixin.php 34
ERROR - 2017-07-17 10:45:34 --> Severity: Notice --> Undefined variable: wx F:\PHP\Code\workspace\Portal2.0\gui\authweixin.php 35
ERROR - 2017-07-17 10:45:34 --> Severity: Notice --> Undefined variable: wx F:\PHP\Code\workspace\Portal2.0\gui\authweixin.php 36
ERROR - 2017-07-17 10:45:34 --> 404 Page Not Found: Res/js
ERROR - 2017-07-17 10:45:34 --> 404 Page Not Found: Res/js
ERROR - 2017-07-17 10:49:53 --> Unable to load the requested class: Wxrqcode
ERROR - 2017-07-17 10:49:55 --> 404 Page Not Found: Res/js
ERROR - 2017-07-17 10:49:55 --> 404 Page Not Found: Res/js
ERROR - 2017-07-17 10:49:56 --> 404 Page Not Found: Res/js
ERROR - 2017-07-17 10:49:57 --> 404 Page Not Found: Res/js
ERROR - 2017-07-17 10:49:57 --> 404 Page Not Found: Res/js
ERROR - 2017-07-17 10:50:54 --> Unable to load the requested class: Wxrqcode
ERROR - 2017-07-17 10:52:21 --> 404 Page Not Found: Res/js
ERROR - 2017-07-17 10:52:22 --> 404 Page Not Found: Res/js
ERROR - 2017-07-17 10:52:22 --> 404 Page Not Found: Res/js
ERROR - 2017-07-17 10:52:22 --> 404 Page Not Found: Res/js
ERROR - 2017-07-17 10:52:28 --> 404 Page Not Found: Res/js
ERROR - 2017-07-17 10:52:28 --> 404 Page Not Found: Res/js
ERROR - 2017-07-17 10:53:54 --> 404 Page Not Found: Res/js
ERROR - 2017-07-17 10:53:54 --> 404 Page Not Found: Res/js
ERROR - 2017-07-17 10:53:59 --> 404 Page Not Found: Res/js
ERROR - 2017-07-17 10:53:59 --> 404 Page Not Found: Res/js
ERROR - 2017-07-17 10:54:00 --> 404 Page Not Found: Res/js
ERROR - 2017-07-17 10:54:00 --> 404 Page Not Found: Res/js
ERROR - 2017-07-17 10:56:20 --> Severity: Notice --> Undefined variable: query F:\PHP\Code\workspace\Portal2.0\app\models\cooperater\Wxmanage.php 39
ERROR - 2017-07-17 10:56:20 --> Severity: Warning --> mysqli::query(): Empty query F:\PHP\Code\workspace\Portal2.0\sys\database\drivers\mysqli\mysqli_driver.php 305
ERROR - 2017-07-17 10:56:20 --> Query error:  - Invalid query: 
ERROR - 2017-07-17 10:56:41 --> Query error: You have an error in your SQL syntax; check the manual that corresponds to your MySQL server version for the right syntax to use near 'wxkeyword='wifi',wxdockurl='http://172.16.75.60/c/api/thlogin/Weixin/?cid=1&toke' at line 1 - Invalid query: update cooperater set wxaccount='dsdasd', wxlogo='./res/images/wx/ua052f1fccf47b66d0.jpg', wxlogintitle='', wxlogintext='' wxkeyword='wifi',wxdockurl='http://172.16.75.60/c/api/thlogin/Weixin/?cid=1&token=3c0cd9bcd0686e8bc', wxtoken='3c0cd9bcd0686e8bc' where cid = '1'
ERROR - 2017-07-17 10:57:12 --> 404 Page Not Found: Res/images
ERROR - 2017-07-17 11:00:34 --> 404 Page Not Found: Res/js
ERROR - 2017-07-17 11:00:34 --> 404 Page Not Found: Res/js
ERROR - 2017-07-17 11:04:16 --> 404 Page Not Found: Res/images
ERROR - 2017-07-17 11:04:16 --> 404 Page Not Found: Res/js
ERROR - 2017-07-17 11:04:16 --> 404 Page Not Found: Res/js
ERROR - 2017-07-17 11:04:52 --> 404 Page Not Found: Res/js
ERROR - 2017-07-17 11:04:52 --> 404 Page Not Found: Res/js
ERROR - 2017-07-17 11:06:34 --> 404 Page Not Found: Faviconico/index
ERROR - 2017-07-17 11:15:30 --> 404 Page Not Found: Res/images
ERROR - 2017-07-17 11:27:54 --> 404 Page Not Found: c/Thlogin/weixin
ERROR - 2017-07-17 11:28:40 --> 404 Page Not Found: c/Thlogin/weixin
ERROR - 2017-07-17 11:29:42 --> Severity: Notice --> Undefined index: url F:\PHP\Code\workspace\Portal2.0\app\models\api\wifidog\Splash_mo.php 17
ERROR - 2017-07-17 17:12:12 --> 404 Page Not Found: Res/images
ERROR - 2017-07-17 17:12:17 --> 404 Page Not Found: Faviconico/index
