ERROR - 2017-06-14 09:28:23 --> 404 Page Not Found: /index
ERROR - 2017-06-14 09:28:23 --> 404 Page Not Found: Faviconico/index
ERROR - 2017-06-14 09:28:30 --> 404 Page Not Found: Res/images
ERROR - 2017-06-14 09:36:39 --> 404 Page Not Found: Res/images
ERROR - 2017-06-14 09:36:41 --> 404 Page Not Found: Faviconico/index
ERROR - 2017-06-14 09:39:18 --> Severity: Notice --> Undefined index: url F:\PHP\Code\workspace\Portal2.0\app\models\api\wifidog\splash_mo.php 17
ERROR - 2017-06-14 09:39:20 --> Severity: Notice --> Undefined index: url F:\PHP\Code\workspace\Portal2.0\app\models\api\wifidog\splash_mo.php 17
ERROR - 2017-06-14 10:22:38 --> Query error: You have an error in your SQL syntax; check the manual that corresponds to your MySQL server version for the right syntax to use near 'from authuser where id = '1' and cid = '1'' at line 1 - Invalid query: select * from authuser from authuser where id = '1' and cid = '1'
ERROR - 2017-06-14 11:12:35 --> Severity: Compile Error --> Cannot redeclare Corp::authsmstmp() F:\PHP\Code\workspace\Portal2.0\app\controllers\cooperater\Corp.php 112
ERROR - 2017-06-14 11:13:13 --> Severity: Error --> Call to undefined method Cooperater::validate() F:\PHP\Code\workspace\Portal2.0\sys\core\Controller.php 113
ERROR - 2017-06-14 11:13:52 --> Severity: Error --> Call to undefined method Cooperater::validate() F:\PHP\Code\workspace\Portal2.0\app\controllers\cooperater\Corp.php 158
ERROR - 2017-06-14 11:17:25 --> Severity: Error --> Call to undefined method Cooperater::validate() F:\PHP\Code\workspace\Portal2.0\app\controllers\cooperater\Factory.php 15
ERROR - 2017-06-14 11:21:21 --> 404 Page Not Found: cooperater/Factory/login
ERROR - 2017-06-14 12:03:07 --> Severity: Notice --> Undefined variable: user F:\PHP\Code\workspace\Portal2.0\gui\editvalidate.php 21
ERROR - 2017-06-14 12:03:07 --> Severity: Notice --> Undefined variable: user F:\PHP\Code\workspace\Portal2.0\gui\editvalidate.php 28
ERROR - 2017-06-14 12:35:48 --> Severity: error --> Exception: Unable to locate the model you have specified: Useranage F:\PHP\Code\workspace\Portal2.0\sys\core\Loader.php 344
ERROR - 2017-06-14 14:53:41 --> Query error: Unknown column 'a.name' in 'field list' - Invalid query: select a.name, ac.count(acid) value from ap, apconfig ac where a.apid = ac.apid group by ac.location
ERROR - 2017-06-14 14:53:50 --> Query error: Unknown column 'a.name' in 'field list' - Invalid query: select a.name, ac.count(acid) value from ap, apconfig ac where a.apid = ac.apid group by ac.location
ERROR - 2017-06-14 14:54:08 --> Query error: Unknown column 'a.apname' in 'field list' - Invalid query: select a.apname, ac.count(acid) value from ap, apconfig ac where a.apid = ac.apid group by ac.location
ERROR - 2017-06-14 14:54:27 --> Query error: FUNCTION ac.count does not exist. Check the 'Function Name Parsing and Resolution' section in the Reference Manual - Invalid query: select a.apname, ac.count(acid) value from ap a, apconfig ac where a.apid = ac.apid group by ac.location
ERROR - 2017-06-14 14:55:16 --> Severity: Notice --> Undefined index: name F:\PHP\Code\workspace\Portal2.0\app\models\cooperater\Dashboarts.php 73
ERROR - 2017-06-14 14:55:29 --> Severity: Notice --> Undefined index: name F:\PHP\Code\workspace\Portal2.0\app\models\cooperater\Dashboarts.php 73
ERROR - 2017-06-14 14:55:33 --> Severity: Notice --> Undefined index: name F:\PHP\Code\workspace\Portal2.0\app\models\cooperater\Dashboarts.php 73
ERROR - 2017-06-14 16:09:11 --> 404 Page Not Found: Res/images
ERROR - 2017-06-14 16:09:13 --> 404 Page Not Found: Faviconico/index
ERROR - 2017-06-14 16:29:22 --> 404 Page Not Found: Res/js
ERROR - 2017-06-14 16:49:52 --> Severity: Notice --> Undefined index: smsauthlong F:\PHP\Code\workspace\Portal2.0\gui\apauthtype.php 82
ERROR - 2017-06-14 16:49:52 --> Severity: Notice --> Undefined index: smsauthlong F:\PHP\Code\workspace\Portal2.0\gui\apauthtype.php 88
ERROR - 2017-06-14 16:58:11 --> Severity: Notice --> Undefined variable: smsauthlong F:\PHP\Code\workspace\Portal2.0\app\models\cooperater\Apmanage.php 404
ERROR - 2017-06-14 16:58:18 --> Severity: Notice --> Undefined variable: smsauthlong F:\PHP\Code\workspace\Portal2.0\app\models\cooperater\Apmanage.php 404
ERROR - 2017-06-14 16:58:24 --> Severity: Notice --> Undefined variable: smsauthlong F:\PHP\Code\workspace\Portal2.0\app\models\cooperater\Apmanage.php 404
ERROR - 2017-06-14 17:00:15 --> Severity: Notice --> Undefined variable: smsauthlong F:\PHP\Code\workspace\Portal2.0\app\models\cooperater\Apmanage.php 404
ERROR - 2017-06-14 17:00:19 --> 404 Page Not Found: Res/js
ERROR - 2017-06-14 17:00:21 --> Severity: Notice --> Undefined variable: smsauthlong F:\PHP\Code\workspace\Portal2.0\app\models\cooperater\Apmanage.php 404
ERROR - 2017-06-14 17:00:45 --> 404 Page Not Found: Res/js
ERROR - 2017-06-14 17:02:51 --> 404 Page Not Found: Res/js
ERROR - 2017-06-14 17:03:22 --> 404 Page Not Found: Res/js
ERROR - 2017-06-14 17:53:27 --> 404 Page Not Found: c/Api/wifidog
ERROR - 2017-06-14 17:53:37 --> 404 Page Not Found: c/Api/wifidog
ERROR - 2017-06-14 17:54:37 --> 404 Page Not Found: c/Api/wifidog
ERROR - 2017-06-14 17:55:37 --> 404 Page Not Found: c/Api/wifidog
ERROR - 2017-06-14 17:56:37 --> 404 Page Not Found: c/Api/wifidog
ERROR - 2017-06-14 17:57:38 --> 404 Page Not Found: c/Api/wifidog
ERROR - 2017-06-14 17:58:38 --> 404 Page Not Found: c/Api/wifidog
ERROR - 2017-06-14 17:59:38 --> 404 Page Not Found: c/Api/wifidog
ERROR - 2017-06-14 18:00:38 --> 404 Page Not Found: c/Api/wifidog
ERROR - 2017-06-14 18:01:38 --> 404 Page Not Found: c/Api/wifidog
ERROR - 2017-06-14 18:02:38 --> 404 Page Not Found: c/Api/wifidog
ERROR - 2017-06-14 18:03:38 --> 404 Page Not Found: c/Api/wifidog
ERROR - 2017-06-14 18:04:38 --> 404 Page Not Found: c/Api/wifidog
ERROR - 2017-06-14 18:05:38 --> 404 Page Not Found: c/Api/wifidog
ERROR - 2017-06-14 18:06:38 --> 404 Page Not Found: c/Api/wifidog
ERROR - 2017-06-14 18:07:38 --> 404 Page Not Found: c/Api/wifidog
ERROR - 2017-06-14 18:08:38 --> 404 Page Not Found: c/Api/wifidog
ERROR - 2017-06-14 18:09:38 --> 404 Page Not Found: c/Api/wifidog
ERROR - 2017-06-14 18:10:38 --> 404 Page Not Found: c/Api/wifidog
ERROR - 2017-06-14 18:11:39 --> 404 Page Not Found: c/Api/wifidog
ERROR - 2017-06-14 18:12:39 --> 404 Page Not Found: c/Api/wifidog
ERROR - 2017-06-14 18:13:38 --> 404 Page Not Found: c/Api/wifidog
ERROR - 2017-06-14 18:14:38 --> 404 Page Not Found: c/Api/wifidog
ERROR - 2017-06-14 18:15:38 --> 404 Page Not Found: c/Api/wifidog
ERROR - 2017-06-14 18:16:38 --> 404 Page Not Found: c/Api/wifidog
ERROR - 2017-06-14 18:17:39 --> 404 Page Not Found: c/Api/wifidog
ERROR - 2017-06-14 18:18:39 --> 404 Page Not Found: c/Api/wifidog
ERROR - 2017-06-14 18:19:39 --> 404 Page Not Found: c/Api/wifidog
ERROR - 2017-06-14 18:20:39 --> 404 Page Not Found: c/Api/wifidog
ERROR - 2017-06-14 18:21:39 --> 404 Page Not Found: c/Api/wifidog
ERROR - 2017-06-14 18:22:39 --> 404 Page Not Found: c/Api/wifidog
ERROR - 2017-06-14 18:23:40 --> 404 Page Not Found: c/Api/wifidog
ERROR - 2017-06-14 18:24:41 --> 404 Page Not Found: c/Api/wifidog
ERROR - 2017-06-14 18:25:41 --> 404 Page Not Found: c/Api/wifidog
ERROR - 2017-06-14 18:26:41 --> 404 Page Not Found: c/Api/wifidog
ERROR - 2017-06-14 18:27:41 --> 404 Page Not Found: c/Api/wifidog
ERROR - 2017-06-14 18:28:40 --> 404 Page Not Found: c/Api/wifidog
ERROR - 2017-06-14 18:29:40 --> 404 Page Not Found: c/Api/wifidog
ERROR - 2017-06-14 18:30:40 --> 404 Page Not Found: c/Api/wifidog
ERROR - 2017-06-14 18:31:40 --> 404 Page Not Found: c/Api/wifidog
ERROR - 2017-06-14 18:32:41 --> 404 Page Not Found: c/Api/wifidog
ERROR - 2017-06-14 18:33:41 --> 404 Page Not Found: c/Api/wifidog
ERROR - 2017-06-14 18:34:41 --> 404 Page Not Found: c/Api/wifidog
ERROR - 2017-06-14 18:35:41 --> 404 Page Not Found: c/Api/wifidog
ERROR - 2017-06-14 18:36:41 --> 404 Page Not Found: c/Api/wifidog
ERROR - 2017-06-14 18:37:41 --> 404 Page Not Found: c/Api/wifidog
ERROR - 2017-06-14 18:38:41 --> 404 Page Not Found: c/Api/wifidog
ERROR - 2017-06-14 18:39:41 --> 404 Page Not Found: c/Api/wifidog
ERROR - 2017-06-14 18:40:41 --> 404 Page Not Found: c/Api/wifidog
ERROR - 2017-06-14 18:41:41 --> 404 Page Not Found: c/Api/wifidog
ERROR - 2017-06-14 18:42:40 --> 404 Page Not Found: c/Api/wifidog
ERROR - 2017-06-14 18:43:40 --> 404 Page Not Found: c/Api/wifidog
ERROR - 2017-06-14 18:44:40 --> 404 Page Not Found: c/Api/wifidog
