ERROR - 2017-08-08 09:01:12 --> 404 Page Not Found: Res/images
ERROR - 2017-08-08 09:01:23 --> 404 Page Not Found: Faviconico/index
ERROR - 2017-08-08 09:01:33 --> Severity: Notice --> Undefined variable: apid /Code/php/workspace/woms-portal/gui/authstatistics.php 53
ERROR - 2017-08-08 09:01:33 --> Severity: Notice --> Undefined variable: apid /Code/php/workspace/woms-portal/gui/authstatistics.php 53
ERROR - 2017-08-08 09:10:00 --> 404 Page Not Found: c/Api/wifidog
ERROR - 2017-08-08 09:46:58 --> 404 Page Not Found: Apple-touch-icon-120x120-precomposedpng/index
ERROR - 2017-08-08 09:46:58 --> 404 Page Not Found: Apple-touch-icon-120x120png/index
ERROR - 2017-08-08 09:46:58 --> 404 Page Not Found: Apple-touch-iconpng/index
ERROR - 2017-08-08 09:46:58 --> 404 Page Not Found: Apple-touch-iconpng/index
ERROR - 2017-08-08 09:46:58 --> 404 Page Not Found: c/Api/wifidog
ERROR - 2017-08-08 09:46:58 --> 404 Page Not Found: Apple-touch-icon-precomposedpng/index
ERROR - 2017-08-08 09:46:58 --> 404 Page Not Found: Faviconico/index
ERROR - 2017-08-08 10:12:23 --> 404 Page Not Found: Apple-touch-icon-120x120-precomposedpng/index
ERROR - 2017-08-08 10:12:23 --> 404 Page Not Found: Apple-touch-icon-120x120png/index
ERROR - 2017-08-08 10:12:23 --> 404 Page Not Found: Apple-touch-iconpng/index
ERROR - 2017-08-08 10:12:23 --> 404 Page Not Found: Apple-touch-iconpng/index
ERROR - 2017-08-08 10:12:23 --> 404 Page Not Found: c/Api/wifidog
ERROR - 2017-08-08 10:12:23 --> 404 Page Not Found: Apple-touch-icon-precomposedpng/index
ERROR - 2017-08-08 10:12:23 --> 404 Page Not Found: Faviconico/index
ERROR - 2017-08-08 10:12:25 --> Severity: Notice --> Use of undefined constant wanip - assumed 'wanip' /Code/php/workspace/woms-portal/app/models/api/wifidog/Splash_mo.php 187
ERROR - 2017-08-08 10:12:25 --> Severity: Notice --> Undefined index: authpic /Code/php/workspace/woms-portal/app/models/api/wifidog/Portal.php 41
ERROR - 2017-08-08 10:12:25 --> Severity: Notice --> Undefined index: pcauthpic /Code/php/workspace/woms-portal/app/models/api/wifidog/Portal.php 42
ERROR - 2017-08-08 10:16:56 --> Severity: Notice --> Undefined variable: apid /Code/php/workspace/woms-portal/gui/authstatistics.php 53
ERROR - 2017-08-08 10:16:56 --> Severity: Notice --> Undefined variable: apid /Code/php/workspace/woms-portal/gui/authstatistics.php 53
ERROR - 2017-08-08 10:21:44 --> Severity: Notice --> Undefined variable: apid /Code/php/workspace/woms-portal/gui/authstatistics.php 53
ERROR - 2017-08-08 10:21:44 --> Severity: Notice --> Undefined variable: apid /Code/php/workspace/woms-portal/gui/authstatistics.php 53
ERROR - 2017-08-08 10:21:58 --> Query error: Unknown column 'heartime' in 'field list' - Invalid query: update user set state = '1' and heartime=1502158918 where uid = '23'
ERROR - 2017-08-08 10:22:01 --> Query error: Unknown column 'heartime' in 'field list' - Invalid query: update user set state = '1' and heartime=1502158921 where uid = '23'
ERROR - 2017-08-08 10:22:03 --> Query error: Unknown column 'heartime' in 'field list' - Invalid query: update user set state = '1' and heartime=1502158923 where uid = '23'
ERROR - 2017-08-08 10:22:03 --> Query error: Unknown column 'heartime' in 'field list' - Invalid query: update user set state = '1' and heartime=1502158923 where uid = '23'
ERROR - 2017-08-08 10:22:04 --> Query error: Unknown column 'heartime' in 'field list' - Invalid query: update user set state = '1' and heartime=1502158924 where uid = '23'
ERROR - 2017-08-08 10:22:11 --> Query error: Unknown column 'heartime' in 'field list' - Invalid query: update user set state = '1' and heartime=1502158931 where uid = '23'
ERROR - 2017-08-08 10:23:12 --> Query error: Unknown column 'heartime' in 'field list' - Invalid query: update user set state = '1' and heartime=1502158992 where uid = '23'
ERROR - 2017-08-08 10:23:30 --> Query error: Unknown column 'heartime' in 'field list' - Invalid query: update user set state = '1' and heartime=1502159010 where uid = '23'
ERROR - 2017-08-08 10:51:00 --> Severity: Notice --> Undefined index: authpic /Code/php/workspace/woms-portal/app/models/api/wifidog/Portal.php 41
ERROR - 2017-08-08 10:51:00 --> Severity: Notice --> Undefined index: pcauthpic /Code/php/workspace/woms-portal/app/models/api/wifidog/Portal.php 42
ERROR - 2017-08-08 11:05:08 --> 404 Page Not Found: Apple-touch-icon-120x120-precomposedpng/index
ERROR - 2017-08-08 11:05:08 --> 404 Page Not Found: Apple-touch-icon-120x120png/index
ERROR - 2017-08-08 11:05:08 --> 404 Page Not Found: Apple-touch-iconpng/index
ERROR - 2017-08-08 11:05:09 --> 404 Page Not Found: Apple-touch-iconpng/index
ERROR - 2017-08-08 11:05:09 --> 404 Page Not Found: c/Api/wifidog
ERROR - 2017-08-08 11:05:09 --> 404 Page Not Found: Apple-touch-icon-precomposedpng/index
ERROR - 2017-08-08 11:05:09 --> 404 Page Not Found: Faviconico/index
ERROR - 2017-08-08 11:05:49 --> Severity: Notice --> Undefined index: authpic /Code/php/workspace/woms-portal/app/models/api/wifidog/Portal.php 41
ERROR - 2017-08-08 11:05:49 --> Severity: Notice --> Undefined index: pcauthpic /Code/php/workspace/woms-portal/app/models/api/wifidog/Portal.php 42
ERROR - 2017-08-08 11:07:51 --> Severity: Notice --> Undefined variable: apid /Code/php/workspace/woms-portal/gui/authstatistics.php 53
ERROR - 2017-08-08 11:07:51 --> Severity: Notice --> Undefined variable: apid /Code/php/workspace/woms-portal/gui/authstatistics.php 53
ERROR - 2017-08-08 11:08:19 --> Severity: Notice --> Undefined index: authpic /Code/php/workspace/woms-portal/app/models/api/wifidog/Portal.php 41
ERROR - 2017-08-08 11:08:19 --> Severity: Notice --> Undefined index: pcauthpic /Code/php/workspace/woms-portal/app/models/api/wifidog/Portal.php 42
ERROR - 2017-08-08 11:08:29 --> Severity: Notice --> Undefined variable: apid /Code/php/workspace/woms-portal/gui/authstatistics.php 53
ERROR - 2017-08-08 11:08:29 --> Severity: Notice --> Undefined variable: apid /Code/php/workspace/woms-portal/gui/authstatistics.php 53
ERROR - 2017-08-08 11:09:01 --> 404 Page Not Found: c/Api/wifidog
ERROR - 2017-08-08 11:09:16 --> Severity: Notice --> Undefined index: authpic /Code/php/workspace/woms-portal/app/models/api/wifidog/Portal.php 41
ERROR - 2017-08-08 11:09:16 --> Severity: Notice --> Undefined index: pcauthpic /Code/php/workspace/woms-portal/app/models/api/wifidog/Portal.php 42
ERROR - 2017-08-08 11:09:34 --> Severity: Notice --> Undefined variable: apid /Code/php/workspace/woms-portal/gui/authstatistics.php 53
ERROR - 2017-08-08 11:09:34 --> Severity: Notice --> Undefined variable: apid /Code/php/workspace/woms-portal/gui/authstatistics.php 53
ERROR - 2017-08-08 11:10:07 --> Severity: Notice --> Undefined variable: apid /Code/php/workspace/woms-portal/gui/authstatistics.php 53
ERROR - 2017-08-08 11:10:07 --> Severity: Notice --> Undefined variable: apid /Code/php/workspace/woms-portal/gui/authstatistics.php 53
ERROR - 2017-08-08 11:10:25 --> Severity: Notice --> Undefined variable: apid /Code/php/workspace/woms-portal/gui/authstatistics.php 53
ERROR - 2017-08-08 11:10:25 --> Severity: Notice --> Undefined variable: apid /Code/php/workspace/woms-portal/gui/authstatistics.php 53
ERROR - 2017-08-08 11:10:27 --> Severity: Notice --> Undefined variable: apid /Code/php/workspace/woms-portal/gui/authstatistics.php 53
ERROR - 2017-08-08 11:10:27 --> Severity: Notice --> Undefined variable: apid /Code/php/workspace/woms-portal/gui/authstatistics.php 53
ERROR - 2017-08-08 11:10:58 --> Severity: Notice --> Undefined variable: apid /Code/php/workspace/woms-portal/gui/authstatistics.php 53
ERROR - 2017-08-08 11:10:58 --> Severity: Notice --> Undefined variable: apid /Code/php/workspace/woms-portal/gui/authstatistics.php 53
ERROR - 2017-08-08 11:11:22 --> Severity: Notice --> Undefined variable: apid /Code/php/workspace/woms-portal/gui/authstatistics.php 53
ERROR - 2017-08-08 11:11:22 --> Severity: Notice --> Undefined variable: apid /Code/php/workspace/woms-portal/gui/authstatistics.php 53
ERROR - 2017-08-08 11:11:51 --> Severity: Notice --> Undefined variable: apid /Code/php/workspace/woms-portal/gui/authstatistics.php 53
ERROR - 2017-08-08 11:11:51 --> Severity: Notice --> Undefined variable: apid /Code/php/workspace/woms-portal/gui/authstatistics.php 53
ERROR - 2017-08-08 11:12:12 --> 404 Page Not Found: c/Api/wifidog
ERROR - 2017-08-08 11:14:01 --> 404 Page Not Found: Apple-touch-icon-120x120-precomposedpng/index
ERROR - 2017-08-08 11:14:01 --> 404 Page Not Found: Apple-touch-icon-120x120png/index
ERROR - 2017-08-08 11:14:01 --> 404 Page Not Found: Apple-touch-iconpng/index
ERROR - 2017-08-08 11:14:01 --> 404 Page Not Found: Apple-touch-iconpng/index
ERROR - 2017-08-08 11:14:01 --> 404 Page Not Found: c/Api/wifidog
ERROR - 2017-08-08 11:14:01 --> 404 Page Not Found: Apple-touch-icon-precomposedpng/index
ERROR - 2017-08-08 11:14:01 --> 404 Page Not Found: Faviconico/index
ERROR - 2017-08-08 11:16:49 --> Severity: Notice --> Undefined index: cid /Code/php/workspace/woms-portal/app/models/api/wifidog/Splash_mo.php 281
ERROR - 2017-08-08 11:18:31 --> Severity: Notice --> Use of undefined constant wanip - assumed 'wanip' /Code/php/workspace/woms-portal/app/models/api/wifidog/Splash_mo.php 251
ERROR - 2017-08-08 11:23:59 --> Severity: Notice --> Use of undefined constant wanip - assumed 'wanip' /Code/php/workspace/woms-portal/app/models/api/wifidog/Splash_mo.php 251
ERROR - 2017-08-08 11:23:59 --> Severity: Notice --> Undefined index: authpic /Code/php/workspace/woms-portal/app/models/api/wifidog/Portal.php 41
ERROR - 2017-08-08 11:23:59 --> Severity: Notice --> Undefined index: pcauthpic /Code/php/workspace/woms-portal/app/models/api/wifidog/Portal.php 42
ERROR - 2017-08-08 11:32:20 --> 404 Page Not Found: c/Api/wifidog
ERROR - 2017-08-08 13:14:16 --> Severity: Notice --> Use of undefined constant wanip - assumed 'wanip' /Code/php/workspace/woms-portal/app/models/api/wifidog/Splash_mo.php 251
ERROR - 2017-08-08 13:14:17 --> Severity: Notice --> Undefined index: authpic /Code/php/workspace/woms-portal/app/models/api/wifidog/Portal.php 41
ERROR - 2017-08-08 13:14:17 --> Severity: Notice --> Undefined index: pcauthpic /Code/php/workspace/woms-portal/app/models/api/wifidog/Portal.php 42
ERROR - 2017-08-08 13:14:18 --> Severity: Notice --> Use of undefined constant wanip - assumed 'wanip' /Code/php/workspace/woms-portal/app/models/api/wifidog/Splash_mo.php 251
ERROR - 2017-08-08 13:14:18 --> Severity: Notice --> Undefined index: authpic /Code/php/workspace/woms-portal/app/models/api/wifidog/Portal.php 41
ERROR - 2017-08-08 13:14:18 --> Severity: Notice --> Undefined index: pcauthpic /Code/php/workspace/woms-portal/app/models/api/wifidog/Portal.php 42
ERROR - 2017-08-08 13:40:24 --> Severity: Notice --> Undefined variable: apid /Code/php/workspace/woms-portal/gui/authstatistics.php 53
ERROR - 2017-08-08 13:40:24 --> Severity: Notice --> Undefined variable: apid /Code/php/workspace/woms-portal/gui/authstatistics.php 53
ERROR - 2017-08-08 13:41:15 --> Severity: Notice --> Undefined variable: apid /Code/php/workspace/woms-portal/gui/authstatistics.php 53
ERROR - 2017-08-08 13:41:15 --> Severity: Notice --> Undefined variable: apid /Code/php/workspace/woms-portal/gui/authstatistics.php 53
ERROR - 2017-08-08 13:41:23 --> Severity: Notice --> Undefined variable: apid /Code/php/workspace/woms-portal/gui/authstatistics.php 53
ERROR - 2017-08-08 13:41:23 --> Severity: Notice --> Undefined variable: apid /Code/php/workspace/woms-portal/gui/authstatistics.php 53
ERROR - 2017-08-08 13:42:11 --> Severity: Notice --> Undefined variable: apid /Code/php/workspace/woms-portal/gui/authstatistics.php 53
ERROR - 2017-08-08 13:42:11 --> Severity: Notice --> Undefined variable: apid /Code/php/workspace/woms-portal/gui/authstatistics.php 53
ERROR - 2017-08-08 13:42:40 --> 404 Page Not Found: Apple-touch-icon-120x120-precomposedpng/index
ERROR - 2017-08-08 13:42:40 --> 404 Page Not Found: Apple-touch-icon-120x120png/index
ERROR - 2017-08-08 13:42:40 --> 404 Page Not Found: Apple-touch-iconpng/index
ERROR - 2017-08-08 13:42:40 --> 404 Page Not Found: Apple-touch-iconpng/index
ERROR - 2017-08-08 13:42:40 --> 404 Page Not Found: Res/images
ERROR - 2017-08-08 13:42:40 --> 404 Page Not Found: Apple-touch-icon-precomposedpng/index
ERROR - 2017-08-08 13:42:40 --> 404 Page Not Found: Faviconico/index
ERROR - 2017-08-08 13:43:27 --> Severity: Notice --> Undefined variable: apid /Code/php/workspace/woms-portal/gui/authstatistics.php 53
ERROR - 2017-08-08 13:43:27 --> Severity: Notice --> Undefined variable: apid /Code/php/workspace/woms-portal/gui/authstatistics.php 53
ERROR - 2017-08-08 13:43:52 --> Severity: Notice --> Undefined variable: apid /Code/php/workspace/woms-portal/gui/authstatistics.php 53
ERROR - 2017-08-08 13:43:52 --> Severity: Notice --> Undefined variable: apid /Code/php/workspace/woms-portal/gui/authstatistics.php 53
ERROR - 2017-08-08 13:53:30 --> 404 Page Not Found: c/Api/wifidog
ERROR - 2017-08-08 13:53:43 --> Severity: Notice --> Undefined index: authpic /Code/php/workspace/woms-portal/app/models/api/wifidog/Portal.php 41
ERROR - 2017-08-08 13:53:43 --> Severity: Notice --> Undefined index: pcauthpic /Code/php/workspace/woms-portal/app/models/api/wifidog/Portal.php 42
ERROR - 2017-08-08 13:55:05 --> Severity: Notice --> Undefined variable: apid /Code/php/workspace/woms-portal/gui/authstatistics.php 53
ERROR - 2017-08-08 13:55:05 --> Severity: Notice --> Undefined variable: apid /Code/php/workspace/woms-portal/gui/authstatistics.php 53
ERROR - 2017-08-08 13:56:05 --> Severity: Notice --> Undefined variable: apid /Code/php/workspace/woms-portal/gui/authstatistics.php 53
ERROR - 2017-08-08 13:56:05 --> Severity: Notice --> Undefined variable: apid /Code/php/workspace/woms-portal/gui/authstatistics.php 53
ERROR - 2017-08-08 13:56:23 --> Severity: Notice --> Undefined variable: apid /Code/php/workspace/woms-portal/gui/authstatistics.php 53
ERROR - 2017-08-08 13:56:23 --> Severity: Notice --> Undefined variable: apid /Code/php/workspace/woms-portal/gui/authstatistics.php 53
ERROR - 2017-08-08 13:57:02 --> Severity: Notice --> Undefined variable: apid /Code/php/workspace/woms-portal/gui/authstatistics.php 53
ERROR - 2017-08-08 13:57:02 --> Severity: Notice --> Undefined variable: apid /Code/php/workspace/woms-portal/gui/authstatistics.php 53
ERROR - 2017-08-08 13:58:59 --> Severity: Notice --> Undefined variable: apid /Code/php/workspace/woms-portal/gui/authstatistics.php 53
ERROR - 2017-08-08 13:58:59 --> Severity: Notice --> Undefined variable: apid /Code/php/workspace/woms-portal/gui/authstatistics.php 53
ERROR - 2017-08-08 14:17:11 --> 404 Page Not Found: Res/js
ERROR - 2017-08-08 14:17:18 --> 404 Page Not Found: Res/js
ERROR - 2017-08-08 14:50:46 --> 404 Page Not Found: c/Api/wifidog
ERROR - 2017-08-08 14:50:52 --> Severity: Notice --> Use of undefined constant wanip - assumed 'wanip' /Code/php/workspace/woms-portal/app/models/api/wifidog/Splash_mo.php 179
ERROR - 2017-08-08 15:50:38 --> 404 Page Not Found: c/Api/wifidog
ERROR - 2017-08-08 15:50:42 --> Severity: Notice --> Use of undefined constant wanip - assumed 'wanip' /Code/php/workspace/woms-portal/app/models/api/wifidog/Splash_mo.php 179
ERROR - 2017-08-08 15:50:47 --> Severity: Notice --> Use of undefined constant wanip - assumed 'wanip' /Code/php/workspace/woms-portal/app/models/api/wifidog/Splash_mo.php 179
ERROR - 2017-08-08 16:18:00 --> 404 Page Not Found: c/Api/wifidog
