ERROR - 2017-07-05 09:54:04 --> 404 Page Not Found: Res/images
ERROR - 2017-07-05 09:54:08 --> 404 Page Not Found: Faviconico/index
ERROR - 2017-07-05 10:07:05 --> Severity: Parsing Error --> syntax error, unexpected 'public' (T_PUBLIC) F:\PHP\Code\workspace\Portal2.0\app\models\cooperater\Apmanage.php 153
ERROR - 2017-07-05 10:07:09 --> Severity: Parsing Error --> syntax error, unexpected 'public' (T_PUBLIC) F:\PHP\Code\workspace\Portal2.0\app\models\cooperater\Apmanage.php 153
ERROR - 2017-07-05 10:08:42 --> Severity: Parsing Error --> syntax error, unexpected '?>' F:\PHP\Code\workspace\Portal2.0\gui\apauthassist.php 26
ERROR - 2017-07-05 11:17:47 --> 404 Page Not Found: Res/images
ERROR - 2017-07-05 11:17:48 --> 404 Page Not Found: Faviconico/index
ERROR - 2017-07-05 11:32:38 --> 404 Page Not Found: Res/js
ERROR - 2017-07-05 11:32:38 --> 404 Page Not Found: Res/js
ERROR - 2017-07-05 11:32:38 --> 404 Page Not Found: Res/js
ERROR - 2017-07-05 11:32:38 --> 404 Page Not Found: Res/js
ERROR - 2017-07-05 11:32:38 --> 404 Page Not Found: Res/js
ERROR - 2017-07-05 11:32:38 --> 404 Page Not Found: Res/js
ERROR - 2017-07-05 11:32:48 --> 404 Page Not Found: Res/js
ERROR - 2017-07-05 11:32:48 --> 404 Page Not Found: Res/js
ERROR - 2017-07-05 11:32:48 --> 404 Page Not Found: Res/js
ERROR - 2017-07-05 11:32:48 --> 404 Page Not Found: Res/js
ERROR - 2017-07-05 11:32:48 --> 404 Page Not Found: Res/js
ERROR - 2017-07-05 11:33:14 --> 404 Page Not Found: Res/js
ERROR - 2017-07-05 11:33:14 --> 404 Page Not Found: Res/js
ERROR - 2017-07-05 11:33:14 --> 404 Page Not Found: Res/js
ERROR - 2017-07-05 11:33:14 --> 404 Page Not Found: Res/js
ERROR - 2017-07-05 11:33:14 --> 404 Page Not Found: Res/js
ERROR - 2017-07-05 11:33:14 --> 404 Page Not Found: Res/js
ERROR - 2017-07-05 11:33:35 --> 404 Page Not Found: Res/js
ERROR - 2017-07-05 11:33:36 --> 404 Page Not Found: Res/js
ERROR - 2017-07-05 11:33:36 --> 404 Page Not Found: Res/js
ERROR - 2017-07-05 11:33:36 --> 404 Page Not Found: Res/js
ERROR - 2017-07-05 11:33:36 --> 404 Page Not Found: Res/js
ERROR - 2017-07-05 11:33:53 --> 404 Page Not Found: Res/js
ERROR - 2017-07-05 11:33:54 --> 404 Page Not Found: Res/js
ERROR - 2017-07-05 11:33:54 --> 404 Page Not Found: Res/js
ERROR - 2017-07-05 11:33:54 --> 404 Page Not Found: Res/js
ERROR - 2017-07-05 11:33:54 --> 404 Page Not Found: Res/js
ERROR - 2017-07-05 13:32:27 --> Severity: Parsing Error --> syntax error, unexpected ':' F:\PHP\Code\workspace\Portal2.0\app\models\cooperater\Apmanage.php 461
ERROR - 2017-07-05 13:48:36 --> Severity: Notice --> Undefined variable: opt2 F:\PHP\Code\workspace\Portal2.0\gui\apauthassist.php 5
ERROR - 2017-07-05 13:49:36 --> Severity: Notice --> Undefined variable: opt F:\PHP\Code\workspace\Portal2.0\gui\apauthassist.php 44
ERROR - 2017-07-05 15:00:43 --> 404 Page Not Found: Res/images
ERROR - 2017-07-05 15:00:45 --> 404 Page Not Found: Faviconico/index
ERROR - 2017-07-05 15:14:06 --> 404 Page Not Found: Res/js
ERROR - 2017-07-05 15:14:19 --> 404 Page Not Found: Res/js
ERROR - 2017-07-05 15:15:07 --> Query error: Table 'wifiap_plat.used' doesn't exist - Invalid query: select id from used where cid = '1' and uname = 'adc'
ERROR - 2017-07-05 15:27:30 --> 404 Page Not Found: Res/js
ERROR - 2017-07-05 15:27:34 --> Query error: You have an error in your SQL syntax; check the manual that corresponds to your MySQL server version for the right syntax to use near '?,?,?,?,?,?,?,?,?,?,?)' at line 2 - Invalid query: insert into used (`uname`, `upasswd`, `apid`,`cid`, `expiredate`, `mutilogin`, `mutilcount`, `bindmac`, `bindmacnum`, `createtime`)
			 values (?,?,?,?,?,?,?,?,?,?,?) 
ERROR - 2017-07-05 15:28:30 --> Severity: Notice --> Undefined variable: bindmac F:\PHP\Code\workspace\Portal2.0\app\models\cooperater\Authmanage.php 145
ERROR - 2017-07-05 15:28:30 --> Severity: Notice --> Undefined variable: bindmacnum F:\PHP\Code\workspace\Portal2.0\app\models\cooperater\Authmanage.php 145
ERROR - 2017-07-05 15:28:30 --> Query error: You have an error in your SQL syntax; check the manual that corresponds to your MySQL server version for the right syntax to use near '?,?,?,?,?,?,?,?,?,?,?)' at line 2 - Invalid query: insert into used (`uname`, `upasswd`, `apid`,`cid`, `expiredate`, `mutilogin`, `mutilcount`, `bindmac`, `bindmacnum`, `createtime`)
			 values (?,?,?,?,?,?,?,?,?,?,?) 
ERROR - 2017-07-05 15:41:03 --> Severity: Notice --> Undefined variable: bindmac F:\PHP\Code\workspace\Portal2.0\app\models\cooperater\Authmanage.php 146
ERROR - 2017-07-05 15:41:03 --> Severity: Notice --> Undefined variable: bindmacnum F:\PHP\Code\workspace\Portal2.0\app\models\cooperater\Authmanage.php 146
ERROR - 2017-07-05 15:41:03 --> Query error: You have an error in your SQL syntax; check the manual that corresponds to your MySQL server version for the right syntax to use near '?,?,?,?,?,?,?,?,?)' at line 2 - Invalid query: insert into used (`uname`, `upasswd`, `apid`,`cid`, `expiredate`, `mutilogin`, `mutilcount`, `createtime`, `state`)
			 values (?,?,?,?,?,?,?,?,?) 
ERROR - 2017-07-05 15:56:34 --> Query error: Table 'wifiap_plat.used' doesn't exist - Invalid query: insert into used (`uname`, `upasswd`, `apid`,`cid`, `expiredate`, `mutilogin`, `mutilcount`, `createtime`, `state`)
			 values ('dasda','sdasd','10','1',1500566400,'0',0,1499241394,'0') 
ERROR - 2017-07-05 16:06:01 --> Query error: Table 'wifiap_plat.used' doesn't exist - Invalid query: insert into used (`uname`, `upasswd`, `apid`,`cid`, `expiredate`, `mutilogin`, `mutilcount`, `createtime`, `state`)
			 values ('dasda','sdasd','10','1',1500566400,'0',0,1499241961,'0') 
ERROR - 2017-07-05 16:15:46 --> Severity: Notice --> Undefined index: apid F:\PHP\Code\workspace\Portal2.0\gui\editvalidate.php 38
ERROR - 2017-07-05 16:15:46 --> Severity: Notice --> Undefined variable: selected F:\PHP\Code\workspace\Portal2.0\gui\editvalidate.php 39
ERROR - 2017-07-05 16:15:46 --> Severity: Notice --> Undefined index: apid F:\PHP\Code\workspace\Portal2.0\gui\editvalidate.php 38
ERROR - 2017-07-05 16:15:46 --> Severity: Notice --> Undefined variable: selected F:\PHP\Code\workspace\Portal2.0\gui\editvalidate.php 39
ERROR - 2017-07-05 16:15:51 --> Severity: Notice --> Undefined index: apid F:\PHP\Code\workspace\Portal2.0\gui\editvalidate.php 38
ERROR - 2017-07-05 16:15:51 --> Severity: Notice --> Undefined variable: selected F:\PHP\Code\workspace\Portal2.0\gui\editvalidate.php 39
ERROR - 2017-07-05 16:15:51 --> Severity: Notice --> Undefined index: apid F:\PHP\Code\workspace\Portal2.0\gui\editvalidate.php 38
ERROR - 2017-07-05 16:15:51 --> Severity: Notice --> Undefined variable: selected F:\PHP\Code\workspace\Portal2.0\gui\editvalidate.php 39
ERROR - 2017-07-05 16:16:19 --> Severity: Notice --> Undefined variable: selected F:\PHP\Code\workspace\Portal2.0\gui\editvalidate.php 39
ERROR - 2017-07-05 16:16:19 --> Severity: Notice --> Undefined variable: selected F:\PHP\Code\workspace\Portal2.0\gui\editvalidate.php 39
ERROR - 2017-07-05 16:16:19 --> 404 Page Not Found: Res/js
ERROR - 2017-07-05 16:16:42 --> 404 Page Not Found: Res/js
ERROR - 2017-07-05 16:17:33 --> 404 Page Not Found: Res/js
ERROR - 2017-07-05 16:18:04 --> 404 Page Not Found: Res/js
ERROR - 2017-07-05 16:18:52 --> 404 Page Not Found: Res/js
ERROR - 2017-07-05 16:20:34 --> Severity: Notice --> Undefined index: validatetime F:\PHP\Code\workspace\Portal2.0\gui\editvalidate.php 49
ERROR - 2017-07-05 16:20:34 --> 404 Page Not Found: Res/js
ERROR - 2017-07-05 16:20:52 --> 404 Page Not Found: Res/js
ERROR - 2017-07-05 16:21:11 --> 404 Page Not Found: Res/js
ERROR - 2017-07-05 16:21:30 --> 404 Page Not Found: Res/js
ERROR - 2017-07-05 16:22:33 --> 404 Page Not Found: Res/js
ERROR - 2017-07-05 16:23:04 --> 404 Page Not Found: Res/js
ERROR - 2017-07-05 16:23:54 --> 404 Page Not Found: Res/js
ERROR - 2017-07-05 16:25:24 --> 404 Page Not Found: Res/js
ERROR - 2017-07-05 16:26:48 --> 404 Page Not Found: Res/js
ERROR - 2017-07-05 16:30:37 --> Severity: Notice --> Undefined variable: user F:\PHP\Code\workspace\Portal2.0\gui\editvalidate.php 18
ERROR - 2017-07-05 16:30:37 --> Severity: Notice --> Undefined variable: user F:\PHP\Code\workspace\Portal2.0\gui\editvalidate.php 21
ERROR - 2017-07-05 16:30:37 --> Severity: Notice --> Undefined variable: user F:\PHP\Code\workspace\Portal2.0\gui\editvalidate.php 28
ERROR - 2017-07-05 16:30:37 --> Severity: Notice --> Undefined variable: ap F:\PHP\Code\workspace\Portal2.0\gui\editvalidate.php 37
ERROR - 2017-07-05 16:30:37 --> Severity: Warning --> Invalid argument supplied for foreach() F:\PHP\Code\workspace\Portal2.0\gui\editvalidate.php 37
ERROR - 2017-07-05 16:30:37 --> Severity: Notice --> Undefined variable: ap F:\PHP\Code\workspace\Portal2.0\gui\editvalidate.php 43
ERROR - 2017-07-05 16:30:37 --> Severity: Warning --> Invalid argument supplied for foreach() F:\PHP\Code\workspace\Portal2.0\gui\editvalidate.php 43
ERROR - 2017-07-05 16:30:37 --> Severity: Notice --> Undefined variable: user F:\PHP\Code\workspace\Portal2.0\gui\editvalidate.php 58
ERROR - 2017-07-05 16:30:37 --> Severity: Notice --> Undefined variable: user F:\PHP\Code\workspace\Portal2.0\gui\editvalidate.php 66
ERROR - 2017-07-05 16:30:37 --> Severity: Notice --> Undefined variable: user F:\PHP\Code\workspace\Portal2.0\gui\editvalidate.php 71
ERROR - 2017-07-05 16:30:37 --> Severity: Notice --> Undefined variable: user F:\PHP\Code\workspace\Portal2.0\gui\editvalidate.php 78
ERROR - 2017-07-05 16:30:37 --> Severity: Notice --> Undefined variable: user F:\PHP\Code\workspace\Portal2.0\gui\editvalidate.php 78
ERROR - 2017-07-05 16:30:37 --> Severity: Notice --> Undefined variable: user F:\PHP\Code\workspace\Portal2.0\gui\editvalidate.php 78
ERROR - 2017-07-05 16:30:37 --> Severity: Notice --> Undefined variable: user F:\PHP\Code\workspace\Portal2.0\gui\editvalidate.php 78
ERROR - 2017-07-05 16:30:37 --> Severity: Notice --> Undefined variable: user F:\PHP\Code\workspace\Portal2.0\gui\editvalidate.php 78
ERROR - 2017-07-05 16:30:37 --> Severity: Notice --> Undefined variable: user F:\PHP\Code\workspace\Portal2.0\gui\editvalidate.php 78
ERROR - 2017-07-05 16:30:37 --> Severity: Notice --> Undefined variable: user F:\PHP\Code\workspace\Portal2.0\gui\editvalidate.php 78
ERROR - 2017-07-05 16:30:37 --> Severity: Notice --> Undefined variable: user F:\PHP\Code\workspace\Portal2.0\gui\editvalidate.php 78
ERROR - 2017-07-05 16:30:37 --> Severity: Notice --> Undefined variable: user F:\PHP\Code\workspace\Portal2.0\gui\editvalidate.php 78
ERROR - 2017-07-05 16:30:37 --> Severity: Notice --> Undefined variable: user F:\PHP\Code\workspace\Portal2.0\gui\editvalidate.php 78
ERROR - 2017-07-05 16:30:37 --> Severity: Notice --> Undefined variable: user F:\PHP\Code\workspace\Portal2.0\gui\editvalidate.php 93
ERROR - 2017-07-05 16:30:37 --> Severity: Notice --> Undefined variable: user F:\PHP\Code\workspace\Portal2.0\gui\editvalidate.php 94
ERROR - 2017-07-05 16:30:42 --> Severity: Notice --> Undefined variable: user F:\PHP\Code\workspace\Portal2.0\gui\editvalidate.php 18
ERROR - 2017-07-05 16:30:42 --> Severity: Notice --> Undefined variable: user F:\PHP\Code\workspace\Portal2.0\gui\editvalidate.php 21
ERROR - 2017-07-05 16:30:42 --> Severity: Notice --> Undefined variable: user F:\PHP\Code\workspace\Portal2.0\gui\editvalidate.php 28
ERROR - 2017-07-05 16:30:42 --> Severity: Notice --> Undefined variable: ap F:\PHP\Code\workspace\Portal2.0\gui\editvalidate.php 37
ERROR - 2017-07-05 16:30:42 --> Severity: Warning --> Invalid argument supplied for foreach() F:\PHP\Code\workspace\Portal2.0\gui\editvalidate.php 37
ERROR - 2017-07-05 16:30:42 --> Severity: Notice --> Undefined variable: ap F:\PHP\Code\workspace\Portal2.0\gui\editvalidate.php 43
ERROR - 2017-07-05 16:30:42 --> Severity: Warning --> Invalid argument supplied for foreach() F:\PHP\Code\workspace\Portal2.0\gui\editvalidate.php 43
ERROR - 2017-07-05 16:30:42 --> Severity: Notice --> Undefined variable: user F:\PHP\Code\workspace\Portal2.0\gui\editvalidate.php 58
ERROR - 2017-07-05 16:30:42 --> Severity: Notice --> Undefined variable: user F:\PHP\Code\workspace\Portal2.0\gui\editvalidate.php 66
ERROR - 2017-07-05 16:30:42 --> Severity: Notice --> Undefined variable: user F:\PHP\Code\workspace\Portal2.0\gui\editvalidate.php 71
ERROR - 2017-07-05 16:30:42 --> Severity: Notice --> Undefined variable: user F:\PHP\Code\workspace\Portal2.0\gui\editvalidate.php 78
ERROR - 2017-07-05 16:30:42 --> Severity: Notice --> Undefined variable: user F:\PHP\Code\workspace\Portal2.0\gui\editvalidate.php 78
ERROR - 2017-07-05 16:30:42 --> Severity: Notice --> Undefined variable: user F:\PHP\Code\workspace\Portal2.0\gui\editvalidate.php 78
ERROR - 2017-07-05 16:30:42 --> Severity: Notice --> Undefined variable: user F:\PHP\Code\workspace\Portal2.0\gui\editvalidate.php 78
ERROR - 2017-07-05 16:30:42 --> Severity: Notice --> Undefined variable: user F:\PHP\Code\workspace\Portal2.0\gui\editvalidate.php 78
ERROR - 2017-07-05 16:30:42 --> Severity: Notice --> Undefined variable: user F:\PHP\Code\workspace\Portal2.0\gui\editvalidate.php 78
ERROR - 2017-07-05 16:30:42 --> Severity: Notice --> Undefined variable: user F:\PHP\Code\workspace\Portal2.0\gui\editvalidate.php 78
ERROR - 2017-07-05 16:30:42 --> Severity: Notice --> Undefined variable: user F:\PHP\Code\workspace\Portal2.0\gui\editvalidate.php 78
ERROR - 2017-07-05 16:30:42 --> Severity: Notice --> Undefined variable: user F:\PHP\Code\workspace\Portal2.0\gui\editvalidate.php 78
ERROR - 2017-07-05 16:30:42 --> Severity: Notice --> Undefined variable: user F:\PHP\Code\workspace\Portal2.0\gui\editvalidate.php 78
ERROR - 2017-07-05 16:30:42 --> Severity: Notice --> Undefined variable: user F:\PHP\Code\workspace\Portal2.0\gui\editvalidate.php 93
ERROR - 2017-07-05 16:30:42 --> Severity: Notice --> Undefined variable: user F:\PHP\Code\workspace\Portal2.0\gui\editvalidate.php 94
ERROR - 2017-07-05 16:31:43 --> 404 Page Not Found: Res/js
ERROR - 2017-07-05 16:31:54 --> 404 Page Not Found: Res/js
ERROR - 2017-07-05 17:23:56 --> 404 Page Not Found: Faviconico/index
