ERROR - 2017-08-14 08:40:33 --> 404 Page Not Found: Res/images
ERROR - 2017-08-14 08:40:35 --> 404 Page Not Found: Faviconico/index
ERROR - 2017-08-14 08:42:19 --> 404 Page Not Found: Apple-touch-icon-precomposedpng/index
ERROR - 2017-08-14 08:42:19 --> 404 Page Not Found: Apple-touch-iconpng/index
ERROR - 2017-08-14 08:42:19 --> 404 Page Not Found: Res/images
ERROR - 2017-08-14 08:42:19 --> 404 Page Not Found: Faviconico/index
ERROR - 2017-08-14 08:42:19 --> 404 Page Not Found: Apple-touch-icon-precomposedpng/index
ERROR - 2017-08-14 08:42:19 --> 404 Page Not Found: Apple-touch-iconpng/index
ERROR - 2017-08-14 08:42:19 --> 404 Page Not Found: Res/images
ERROR - 2017-08-14 08:42:19 --> 404 Page Not Found: Faviconico/index
ERROR - 2017-08-14 08:42:19 --> 404 Page Not Found: Apple-touch-icon-precomposedpng/index
ERROR - 2017-08-14 08:42:19 --> 404 Page Not Found: Apple-touch-iconpng/index
ERROR - 2017-08-14 08:42:19 --> 404 Page Not Found: Res/images
ERROR - 2017-08-14 08:42:19 --> 404 Page Not Found: Faviconico/index
ERROR - 2017-08-14 08:42:19 --> 404 Page Not Found: Apple-touch-icon-precomposedpng/index
ERROR - 2017-08-14 08:42:19 --> 404 Page Not Found: Apple-touch-iconpng/index
ERROR - 2017-08-14 08:42:19 --> 404 Page Not Found: Res/images
ERROR - 2017-08-14 08:42:19 --> 404 Page Not Found: Faviconico/index
ERROR - 2017-08-14 08:53:36 --> 404 Page Not Found: Res/images
ERROR - 2017-08-14 08:56:54 --> 404 Page Not Found: Faviconico/index
ERROR - 2017-08-14 09:00:33 --> 404 Page Not Found: Res/images
ERROR - 2017-08-14 09:00:42 --> 404 Page Not Found: Faviconico/index
ERROR - 2017-08-14 09:02:19 --> 404 Page Not Found: /index
ERROR - 2017-08-14 09:02:24 --> 404 Page Not Found: Res/images
ERROR - 2017-08-14 09:06:14 --> 404 Page Not Found: /index
ERROR - 2017-08-14 09:06:18 --> 404 Page Not Found: /index
ERROR - 2017-08-14 09:06:21 --> 404 Page Not Found: Res/images
ERROR - 2017-08-14 09:08:01 --> 404 Page Not Found: Apple-touch-icon-precomposedpng/index
ERROR - 2017-08-14 09:08:01 --> 404 Page Not Found: Apple-touch-iconpng/index
ERROR - 2017-08-14 09:08:01 --> 404 Page Not Found: Res/images
ERROR - 2017-08-14 09:08:01 --> 404 Page Not Found: Faviconico/index
ERROR - 2017-08-14 09:08:01 --> 404 Page Not Found: Apple-touch-icon-precomposedpng/index
ERROR - 2017-08-14 09:08:01 --> 404 Page Not Found: Apple-touch-iconpng/index
ERROR - 2017-08-14 09:08:01 --> 404 Page Not Found: Res/images
ERROR - 2017-08-14 09:08:01 --> 404 Page Not Found: Faviconico/index
ERROR - 2017-08-14 09:08:01 --> 404 Page Not Found: Apple-touch-icon-precomposedpng/index
ERROR - 2017-08-14 09:08:01 --> 404 Page Not Found: Apple-touch-iconpng/index
ERROR - 2017-08-14 09:08:01 --> 404 Page Not Found: Res/images
ERROR - 2017-08-14 09:08:01 --> 404 Page Not Found: Faviconico/index
ERROR - 2017-08-14 09:08:01 --> 404 Page Not Found: Apple-touch-icon-precomposedpng/index
ERROR - 2017-08-14 09:08:02 --> 404 Page Not Found: Apple-touch-iconpng/index
ERROR - 2017-08-14 09:08:02 --> 404 Page Not Found: Res/images
ERROR - 2017-08-14 09:08:02 --> 404 Page Not Found: Faviconico/index
ERROR - 2017-08-14 09:09:01 --> 404 Page Not Found: /index
ERROR - 2017-08-14 09:09:04 --> 404 Page Not Found: Res/images
ERROR - 2017-08-14 09:09:32 --> 404 Page Not Found: c/Api/wifidog
ERROR - 2017-08-14 09:27:54 --> 404 Page Not Found: /index
ERROR - 2017-08-14 09:28:17 --> 404 Page Not Found: Apple-touch-icon-precomposedpng/index
ERROR - 2017-08-14 09:28:17 --> 404 Page Not Found: Apple-touch-iconpng/index
ERROR - 2017-08-14 09:28:17 --> 404 Page Not Found: Res/images
ERROR - 2017-08-14 09:28:17 --> 404 Page Not Found: Faviconico/index
ERROR - 2017-08-14 09:28:17 --> 404 Page Not Found: Apple-touch-icon-precomposedpng/index
ERROR - 2017-08-14 09:28:17 --> 404 Page Not Found: Apple-touch-iconpng/index
ERROR - 2017-08-14 09:28:17 --> 404 Page Not Found: Res/images
ERROR - 2017-08-14 09:28:17 --> 404 Page Not Found: Faviconico/index
ERROR - 2017-08-14 09:28:17 --> 404 Page Not Found: Apple-touch-icon-precomposedpng/index
ERROR - 2017-08-14 09:28:17 --> 404 Page Not Found: Apple-touch-iconpng/index
ERROR - 2017-08-14 09:28:17 --> 404 Page Not Found: Res/images
ERROR - 2017-08-14 09:28:17 --> 404 Page Not Found: Faviconico/index
ERROR - 2017-08-14 09:28:17 --> 404 Page Not Found: Apple-touch-icon-precomposedpng/index
ERROR - 2017-08-14 09:28:17 --> 404 Page Not Found: Apple-touch-iconpng/index
ERROR - 2017-08-14 09:28:17 --> 404 Page Not Found: Res/images
ERROR - 2017-08-14 09:28:17 --> 404 Page Not Found: Faviconico/index
ERROR - 2017-08-14 09:29:32 --> 404 Page Not Found: /index
ERROR - 2017-08-14 09:29:35 --> 404 Page Not Found: /index
ERROR - 2017-08-14 09:29:38 --> 404 Page Not Found: Res/images
ERROR - 2017-08-14 09:30:09 --> 404 Page Not Found: Apple-touch-icon-precomposedpng/index
ERROR - 2017-08-14 09:30:09 --> 404 Page Not Found: Apple-touch-iconpng/index
ERROR - 2017-08-14 09:30:09 --> 404 Page Not Found: Res/images
ERROR - 2017-08-14 09:30:09 --> 404 Page Not Found: Faviconico/index
ERROR - 2017-08-14 09:30:09 --> 404 Page Not Found: Apple-touch-icon-precomposedpng/index
ERROR - 2017-08-14 09:30:09 --> 404 Page Not Found: Apple-touch-iconpng/index
ERROR - 2017-08-14 09:30:09 --> 404 Page Not Found: Res/images
ERROR - 2017-08-14 09:30:09 --> 404 Page Not Found: Faviconico/index
ERROR - 2017-08-14 09:30:09 --> 404 Page Not Found: Apple-touch-icon-precomposedpng/index
ERROR - 2017-08-14 09:30:09 --> 404 Page Not Found: Apple-touch-iconpng/index
ERROR - 2017-08-14 09:30:09 --> 404 Page Not Found: Res/images
ERROR - 2017-08-14 09:30:09 --> 404 Page Not Found: Faviconico/index
ERROR - 2017-08-14 09:30:09 --> 404 Page Not Found: Apple-touch-icon-precomposedpng/index
ERROR - 2017-08-14 09:30:09 --> 404 Page Not Found: Apple-touch-iconpng/index
ERROR - 2017-08-14 09:30:09 --> 404 Page Not Found: Res/images
ERROR - 2017-08-14 09:30:09 --> 404 Page Not Found: Faviconico/index
ERROR - 2017-08-14 09:31:36 --> 404 Page Not Found: /index
ERROR - 2017-08-14 09:31:38 --> 404 Page Not Found: Res/images
ERROR - 2017-08-14 14:37:27 --> 404 Page Not Found: Res/images
ERROR - 2017-08-14 14:37:29 --> 404 Page Not Found: Faviconico/index
ERROR - 2017-08-14 14:37:31 --> Severity: Parsing Error --> parse error /Code/php/workspace/woms-portal/app/models/cooperater/Wxmanage.php 39
ERROR - 2017-08-14 15:58:02 --> 404 Page Not Found: /index
ERROR - 2017-08-14 15:58:13 --> 404 Page Not Found: /index
ERROR - 2017-08-14 15:58:13 --> 404 Page Not Found: Faviconico/index
ERROR - 2017-08-14 15:58:13 --> 404 Page Not Found: Apple-touch-icon-precomposedpng/index
ERROR - 2017-08-14 15:58:13 --> 404 Page Not Found: Apple-touch-iconpng/index
ERROR - 2017-08-14 15:58:18 --> 404 Page Not Found: Res/images
ERROR - 2017-08-14 15:58:20 --> 404 Page Not Found: Faviconico/index
ERROR - 2017-08-14 15:59:13 --> 404 Page Not Found: Res/js
ERROR - 2017-08-14 15:59:13 --> 404 Page Not Found: Res/js
ERROR - 2017-08-14 16:02:43 --> 404 Page Not Found: Res/js
ERROR - 2017-08-14 16:02:43 --> 404 Page Not Found: Res/js
ERROR - 2017-08-14 16:02:44 --> 404 Page Not Found: Res/js
ERROR - 2017-08-14 16:02:44 --> 404 Page Not Found: Res/js
ERROR - 2017-08-14 16:02:46 --> 404 Page Not Found: Res/images
ERROR - 2017-08-14 16:03:50 --> 404 Page Not Found: Res/js
ERROR - 2017-08-14 16:03:50 --> 404 Page Not Found: Res/js
ERROR - 2017-08-14 16:05:06 --> 404 Page Not Found: Res/js
ERROR - 2017-08-14 16:05:06 --> 404 Page Not Found: Res/js
ERROR - 2017-08-14 16:06:27 --> 404 Page Not Found: Res/images
ERROR - 2017-08-14 16:06:29 --> 404 Page Not Found: Faviconico/index
ERROR - 2017-08-14 16:06:41 --> 404 Page Not Found: Res/js
ERROR - 2017-08-14 16:06:51 --> 404 Page Not Found: Res/js
ERROR - 2017-08-14 16:06:51 --> 404 Page Not Found: Res/js
ERROR - 2017-08-14 16:40:47 --> 404 Page Not Found: c/Api/wifidog
