ERROR - 2017-08-04 09:19:30 --> Severity: Notice --> Undefined variable: apid /Code/php/workspace/woms-portal/app/models/api/wifidog/Splash_mo.php 104
ERROR - 2017-08-04 09:19:30 --> Query error: Unknown column 'state' in 'field list' - Invalid query: update bindmac set state ='0' where apid = NULL and mac = '48:3B:38:90:56:EA'
ERROR - 2017-08-04 09:19:30 --> Severity: Notice --> Undefined variable: apid /Code/php/workspace/woms-portal/app/models/api/wifidog/Splash_mo.php 104
ERROR - 2017-08-04 09:19:30 --> Query error: Unknown column 'state' in 'field list' - Invalid query: update bindmac set state ='0' where apid = NULL and mac = '48:3B:38:90:56:EA'
ERROR - 2017-08-04 09:19:35 --> Severity: Notice --> Undefined variable: apid /Code/php/workspace/woms-portal/app/models/api/wifidog/Splash_mo.php 104
ERROR - 2017-08-04 09:19:35 --> Query error: Unknown column 'state' in 'field list' - Invalid query: update bindmac set state ='0' where apid = NULL and mac = '48:3B:38:90:56:EA'
ERROR - 2017-08-04 09:19:37 --> Severity: Notice --> Undefined variable: apid /Code/php/workspace/woms-portal/app/models/api/wifidog/Splash_mo.php 104
ERROR - 2017-08-04 09:19:37 --> Query error: Unknown column 'state' in 'field list' - Invalid query: update bindmac set state ='0' where apid = NULL and mac = '48:3B:38:90:56:EA'
ERROR - 2017-08-04 09:19:45 --> Severity: Notice --> Undefined variable: apid /Code/php/workspace/woms-portal/app/models/api/wifidog/Splash_mo.php 104
ERROR - 2017-08-04 09:19:45 --> Query error: Unknown column 'state' in 'field list' - Invalid query: update bindmac set state ='0' where apid = NULL and mac = '48:3B:38:90:56:EA'
ERROR - 2017-08-04 09:19:54 --> Severity: Notice --> Undefined variable: apid /Code/php/workspace/woms-portal/app/models/api/wifidog/Splash_mo.php 104
ERROR - 2017-08-04 09:19:54 --> Query error: Unknown column 'state' in 'field list' - Invalid query: update bindmac set state ='0' where apid = NULL and mac = '48:3B:38:90:56:EA'
ERROR - 2017-08-04 09:19:54 --> Severity: Notice --> Undefined variable: apid /Code/php/workspace/woms-portal/app/models/api/wifidog/Splash_mo.php 104
ERROR - 2017-08-04 09:19:54 --> Query error: Unknown column 'state' in 'field list' - Invalid query: update bindmac set state ='0' where apid = NULL and mac = '48:3B:38:90:56:EA'
ERROR - 2017-08-04 09:19:55 --> Severity: Notice --> Undefined variable: apid /Code/php/workspace/woms-portal/app/models/api/wifidog/Splash_mo.php 104
ERROR - 2017-08-04 09:19:55 --> Query error: Unknown column 'state' in 'field list' - Invalid query: update bindmac set state ='0' where apid = NULL and mac = '48:3B:38:90:56:EA'
ERROR - 2017-08-04 09:20:00 --> Severity: Notice --> Undefined variable: apid /Code/php/workspace/woms-portal/app/models/api/wifidog/Splash_mo.php 104
ERROR - 2017-08-04 09:20:00 --> Query error: Unknown column 'state' in 'field list' - Invalid query: update bindmac set state ='0' where apid = NULL and mac = '48:3B:38:90:56:EA'
ERROR - 2017-08-04 09:20:01 --> Severity: Notice --> Undefined variable: apid /Code/php/workspace/woms-portal/app/models/api/wifidog/Splash_mo.php 104
ERROR - 2017-08-04 09:20:01 --> Query error: Unknown column 'state' in 'field list' - Invalid query: update bindmac set state ='0' where apid = NULL and mac = '48:3B:38:90:56:EA'
ERROR - 2017-08-04 09:20:01 --> Severity: Notice --> Undefined variable: apid /Code/php/workspace/woms-portal/app/models/api/wifidog/Splash_mo.php 104
ERROR - 2017-08-04 09:20:01 --> Query error: Unknown column 'state' in 'field list' - Invalid query: update bindmac set state ='0' where apid = NULL and mac = '48:3B:38:90:56:EA'
ERROR - 2017-08-04 09:20:01 --> Severity: Notice --> Undefined variable: apid /Code/php/workspace/woms-portal/app/models/api/wifidog/Splash_mo.php 104
ERROR - 2017-08-04 09:20:01 --> Query error: Unknown column 'state' in 'field list' - Invalid query: update bindmac set state ='0' where apid = NULL and mac = '48:3B:38:90:56:EA'
ERROR - 2017-08-04 09:20:02 --> Severity: Notice --> Undefined variable: apid /Code/php/workspace/woms-portal/app/models/api/wifidog/Splash_mo.php 104
ERROR - 2017-08-04 09:20:02 --> Query error: Unknown column 'state' in 'field list' - Invalid query: update bindmac set state ='0' where apid = NULL and mac = '48:3B:38:90:56:EA'
ERROR - 2017-08-04 09:20:35 --> Severity: Notice --> Undefined variable: apid /Code/php/workspace/woms-portal/app/models/api/wifidog/Splash_mo.php 104
ERROR - 2017-08-04 09:20:35 --> Query error: Unknown column 'state' in 'field list' - Invalid query: update bindmac set state ='0' where apid = NULL and mac = '48:3B:38:90:56:EA'
ERROR - 2017-08-04 09:20:35 --> Severity: Notice --> Undefined variable: apid /Code/php/workspace/woms-portal/app/models/api/wifidog/Splash_mo.php 104
ERROR - 2017-08-04 09:20:35 --> Query error: Unknown column 'state' in 'field list' - Invalid query: update bindmac set state ='0' where apid = NULL and mac = '48:3B:38:90:56:EA'
ERROR - 2017-08-04 09:20:37 --> Severity: Notice --> Undefined variable: apid /Code/php/workspace/woms-portal/app/models/api/wifidog/Splash_mo.php 104
ERROR - 2017-08-04 09:20:37 --> Query error: Unknown column 'state' in 'field list' - Invalid query: update bindmac set state ='0' where apid = NULL and mac = '48:3B:38:90:56:EA'
ERROR - 2017-08-04 09:20:42 --> Severity: Notice --> Undefined variable: apid /Code/php/workspace/woms-portal/app/models/api/wifidog/Splash_mo.php 104
ERROR - 2017-08-04 09:20:42 --> Query error: Unknown column 'state' in 'field list' - Invalid query: update bindmac set state ='0' where apid = NULL and mac = '48:3B:38:90:56:EA'
ERROR - 2017-08-04 09:21:38 --> Severity: Notice --> Undefined variable: apid /Code/php/workspace/woms-portal/app/models/api/wifidog/Splash_mo.php 104
ERROR - 2017-08-04 09:21:38 --> Query error: Unknown column 'state' in 'field list' - Invalid query: update bindmac set state ='0' where apid = NULL and mac = '48:3B:38:90:56:EA'
ERROR - 2017-08-04 09:21:38 --> Severity: Notice --> Undefined variable: apid /Code/php/workspace/woms-portal/app/models/api/wifidog/Splash_mo.php 104
ERROR - 2017-08-04 09:21:38 --> Query error: Unknown column 'state' in 'field list' - Invalid query: update bindmac set state ='0' where apid = NULL and mac = '48:3B:38:90:56:EA'
ERROR - 2017-08-04 09:21:38 --> Severity: Notice --> Undefined variable: apid /Code/php/workspace/woms-portal/app/models/api/wifidog/Splash_mo.php 104
ERROR - 2017-08-04 09:21:38 --> Query error: Unknown column 'state' in 'field list' - Invalid query: update bindmac set state ='0' where apid = NULL and mac = '48:3B:38:90:56:EA'
ERROR - 2017-08-04 09:21:38 --> Severity: Notice --> Undefined variable: apid /Code/php/workspace/woms-portal/app/models/api/wifidog/Splash_mo.php 104
ERROR - 2017-08-04 09:21:38 --> Query error: Unknown column 'state' in 'field list' - Invalid query: update bindmac set state ='0' where apid = NULL and mac = '48:3B:38:90:56:EA'
ERROR - 2017-08-04 09:21:38 --> Severity: Notice --> Undefined variable: apid /Code/php/workspace/woms-portal/app/models/api/wifidog/Splash_mo.php 104
ERROR - 2017-08-04 09:21:38 --> Query error: Unknown column 'state' in 'field list' - Invalid query: update bindmac set state ='0' where apid = NULL and mac = '48:3B:38:90:56:EA'
ERROR - 2017-08-04 09:22:43 --> Severity: Notice --> Undefined variable: apid /Code/php/workspace/woms-portal/app/models/api/wifidog/Splash_mo.php 104
ERROR - 2017-08-04 09:22:43 --> Query error: Unknown column 'state' in 'field list' - Invalid query: update bindmac set state ='0' where apid = NULL and mac = '48:3B:38:90:56:EA'
ERROR - 2017-08-04 09:22:43 --> Severity: Notice --> Undefined variable: apid /Code/php/workspace/woms-portal/app/models/api/wifidog/Splash_mo.php 104
ERROR - 2017-08-04 09:22:43 --> Query error: Unknown column 'state' in 'field list' - Invalid query: update bindmac set state ='0' where apid = NULL and mac = '48:3B:38:90:56:EA'
ERROR - 2017-08-04 09:22:43 --> Severity: Notice --> Undefined variable: apid /Code/php/workspace/woms-portal/app/models/api/wifidog/Splash_mo.php 104
ERROR - 2017-08-04 09:22:43 --> Query error: Unknown column 'state' in 'field list' - Invalid query: update bindmac set state ='0' where apid = NULL and mac = '48:3B:38:90:56:EA'
ERROR - 2017-08-04 09:22:44 --> Severity: Notice --> Undefined variable: apid /Code/php/workspace/woms-portal/app/models/api/wifidog/Splash_mo.php 104
ERROR - 2017-08-04 09:22:44 --> Query error: Unknown column 'state' in 'field list' - Invalid query: update bindmac set state ='0' where apid = NULL and mac = '48:3B:38:90:56:EA'
ERROR - 2017-08-04 09:22:45 --> Severity: Notice --> Undefined variable: apid /Code/php/workspace/woms-portal/app/models/api/wifidog/Splash_mo.php 104
ERROR - 2017-08-04 09:22:45 --> Query error: Unknown column 'state' in 'field list' - Invalid query: update bindmac set state ='0' where apid = NULL and mac = '48:3B:38:90:56:EA'
ERROR - 2017-08-04 09:22:46 --> Severity: Notice --> Undefined variable: apid /Code/php/workspace/woms-portal/app/models/api/wifidog/Splash_mo.php 104
ERROR - 2017-08-04 09:22:46 --> Query error: Unknown column 'state' in 'field list' - Invalid query: update bindmac set state ='0' where apid = NULL and mac = '48:3B:38:90:56:EA'
ERROR - 2017-08-04 09:25:54 --> Severity: Notice --> Undefined variable: apid /Code/php/workspace/woms-portal/app/models/api/wifidog/Splash_mo.php 104
ERROR - 2017-08-04 09:25:54 --> Query error: Unknown column 'state' in 'field list' - Invalid query: update bindmac set state ='0' where apid = NULL and mac = '48:3B:38:90:56:EA'
ERROR - 2017-08-04 09:25:56 --> Severity: Notice --> Undefined variable: apid /Code/php/workspace/woms-portal/app/models/api/wifidog/Splash_mo.php 104
ERROR - 2017-08-04 09:25:56 --> Query error: Unknown column 'state' in 'field list' - Invalid query: update bindmac set state ='0' where apid = NULL and mac = '48:3B:38:90:56:EA'
ERROR - 2017-08-04 09:26:32 --> Severity: Notice --> Undefined variable: apid /Code/php/workspace/woms-portal/app/models/api/wifidog/Splash_mo.php 104
ERROR - 2017-08-04 09:26:32 --> Query error: Unknown column 'state' in 'field list' - Invalid query: update bindmac set state ='0' where apid = NULL and mac = '48:3B:38:51:35:C3'
ERROR - 2017-08-04 09:26:51 --> Severity: Notice --> Undefined variable: apid /Code/php/workspace/woms-portal/app/models/api/wifidog/Splash_mo.php 104
ERROR - 2017-08-04 09:26:51 --> Query error: Unknown column 'state' in 'field list' - Invalid query: update bindmac set state ='0' where apid = NULL and mac = '48:3B:38:51:35:C3'
ERROR - 2017-08-04 09:26:51 --> Severity: Notice --> Undefined variable: apid /Code/php/workspace/woms-portal/app/models/api/wifidog/Splash_mo.php 104
ERROR - 2017-08-04 09:26:51 --> Query error: Unknown column 'state' in 'field list' - Invalid query: update bindmac set state ='0' where apid = NULL and mac = '48:3B:38:51:35:C3'
ERROR - 2017-08-04 09:27:01 --> Severity: Notice --> Undefined variable: apid /Code/php/workspace/woms-portal/app/models/api/wifidog/Splash_mo.php 104
ERROR - 2017-08-04 09:27:01 --> Query error: Unknown column 'state' in 'field list' - Invalid query: update bindmac set state ='0' where apid = NULL and mac = '48:3B:38:51:35:C3'
ERROR - 2017-08-04 09:27:02 --> Severity: Notice --> Undefined variable: apid /Code/php/workspace/woms-portal/app/models/api/wifidog/Splash_mo.php 104
ERROR - 2017-08-04 09:27:02 --> Query error: Unknown column 'state' in 'field list' - Invalid query: update bindmac set state ='0' where apid = NULL and mac = '48:3B:38:51:35:C3'
ERROR - 2017-08-04 09:27:02 --> Severity: Notice --> Undefined variable: apid /Code/php/workspace/woms-portal/app/models/api/wifidog/Splash_mo.php 104
ERROR - 2017-08-04 09:27:02 --> Query error: Unknown column 'state' in 'field list' - Invalid query: update bindmac set state ='0' where apid = NULL and mac = '48:3B:38:51:35:C3'
ERROR - 2017-08-04 11:32:21 --> 404 Page Not Found: Apple-touch-icon-precomposedpng/index
ERROR - 2017-08-04 11:32:21 --> 404 Page Not Found: Apple-touch-iconpng/index
ERROR - 2017-08-04 11:32:21 --> 404 Page Not Found: Res/images
ERROR - 2017-08-04 11:32:21 --> 404 Page Not Found: Faviconico/index
ERROR - 2017-08-04 11:32:21 --> 404 Page Not Found: Apple-touch-icon-precomposedpng/index
ERROR - 2017-08-04 11:32:21 --> 404 Page Not Found: Apple-touch-iconpng/index
ERROR - 2017-08-04 11:32:21 --> 404 Page Not Found: Res/images
ERROR - 2017-08-04 11:32:21 --> 404 Page Not Found: Faviconico/index
ERROR - 2017-08-04 11:32:21 --> 404 Page Not Found: Apple-touch-icon-precomposedpng/index
ERROR - 2017-08-04 11:32:21 --> 404 Page Not Found: Apple-touch-iconpng/index
ERROR - 2017-08-04 11:32:21 --> 404 Page Not Found: Res/images
ERROR - 2017-08-04 11:32:21 --> 404 Page Not Found: Faviconico/index
ERROR - 2017-08-04 11:32:22 --> 404 Page Not Found: Apple-touch-icon-precomposedpng/index
ERROR - 2017-08-04 11:32:22 --> 404 Page Not Found: Apple-touch-iconpng/index
ERROR - 2017-08-04 11:32:22 --> 404 Page Not Found: Res/images
ERROR - 2017-08-04 11:32:22 --> 404 Page Not Found: Faviconico/index
ERROR - 2017-08-04 13:24:14 --> 404 Page Not Found: Apple-touch-icon-precomposedpng/index
ERROR - 2017-08-04 13:24:14 --> 404 Page Not Found: Apple-touch-iconpng/index
ERROR - 2017-08-04 13:24:14 --> 404 Page Not Found: Res/images
ERROR - 2017-08-04 13:24:14 --> 404 Page Not Found: Faviconico/index
ERROR - 2017-08-04 13:24:14 --> 404 Page Not Found: Apple-touch-icon-precomposedpng/index
ERROR - 2017-08-04 13:24:14 --> 404 Page Not Found: Apple-touch-iconpng/index
ERROR - 2017-08-04 13:24:14 --> 404 Page Not Found: Res/images
ERROR - 2017-08-04 13:24:14 --> 404 Page Not Found: Faviconico/index
ERROR - 2017-08-04 13:24:14 --> 404 Page Not Found: Apple-touch-icon-precomposedpng/index
ERROR - 2017-08-04 13:24:14 --> 404 Page Not Found: Apple-touch-iconpng/index
ERROR - 2017-08-04 13:24:14 --> 404 Page Not Found: Res/images
ERROR - 2017-08-04 13:24:14 --> 404 Page Not Found: Faviconico/index
ERROR - 2017-08-04 13:24:14 --> 404 Page Not Found: Apple-touch-icon-precomposedpng/index
ERROR - 2017-08-04 13:24:14 --> 404 Page Not Found: Apple-touch-iconpng/index
ERROR - 2017-08-04 13:24:14 --> 404 Page Not Found: Res/images
ERROR - 2017-08-04 13:24:14 --> 404 Page Not Found: Faviconico/index
ERROR - 2017-08-04 16:16:49 --> 404 Page Not Found: Res/images
ERROR - 2017-08-04 16:16:52 --> 404 Page Not Found: Res/images
ERROR - 2017-08-04 16:17:02 --> 404 Page Not Found: Faviconico/index
ERROR - 2017-08-04 16:50:24 --> Severity: Notice --> Uninitialized string offset: 0 /Code/php/workspace/woms-portal/app/models/cooperater/Tmpmanage.php 253
ERROR - 2017-08-04 16:50:30 --> Severity: Notice --> Uninitialized string offset: 0 /Code/php/workspace/woms-portal/app/models/cooperater/Tmpmanage.php 253
ERROR - 2017-08-04 16:51:04 --> 404 Page Not Found: Res/js
ERROR - 2017-08-04 16:52:32 --> 404 Page Not Found: Res/js
ERROR - 2017-08-04 16:54:28 --> 404 Page Not Found: Res/js
ERROR - 2017-08-04 16:55:56 --> 404 Page Not Found: Res/js
ERROR - 2017-08-04 17:08:06 --> Severity: error --> Exception: Error Processing Request /Code/php/workspace/woms-portal/app/models/cooperater/Tmpmanage.php 55
ERROR - 2017-08-04 17:14:32 --> Severity: error --> Exception: Error Processing Request /Code/php/workspace/woms-portal/app/models/cooperater/Tmpmanage.php 55
