ERROR - 2017-08-09 10:52:05 --> 404 Page Not Found: Faviconico/index
ERROR - 2017-08-09 12:17:08 --> Severity: Notice --> Use of undefined constant wanip - assumed 'wanip' /Code/php/workspace/woms-portal/app/models/api/wifidog/Splash_mo.php 179
ERROR - 2017-08-09 13:53:15 --> Query error: You have an error in your SQL syntax; check the manual that corresponds to your MySQL server version for the right syntax to use near '?, wxtoken=?, wxlinktitle=?,wxlinkcontent=?,wxlinkurl=?  ,wxrqcode=?  ,wxlinklog' at line 1 - Invalid query: update cooperater set wxaccount=?, wxtoken=?, wxlinktitle=?,wxlinkcontent=?,wxlinkurl=?  ,wxrqcode=?  ,wxlinklogo=?  where cid = ?
ERROR - 2017-08-09 13:53:18 --> 404 Page Not Found: Res/js
ERROR - 2017-08-09 13:53:18 --> 404 Page Not Found: Res/js
ERROR - 2017-08-09 13:54:26 --> Query error: You have an error in your SQL syntax; check the manual that corresponds to your MySQL server version for the right syntax to use near '?, wxtoken=?, wxlinktitle=?,wxlinkcontent=?,wxlinkurl=?  ,wxrqcode=?  ,wxlinklog' at line 1 - Invalid query: update cooperater set wxaccount=?, wxtoken=?, wxlinktitle=?,wxlinkcontent=?,wxlinkurl=?  ,wxrqcode=?  ,wxlinklogo=?  where cid = ?
ERROR - 2017-08-09 13:56:11 --> Severity: Notice --> Undefined index: wxdockurl /Code/php/workspace/woms-portal/gui/authweixin.php 34
ERROR - 2017-08-09 13:56:11 --> 404 Page Not Found: Res/js
ERROR - 2017-08-09 13:56:11 --> 404 Page Not Found: Res/js
ERROR - 2017-08-09 13:56:24 --> Severity: Notice --> Undefined index: wxdockurl /Code/php/workspace/woms-portal/gui/authweixin.php 34
ERROR - 2017-08-09 13:56:24 --> 404 Page Not Found: Res/js
ERROR - 2017-08-09 13:56:24 --> 404 Page Not Found: Res/js
ERROR - 2017-08-09 13:56:37 --> Severity: Notice --> Undefined index: wxdockurl /Code/php/workspace/woms-portal/gui/authweixin.php 34
ERROR - 2017-08-09 14:00:06 --> Query error: You have an error in your SQL syntax; check the manual that corresponds to your MySQL server version for the right syntax to use near '?, wxtoken=?, wxlinktitle=?,wxlinkcontent=?,wxlinkurl=?  ,wxrqcode=?  where cid ' at line 1 - Invalid query: update cooperater set wxaccount=?, wxtoken=?, wxlinktitle=?,wxlinkcontent=?,wxlinkurl=?  ,wxrqcode=?  where cid = ?
ERROR - 2017-08-09 14:01:59 --> Query error: You have an error in your SQL syntax; check the manual that corresponds to your MySQL server version for the right syntax to use near '?, wxtoken=?, wxlinktitle=?, wxlinkcontent=?, wxlinkurl=?  ,wxrqcode=?  where ci' at line 1 - Invalid query: update cooperater set wxaccount=?, wxtoken=?, wxlinktitle=?, wxlinkcontent=?, wxlinkurl=?  ,wxrqcode=?  where cid = ?
ERROR - 2017-08-09 14:51:08 --> Severity: Notice --> Undefined index: wxdockurl /Code/php/workspace/woms-portal/gui/authweixin.php 34
ERROR - 2017-08-09 14:52:34 --> Severity: Notice --> Undefined index: wxdockurl /Code/php/workspace/woms-portal/gui/authweixin.php 34
ERROR - 2017-08-09 14:53:13 --> Severity: Notice --> Undefined index: wxdockurl /Code/php/workspace/woms-portal/gui/authweixin.php 34
ERROR - 2017-08-09 14:53:32 --> Severity: Notice --> Undefined variable: wxdocurl /Code/php/workspace/woms-portal/app/models/cooperater/Wxmanage.php 42
ERROR - 2017-08-09 14:53:32 --> Query error: You have an error in your SQL syntax; check the manual that corresponds to your MySQL server version for the right syntax to use near '?, wxtoken=?, wxlinktitle=?, wxlinkcontent=?, wxlinkurl=?, $wxdocurl where cid =' at line 1 - Invalid query: update cooperater set wxaccount=?, wxtoken=?, wxlinktitle=?, wxlinkcontent=?, wxlinkurl=?, $wxdocurl where cid = ?
ERROR - 2017-08-09 14:53:36 --> 404 Page Not Found: Res/js
ERROR - 2017-08-09 14:53:36 --> 404 Page Not Found: Res/js
ERROR - 2017-08-09 14:53:42 --> Severity: Notice --> Undefined variable: wxdocurl /Code/php/workspace/woms-portal/app/models/cooperater/Wxmanage.php 42
ERROR - 2017-08-09 14:53:42 --> Query error: You have an error in your SQL syntax; check the manual that corresponds to your MySQL server version for the right syntax to use near '?, wxtoken=?, wxlinktitle=?, wxlinkcontent=?, wxlinkurl=?, $wxdocurl where cid =' at line 1 - Invalid query: update cooperater set wxaccount=?, wxtoken=?, wxlinktitle=?, wxlinkcontent=?, wxlinkurl=?, $wxdocurl where cid = ?
ERROR - 2017-08-09 14:53:59 --> Query error: You have an error in your SQL syntax; check the manual that corresponds to your MySQL server version for the right syntax to use near '?, wxtoken=?, wxlinktitle=?, wxlinkcontent=?, wxlinkurl=?, $wxdocurl where cid =' at line 1 - Invalid query: update cooperater set wxaccount=?, wxtoken=?, wxlinktitle=?, wxlinkcontent=?, wxlinkurl=?, $wxdocurl where cid = ?
ERROR - 2017-08-09 14:54:34 --> Severity: Notice --> Undefined index: wxdockurl /Code/php/workspace/woms-portal/gui/authweixin.php 34
ERROR - 2017-08-09 14:54:34 --> 404 Page Not Found: Res/js
ERROR - 2017-08-09 14:54:34 --> 404 Page Not Found: Res/js
ERROR - 2017-08-09 14:54:45 --> 404 Page Not Found: Res/js
ERROR - 2017-08-09 14:54:45 --> 404 Page Not Found: Res/js
ERROR - 2017-08-09 16:00:50 --> 404 Page Not Found: c/Api/wifidog
ERROR - 2017-08-09 16:00:52 --> Severity: Notice --> Use of undefined constant wanip - assumed 'wanip' /Code/php/workspace/woms-portal/app/models/api/wifidog/Splash_mo.php 179
ERROR - 2017-08-09 16:00:58 --> 404 Page Not Found: c/Api/wifidog
ERROR - 2017-08-09 16:28:18 --> 404 Page Not Found: Res/images
