ERROR - 2017-07-21 09:10:46 --> 404 Page Not Found: Res/images
ERROR - 2017-07-21 09:10:52 --> 404 Page Not Found: Faviconico/index
ERROR - 2017-07-21 09:40:25 --> Severity: Notice --> Undefined variable: apid F:\PHP\Code\workspace\Portal2.0\gui\authstatistics.php 53
ERROR - 2017-07-21 09:58:12 --> 404 Page Not Found: c/Api/wifidogping
ERROR - 2017-07-21 09:58:57 --> 404 Page Not Found: c/Api/wifidoglogin
ERROR - 2017-07-21 09:58:57 --> 404 Page Not Found: c/Api/wifidoglogin
ERROR - 2017-07-21 09:59:07 --> 404 Page Not Found: c/Api/wifidoglogin
ERROR - 2017-07-21 09:59:07 --> 404 Page Not Found: c/Api/wifidoglogin
ERROR - 2017-07-21 09:59:07 --> 404 Page Not Found: c/Api/wifidoglogin
ERROR - 2017-07-21 09:59:07 --> 404 Page Not Found: c/Api/wifidoglogin
ERROR - 2017-07-21 09:59:07 --> 404 Page Not Found: c/Api/wifidoglogin
ERROR - 2017-07-21 09:59:07 --> 404 Page Not Found: c/Api/wifidoglogin
ERROR - 2017-07-21 09:59:07 --> 404 Page Not Found: Faviconico/index
ERROR - 2017-07-21 09:59:27 --> 404 Page Not Found: c/Api/wifidogping
ERROR - 2017-07-21 09:59:27 --> 404 Page Not Found: c/Api/wifidoglogin
ERROR - 2017-07-21 09:59:27 --> 404 Page Not Found: c/Api/wifidoglogin
ERROR - 2017-07-21 09:59:27 --> 404 Page Not Found: c/Api/wifidoglogin
ERROR - 2017-07-21 09:59:27 --> 404 Page Not Found: c/Api/wifidoglogin
ERROR - 2017-07-21 09:59:27 --> 404 Page Not Found: c/Api/wifidoglogin
ERROR - 2017-07-21 09:59:27 --> 404 Page Not Found: c/Api/wifidoglogin
ERROR - 2017-07-21 09:59:27 --> 404 Page Not Found: c/Api/wifidoglogin
ERROR - 2017-07-21 09:59:27 --> 404 Page Not Found: c/Api/wifidoglogin
ERROR - 2017-07-21 09:59:27 --> 404 Page Not Found: c/Api/wifidoglogin
ERROR - 2017-07-21 09:59:27 --> 404 Page Not Found: c/Api/wifidoglogin
ERROR - 2017-07-21 09:59:27 --> 404 Page Not Found: c/Api/wifidoglogin
ERROR - 2017-07-21 09:59:27 --> 404 Page Not Found: c/Api/wifidoglogin
ERROR - 2017-07-21 09:59:27 --> 404 Page Not Found: c/Api/wifidoglogin
ERROR - 2017-07-21 09:59:27 --> 404 Page Not Found: c/Api/wifidoglogin
ERROR - 2017-07-21 09:59:28 --> 404 Page Not Found: c/Api/wifidoglogin
ERROR - 2017-07-21 09:59:28 --> 404 Page Not Found: c/Api/wifidoglogin
ERROR - 2017-07-21 09:59:28 --> 404 Page Not Found: c/Api/wifidoglogin
ERROR - 2017-07-21 09:59:28 --> 404 Page Not Found: c/Api/wifidoglogin
ERROR - 2017-07-21 09:59:28 --> 404 Page Not Found: c/Api/wifidoglogin
ERROR - 2017-07-21 09:59:28 --> 404 Page Not Found: c/Api/wifidoglogin
ERROR - 2017-07-21 09:59:28 --> 404 Page Not Found: c/Api/wifidoglogin
ERROR - 2017-07-21 09:59:28 --> 404 Page Not Found: c/Api/wifidoglogin
ERROR - 2017-07-21 09:59:29 --> 404 Page Not Found: c/Api/wifidoglogin
ERROR - 2017-07-21 09:59:29 --> 404 Page Not Found: c/Api/wifidoglogin
ERROR - 2017-07-21 10:00:48 --> 404 Page Not Found: c/Api/wifidogping
ERROR - 2017-07-21 10:00:49 --> 404 Page Not Found: c/Api/wifidoglogin
ERROR - 2017-07-21 10:01:02 --> 404 Page Not Found: c/Api/wifidoglogin
ERROR - 2017-07-21 10:01:16 --> 404 Page Not Found: c/Api/wifidoglogin
ERROR - 2017-07-21 10:01:18 --> 404 Page Not Found: c/Api/wifidoglogin
ERROR - 2017-07-21 10:01:18 --> 404 Page Not Found: c/Api/wifidoglogin
ERROR - 2017-07-21 10:01:18 --> 404 Page Not Found: Faviconico/index
ERROR - 2017-07-21 10:01:30 --> 404 Page Not Found: c/Api/wifidoglogin
ERROR - 2017-07-21 10:01:30 --> 404 Page Not Found: c/Api/wifidoglogin
ERROR - 2017-07-21 10:01:30 --> 404 Page Not Found: c/Api/wifidoglogin
ERROR - 2017-07-21 10:01:30 --> 404 Page Not Found: c/Api/wifidoglogin
ERROR - 2017-07-21 10:01:30 --> 404 Page Not Found: c/Api/wifidoglogin
ERROR - 2017-07-21 10:01:30 --> 404 Page Not Found: c/Api/wifidoglogin
ERROR - 2017-07-21 10:01:31 --> 404 Page Not Found: c/Api/wifidoglogin
ERROR - 2017-07-21 10:01:31 --> 404 Page Not Found: c/Api/wifidoglogin
ERROR - 2017-07-21 10:01:31 --> 404 Page Not Found: c/Api/wifidoglogin
ERROR - 2017-07-21 10:01:31 --> 404 Page Not Found: c/Api/wifidoglogin
ERROR - 2017-07-21 10:01:31 --> 404 Page Not Found: c/Api/wifidoglogin
ERROR - 2017-07-21 10:01:31 --> 404 Page Not Found: c/Api/wifidoglogin
ERROR - 2017-07-21 10:01:31 --> 404 Page Not Found: c/Api/wifidoglogin
ERROR - 2017-07-21 10:01:31 --> 404 Page Not Found: c/Api/wifidoglogin
ERROR - 2017-07-21 10:01:38 --> 404 Page Not Found: c/Api/wifidoglogin
ERROR - 2017-07-21 10:01:48 --> 404 Page Not Found: c/Api/wifidogping
ERROR - 2017-07-21 10:02:21 --> 404 Page Not Found: c/Api/wifidoglogin
ERROR - 2017-07-21 10:02:48 --> 404 Page Not Found: c/Api/wifidogping
ERROR - 2017-07-21 10:03:48 --> 404 Page Not Found: c/Api/wifidogping
ERROR - 2017-07-21 10:04:04 --> 404 Page Not Found: c/Api/wifidogping
ERROR - 2017-07-21 10:05:13 --> 404 Page Not Found: c/Api/wifidoglogin
ERROR - 2017-07-21 10:05:15 --> 404 Page Not Found: c/Api/wifidoglogin
ERROR - 2017-07-21 10:05:16 --> 404 Page Not Found: c/Api/wifidoglogin
ERROR - 2017-07-21 10:05:16 --> 404 Page Not Found: c/Api/wifidoglogin
ERROR - 2017-07-21 10:05:17 --> 404 Page Not Found: c/Api/wifidoglogin
ERROR - 2017-07-21 10:05:31 --> 404 Page Not Found: Faviconico/index
ERROR - 2017-07-21 10:07:15 --> 404 Page Not Found: Faviconico/index
ERROR - 2017-07-21 10:07:40 --> 404 Page Not Found: /index
ERROR - 2017-07-21 10:30:02 --> 404 Page Not Found: Res/js
ERROR - 2017-07-21 10:30:07 --> 404 Page Not Found: Res/js
ERROR - 2017-07-21 10:30:34 --> 404 Page Not Found: Res/js
ERROR - 2017-07-21 10:31:51 --> 404 Page Not Found: Res/js
ERROR - 2017-07-21 10:32:28 --> 404 Page Not Found: Res/js
ERROR - 2017-07-21 10:35:16 --> 404 Page Not Found: Res/js
ERROR - 2017-07-21 10:35:36 --> 404 Page Not Found: Res/js
ERROR - 2017-07-21 10:36:25 --> 404 Page Not Found: Res/js
ERROR - 2017-07-21 10:37:31 --> 404 Page Not Found: Res/js
ERROR - 2017-07-21 10:38:20 --> 404 Page Not Found: Res/js
ERROR - 2017-07-21 10:38:38 --> 404 Page Not Found: Res/js
ERROR - 2017-07-21 10:38:49 --> 404 Page Not Found: Res/js
ERROR - 2017-07-21 10:40:12 --> 404 Page Not Found: Faviconico/index
ERROR - 2017-07-21 10:48:54 --> 404 Page Not Found: Faviconico/index
ERROR - 2017-07-21 11:01:00 --> Severity: Notice --> Undefined variable: apid F:\PHP\Code\workspace\Portal2.0\gui\authstatistics.php 53
ERROR - 2017-07-21 11:12:41 --> 404 Page Not Found: Faviconico/index
ERROR - 2017-07-21 11:16:50 --> 404 Page Not Found: Res/js
ERROR - 2017-07-21 11:17:56 --> 404 Page Not Found: Res/js
ERROR - 2017-07-21 11:18:56 --> 404 Page Not Found: Res/js
ERROR - 2017-07-21 11:19:20 --> 404 Page Not Found: Res/js
ERROR - 2017-07-21 11:21:13 --> 404 Page Not Found: Res/js
ERROR - 2017-07-21 11:22:05 --> 404 Page Not Found: Res/js
ERROR - 2017-07-21 11:22:40 --> 404 Page Not Found: Res/js
ERROR - 2017-07-21 11:23:23 --> 404 Page Not Found: Res/js
ERROR - 2017-07-21 11:23:41 --> 404 Page Not Found: Res/js
ERROR - 2017-07-21 11:24:32 --> 404 Page Not Found: Res/js
ERROR - 2017-07-21 11:25:08 --> 404 Page Not Found: Res/js
ERROR - 2017-07-21 11:31:37 --> 404 Page Not Found: Res/images
ERROR - 2017-07-21 11:31:41 --> 404 Page Not Found: Faviconico/index
ERROR - 2017-07-21 11:31:54 --> 404 Page Not Found: Res/js
ERROR - 2017-07-21 11:34:41 --> 404 Page Not Found: Res/js
ERROR - 2017-07-21 11:35:35 --> 404 Page Not Found: Res/js
ERROR - 2017-07-21 11:36:29 --> 404 Page Not Found: Res/js
ERROR - 2017-07-21 11:37:03 --> 404 Page Not Found: Res/js
ERROR - 2017-07-21 11:37:39 --> 404 Page Not Found: Res/js
ERROR - 2017-07-21 11:37:58 --> 404 Page Not Found: Res/js
ERROR - 2017-07-21 11:41:34 --> 404 Page Not Found: Faviconico/index
ERROR - 2017-07-21 11:43:49 --> 404 Page Not Found: Res/js
ERROR - 2017-07-21 11:43:56 --> 404 Page Not Found: Res/js
ERROR - 2017-07-21 13:39:05 --> 404 Page Not Found: Res/js
ERROR - 2017-07-21 13:40:00 --> 404 Page Not Found: Res/js
ERROR - 2017-07-21 13:44:38 --> 404 Page Not Found: Res/js
ERROR - 2017-07-21 13:44:59 --> 404 Page Not Found: Res/js
ERROR - 2017-07-21 13:46:25 --> 404 Page Not Found: Res/js
ERROR - 2017-07-21 13:46:33 --> 404 Page Not Found: Res/js
ERROR - 2017-07-21 13:47:20 --> 404 Page Not Found: Res/js
ERROR - 2017-07-21 13:47:24 --> 404 Page Not Found: Res/js
ERROR - 2017-07-21 13:48:52 --> 404 Page Not Found: Res/js
ERROR - 2017-07-21 13:49:03 --> Severity: Notice --> Undefined variable: apid F:\PHP\Code\workspace\Portal2.0\gui\authstatistics.php 53
ERROR - 2017-07-21 14:27:01 --> 404 Page Not Found: Res/images
ERROR - 2017-07-21 14:27:07 --> 404 Page Not Found: Faviconico/index
