ERROR - 2017-06-21 09:18:15 --> 404 Page Not Found: Res/images
ERROR - 2017-06-21 09:18:19 --> Severity: Notice --> Undefined index: secret F:\PHP\Code\workspace\Portal2.0\app\controllers\admin\Login.php 23
ERROR - 2017-06-21 09:18:19 --> 404 Page Not Found: Faviconico/index
ERROR - 2017-06-21 09:18:32 --> 404 Page Not Found: Static/images
ERROR - 2017-06-21 09:18:38 --> 404 Page Not Found: Static/images
ERROR - 2017-06-21 09:18:39 --> 404 Page Not Found: Static/images
ERROR - 2017-06-21 09:18:40 --> 404 Page Not Found: Static/images
ERROR - 2017-06-21 09:33:50 --> 404 Page Not Found: Res/images
ERROR - 2017-06-21 09:33:53 --> 404 Page Not Found: Static/images
ERROR - 2017-06-21 09:33:53 --> 404 Page Not Found: Faviconico/index
ERROR - 2017-06-21 09:33:55 --> 404 Page Not Found: Static/images
ERROR - 2017-06-21 09:34:14 --> 404 Page Not Found: Static/images
ERROR - 2017-06-21 09:34:30 --> 404 Page Not Found: Static/images
ERROR - 2017-06-21 09:36:42 --> 404 Page Not Found: Static/images
ERROR - 2017-06-21 09:37:18 --> 404 Page Not Found: Static/images
ERROR - 2017-06-21 09:38:14 --> 404 Page Not Found: Static/images
ERROR - 2017-06-21 09:39:47 --> 404 Page Not Found: Static/images
ERROR - 2017-06-21 10:19:58 --> 404 Page Not Found: Static/images
ERROR - 2017-06-21 10:20:24 --> 404 Page Not Found: Static/images
ERROR - 2017-06-21 10:21:31 --> 404 Page Not Found: Static/images
ERROR - 2017-06-21 10:21:51 --> 404 Page Not Found: Static/images
ERROR - 2017-06-21 10:23:13 --> 404 Page Not Found: Static/images
ERROR - 2017-06-21 10:23:21 --> 404 Page Not Found: Static/images
ERROR - 2017-06-21 10:23:54 --> 404 Page Not Found: Static/images
ERROR - 2017-06-21 10:23:55 --> 404 Page Not Found: Static/images
ERROR - 2017-06-21 10:24:03 --> Severity: Notice --> Undefined index: usercountgrant F:\PHP\Code\workspace\Portal2.0\app\models\admin\Corpmanage.php 78
ERROR - 2017-06-21 10:24:03 --> Severity: Notice --> Undefined index: usercountgrant F:\PHP\Code\workspace\Portal2.0\app\models\admin\Corpmanage.php 78
ERROR - 2017-06-21 10:27:38 --> 404 Page Not Found: Static/images
ERROR - 2017-06-21 10:27:54 --> 404 Page Not Found: Static/images
ERROR - 2017-06-21 10:31:46 --> Severity: Error --> Call to undefined method Corpmanage::grantuser() F:\PHP\Code\workspace\Portal2.0\app\controllers\admin\Factory.php 15
ERROR - 2017-06-21 10:32:03 --> 404 Page Not Found: Static/images
ERROR - 2017-06-21 10:32:28 --> 404 Page Not Found: Static/images
ERROR - 2017-06-21 10:32:38 --> 404 Page Not Found: Static/images
ERROR - 2017-06-21 10:33:14 --> 404 Page Not Found: Res/images
ERROR - 2017-06-21 10:33:21 --> 404 Page Not Found: Res/images
ERROR - 2017-06-21 11:02:05 --> 404 Page Not Found: Faviconico/index
ERROR - 2017-06-21 11:36:56 --> 404 Page Not Found: Res/images
ERROR - 2017-06-21 11:40:52 --> Severity: Notice --> Undefined variable: cpt F:\PHP\Code\workspace\Portal2.0\gui\adc\addcooperater.php 20
ERROR - 2017-06-21 11:40:52 --> Severity: Notice --> Undefined variable: cpt F:\PHP\Code\workspace\Portal2.0\gui\adc\addcooperater.php 24
ERROR - 2017-06-21 11:40:52 --> Severity: Notice --> Undefined variable: cpt F:\PHP\Code\workspace\Portal2.0\gui\adc\addcooperater.php 28
ERROR - 2017-06-21 11:40:52 --> Severity: Notice --> Undefined variable: cpt F:\PHP\Code\workspace\Portal2.0\gui\adc\addcooperater.php 32
ERROR - 2017-06-21 11:40:52 --> Severity: Notice --> Undefined variable: cpt F:\PHP\Code\workspace\Portal2.0\gui\adc\addcooperater.php 36
ERROR - 2017-06-21 11:40:52 --> Severity: Notice --> Undefined variable: cpt F:\PHP\Code\workspace\Portal2.0\gui\adc\addcooperater.php 40
ERROR - 2017-06-21 11:40:52 --> Severity: Warning --> include(footer.php): failed to open stream: No such file or directory F:\PHP\Code\workspace\Portal2.0\gui\adc\addcooperater.php 50
ERROR - 2017-06-21 11:40:52 --> Severity: Warning --> include(): Failed opening 'footer.php' for inclusion (include_path='.;C:\php\pear') F:\PHP\Code\workspace\Portal2.0\gui\adc\addcooperater.php 50
ERROR - 2017-06-21 11:41:41 --> Severity: Warning --> include(footer.php): failed to open stream: No such file or directory F:\PHP\Code\workspace\Portal2.0\gui\adc\addcooperater.php 50
ERROR - 2017-06-21 11:41:41 --> Severity: Warning --> include(): Failed opening 'footer.php' for inclusion (include_path='.;C:\php\pear') F:\PHP\Code\workspace\Portal2.0\gui\adc\addcooperater.php 50
ERROR - 2017-06-21 11:41:58 --> Severity: Warning --> include(footer.php): failed to open stream: No such file or directory F:\PHP\Code\workspace\Portal2.0\gui\adc\addcooperater.php 50
ERROR - 2017-06-21 11:41:58 --> Severity: Warning --> include(): Failed opening 'footer.php' for inclusion (include_path='.;C:\php\pear') F:\PHP\Code\workspace\Portal2.0\gui\adc\addcooperater.php 50
ERROR - 2017-06-21 12:00:36 --> Query error: You have an error in your SQL syntax; check the manual that corresponds to your MySQL server version for the right syntax to use near '?,?,?,?,?,?,?,?,?)' at line 2 - Invalid query: insert into cooperater (nickname, cpun, cppw, industry,name_manager, phone,email,qq, createtime) 
				value (?,?,?,?,?,?,?,?,?)
ERROR - 2017-06-21 12:00:39 --> 404 Page Not Found: Res/js
ERROR - 2017-06-21 12:01:12 --> Query error: You have an error in your SQL syntax; check the manual that corresponds to your MySQL server version for the right syntax to use near '?,?,?,?,?,?,?,?,?)' at line 2 - Invalid query: insert into cooperater (nickname, cpun, cppw, industry,name_manager, phone,email,qq, createtime) 
				value (?,?,?,?,?,?,?,?,?)
ERROR - 2017-06-21 12:01:15 --> 404 Page Not Found: Res/js
ERROR - 2017-06-21 12:01:30 --> 404 Page Not Found: Res/js
ERROR - 2017-06-21 12:01:46 --> Query error: You have an error in your SQL syntax; check the manual that corresponds to your MySQL server version for the right syntax to use near '?,?,?,?,?,?,?,?,?)' at line 2 - Invalid query: insert into cooperater (nickname, cpun, cppw, industry,name_manager, phone,email,qq, createtime) 
				value (?,?,?,?,?,?,?,?,?)
ERROR - 2017-06-21 12:40:02 --> Severity: Error --> Call to undefined method CI_DB_mysqli_driver::commit() F:\PHP\Code\workspace\Portal2.0\app\models\admin\Corpmanage.php 218
ERROR - 2017-06-21 12:40:11 --> Severity: Error --> Call to undefined method CI_DB_mysqli_driver::commit() F:\PHP\Code\workspace\Portal2.0\app\models\admin\Corpmanage.php 218
ERROR - 2017-06-21 12:41:09 --> 404 Page Not Found: Res/js
ERROR - 2017-06-21 12:42:14 --> 404 Page Not Found: Res/js
