ERROR - 2017-07-31 09:56:28 --> 404 Page Not Found: Res/images
ERROR - 2017-07-31 09:56:34 --> 404 Page Not Found: Faviconico/index
ERROR - 2017-07-31 14:18:37 --> 404 Page Not Found: /index
ERROR - 2017-07-31 14:18:37 --> 404 Page Not Found: Faviconico/index
ERROR - 2017-07-31 14:18:40 --> 404 Page Not Found: /index
ERROR - 2017-07-31 14:18:45 --> 404 Page Not Found: Res/images
ERROR - 2017-07-31 14:18:51 --> 404 Page Not Found: Res/images
ERROR - 2017-07-31 14:18:58 --> Severity: Parsing Error --> parse error /Code/php/workspace/woms-portal/app/libraries/Func.php 172
ERROR - 2017-07-31 14:18:58 --> 404 Page Not Found: Faviconico/index
ERROR - 2017-07-31 14:21:41 --> 404 Page Not Found: /index
ERROR - 2017-07-31 14:21:45 --> 404 Page Not Found: /index
ERROR - 2017-07-31 14:36:57 --> Severity: error --> Exception: Error Processing Request /Code/php/workspace/woms-portal/app/models/cooperater/Tmpmanage.php 37
ERROR - 2017-07-31 14:41:59 --> Severity: error --> Exception: Error Processing Request /Code/php/workspace/woms-portal/app/models/cooperater/Tmpmanage.php 37
ERROR - 2017-07-31 14:44:39 --> Severity: Notice --> Undefined index: apid /Code/php/workspace/woms-portal/app/models/api/wifidog/Auth.php 72
ERROR - 2017-07-31 14:44:39 --> Query error: Column 'apid' cannot be null - Invalid query: insert into bindmac (apid, cid, uid, mac, ip, validatetime, createtime, valid) value (NULL,'1','23','48:3B:38:90:56:EA','192.168.1.3','1501569774',1501483479,'1')
ERROR - 2017-07-31 14:44:43 --> Severity: Notice --> Undefined index: apid /Code/php/workspace/woms-portal/app/models/api/wifidog/Auth.php 72
ERROR - 2017-07-31 14:44:43 --> Query error: Column 'apid' cannot be null - Invalid query: insert into bindmac (apid, cid, uid, mac, ip, validatetime, createtime, valid) value (NULL,'1','23','48:3B:38:90:56:EA','192.168.1.3','1501569774',1501483483,'1')
ERROR - 2017-07-31 14:45:03 --> Severity: Notice --> Undefined index: apid /Code/php/workspace/woms-portal/app/models/api/wifidog/Auth.php 72
ERROR - 2017-07-31 14:45:03 --> Query error: Column 'apid' cannot be null - Invalid query: insert into bindmac (apid, cid, uid, mac, ip, validatetime, createtime, valid) value (NULL,'1','23','48:3B:38:90:56:EA','192.168.1.3','1501569774',1501483503,'1')
ERROR - 2017-07-31 14:48:54 --> Severity: Notice --> Undefined index: cid /Code/php/workspace/woms-portal/app/models/api/wifidog/Auth.php 72
ERROR - 2017-07-31 14:48:54 --> Query error: Column count doesn't match value count at row 1 - Invalid query: insert into bindmac (apid, uid, mac, ip, validatetime, createtime, valid) value ('16',NULL,'23','48:3B:38:90:56:EA','192.168.1.3','1501569774',1501483734,'1')
ERROR - 2017-07-31 14:49:42 --> Severity: Notice --> Undefined index: cid /Code/php/workspace/woms-portal/app/models/api/wifidog/Auth.php 72
ERROR - 2017-07-31 14:49:42 --> Query error: You have an error in your SQL syntax; check the manual that corresponds to your MySQL server version for the right syntax to use near '?,?,?,?,?,?,?)' at line 1 - Invalid query: insert into bindmac (apid, uid, mac, ip, validatetime, createtime, valid) value (?,?,?,?,?,?,?)
ERROR - 2017-07-31 14:51:55 --> Query error: Unknown column 'heartime' in 'field list' - Invalid query: update user set state = '1' and heartime=1501483915 where uid = '23'
ERROR - 2017-07-31 14:51:55 --> Query error: Unknown column 'heartime' in 'field list' - Invalid query: update user set state = '1' and heartime=1501483915 where uid = '23'
ERROR - 2017-07-31 14:51:55 --> Query error: Unknown column 'heartime' in 'field list' - Invalid query: update user set state = '1' and heartime=1501483915 where uid = '23'
ERROR - 2017-07-31 14:51:55 --> Query error: Unknown column 'heartime' in 'field list' - Invalid query: update user set state = '1' and heartime=1501483915 where uid = '23'
ERROR - 2017-07-31 14:51:55 --> Query error: Unknown column 'heartime' in 'field list' - Invalid query: update user set state = '1' and heartime=1501483915 where uid = '23'
ERROR - 2017-07-31 14:51:55 --> Query error: Unknown column 'heartime' in 'field list' - Invalid query: update user set state = '1' and heartime=1501483915 where uid = '23'
ERROR - 2017-07-31 14:57:50 --> 404 Page Not Found: c/Api/wifidog
ERROR - 2017-07-31 15:04:30 --> Severity: Notice --> Undefined index: url /Code/php/workspace/woms-portal/app/models/api/wifidog/Splash_mo.php 17
ERROR - 2017-07-31 15:05:19 --> Severity: Notice --> Undefined index: url /Code/php/workspace/woms-portal/app/models/api/wifidog/Splash_mo.php 17
ERROR - 2017-07-31 15:06:53 --> 404 Page Not Found: c/Api/wifidog
ERROR - 2017-07-31 15:07:03 --> 404 Page Not Found: c/Api/wifidog
ERROR - 2017-07-31 15:13:17 --> 404 Page Not Found: /index
ERROR - 2017-07-31 15:13:19 --> 404 Page Not Found: /index
ERROR - 2017-07-31 15:13:23 --> 404 Page Not Found: Res/images
ERROR - 2017-07-31 15:17:35 --> Severity: Notice --> Use of undefined constant wanip - assumed 'wanip' /Code/php/workspace/woms-portal/app/models/api/wifidog/Splash_mo.php 187
ERROR - 2017-07-31 15:17:37 --> Severity: Notice --> Use of undefined constant wanip - assumed 'wanip' /Code/php/workspace/woms-portal/app/models/api/wifidog/Splash_mo.php 187
ERROR - 2017-07-31 15:19:47 --> 404 Page Not Found: Res/images
ERROR - 2017-07-31 15:20:36 --> 404 Page Not Found: /index
ERROR - 2017-07-31 15:20:40 --> 404 Page Not Found: /index
ERROR - 2017-07-31 15:20:45 --> 404 Page Not Found: Res/images
ERROR - 2017-07-31 15:21:11 --> 404 Page Not Found: Apple-touch-icon-precomposedpng/index
ERROR - 2017-07-31 15:21:11 --> 404 Page Not Found: Apple-touch-iconpng/index
ERROR - 2017-07-31 15:21:11 --> 404 Page Not Found: Res/images
ERROR - 2017-07-31 15:21:12 --> 404 Page Not Found: Faviconico/index
ERROR - 2017-07-31 15:21:12 --> 404 Page Not Found: Apple-touch-icon-precomposedpng/index
ERROR - 2017-07-31 15:21:12 --> 404 Page Not Found: Apple-touch-iconpng/index
ERROR - 2017-07-31 15:21:12 --> 404 Page Not Found: Res/images
ERROR - 2017-07-31 15:21:12 --> 404 Page Not Found: Faviconico/index
ERROR - 2017-07-31 15:21:12 --> 404 Page Not Found: Apple-touch-icon-precomposedpng/index
ERROR - 2017-07-31 15:21:12 --> 404 Page Not Found: Apple-touch-iconpng/index
ERROR - 2017-07-31 15:21:12 --> 404 Page Not Found: Res/images
ERROR - 2017-07-31 15:21:12 --> 404 Page Not Found: Faviconico/index
ERROR - 2017-07-31 15:21:12 --> 404 Page Not Found: Apple-touch-icon-precomposedpng/index
ERROR - 2017-07-31 15:21:12 --> 404 Page Not Found: Apple-touch-iconpng/index
ERROR - 2017-07-31 15:21:12 --> 404 Page Not Found: Res/images
ERROR - 2017-07-31 15:21:12 --> 404 Page Not Found: Faviconico/index
ERROR - 2017-07-31 15:21:19 --> 404 Page Not Found: Apple-touch-icon-precomposedpng/index
ERROR - 2017-07-31 15:21:19 --> 404 Page Not Found: Apple-touch-iconpng/index
ERROR - 2017-07-31 15:21:33 --> Severity: Notice --> Undefined variable: apid /Code/php/workspace/woms-portal/gui/authstatistics.php 53
ERROR - 2017-07-31 15:21:33 --> Severity: Notice --> Undefined variable: apid /Code/php/workspace/woms-portal/gui/authstatistics.php 53
ERROR - 2017-07-31 15:23:48 --> 404 Page Not Found: admin/Adc/alltemplate
ERROR - 2017-07-31 15:25:43 --> Query error: Unknown column 'heartime' in 'field list' - Invalid query: update user set state = '1' and heartime=1501485943 where uid = '23'
ERROR - 2017-07-31 15:51:18 --> Severity: Error --> Call to undefined method Tmpmanage::get_sys_notice_page() /Code/php/workspace/woms-portal/app/controllers/admin/Adc.php 71
ERROR - 2017-07-31 16:07:17 --> Query error: Unknown column 'heartime' in 'field list' - Invalid query: update user set state = '1' and heartime=1501488437 where uid = '23'
ERROR - 2017-07-31 16:11:14 --> 404 Page Not Found: /index
ERROR - 2017-07-31 16:11:15 --> 404 Page Not Found: /index
ERROR - 2017-07-31 16:11:17 --> 404 Page Not Found: /index
ERROR - 2017-07-31 16:25:23 --> Query error: Unknown column 'heartime' in 'field list' - Invalid query: update user set state = '1' and heartime=1501489523 where uid = '23'
ERROR - 2017-07-31 16:32:11 --> Query error: Unknown column 'heartime' in 'field list' - Invalid query: update user set state = '1' and heartime=1501489931 where uid = '23'
ERROR - 2017-07-31 17:24:51 --> 404 Page Not Found: Mkadc/index
ERROR - 2017-07-31 17:24:51 --> 404 Page Not Found: Faviconico/index
