ERROR - 2017-08-03 09:03:18 --> Severity: Notice --> Undefined variable: apid /Code/php/workspace/woms-portal/app/models/api/wifidog/Splash_mo.php 104
ERROR - 2017-08-03 09:03:18 --> Severity: Notice --> Undefined variable: apid /Code/php/workspace/woms-portal/app/models/api/wifidog/Splash_mo.php 104
ERROR - 2017-08-03 09:03:18 --> Query error: Unknown column 'state' in 'field list' - Invalid query: update bindmac set state ='0' where apid = NULL and mac = '48:3B:38:90:56:EA'
ERROR - 2017-08-03 09:03:18 --> Query error: Unknown column 'state' in 'field list' - Invalid query: update bindmac set state ='0' where apid = NULL and mac = '48:3B:38:90:56:EA'
ERROR - 2017-08-03 09:03:18 --> Severity: Notice --> Undefined variable: apid /Code/php/workspace/woms-portal/app/models/api/wifidog/Splash_mo.php 104
ERROR - 2017-08-03 09:03:18 --> Query error: Unknown column 'state' in 'field list' - Invalid query: update bindmac set state ='0' where apid = NULL and mac = '48:3B:38:90:56:EA'
ERROR - 2017-08-03 09:03:18 --> Severity: Notice --> Undefined variable: apid /Code/php/workspace/woms-portal/app/models/api/wifidog/Splash_mo.php 104
ERROR - 2017-08-03 09:03:18 --> Severity: Notice --> Undefined variable: apid /Code/php/workspace/woms-portal/app/models/api/wifidog/Splash_mo.php 104
ERROR - 2017-08-03 09:03:18 --> Query error: Unknown column 'state' in 'field list' - Invalid query: update bindmac set state ='0' where apid = NULL and mac = '48:3B:38:90:56:EA'
ERROR - 2017-08-03 09:03:18 --> Query error: Unknown column 'state' in 'field list' - Invalid query: update bindmac set state ='0' where apid = NULL and mac = '48:3B:38:90:56:EA'
ERROR - 2017-08-03 09:03:19 --> Severity: Notice --> Undefined variable: apid /Code/php/workspace/woms-portal/app/models/api/wifidog/Splash_mo.php 104
ERROR - 2017-08-03 09:03:19 --> Query error: Unknown column 'state' in 'field list' - Invalid query: update bindmac set state ='0' where apid = NULL and mac = '48:3B:38:90:56:EA'
ERROR - 2017-08-03 09:03:19 --> Severity: Notice --> Undefined variable: apid /Code/php/workspace/woms-portal/app/models/api/wifidog/Splash_mo.php 104
ERROR - 2017-08-03 09:03:19 --> Query error: Unknown column 'state' in 'field list' - Invalid query: update bindmac set state ='0' where apid = NULL and mac = '48:3B:38:90:56:EA'
ERROR - 2017-08-03 09:03:19 --> Severity: Notice --> Undefined variable: apid /Code/php/workspace/woms-portal/app/models/api/wifidog/Splash_mo.php 104
ERROR - 2017-08-03 09:03:19 --> Severity: Notice --> Undefined variable: apid /Code/php/workspace/woms-portal/app/models/api/wifidog/Splash_mo.php 104
ERROR - 2017-08-03 09:03:19 --> Query error: Unknown column 'state' in 'field list' - Invalid query: update bindmac set state ='0' where apid = NULL and mac = '48:3B:38:90:56:EA'
ERROR - 2017-08-03 09:03:19 --> Query error: Unknown column 'state' in 'field list' - Invalid query: update bindmac set state ='0' where apid = NULL and mac = '48:3B:38:90:56:EA'
ERROR - 2017-08-03 09:03:19 --> Severity: Notice --> Undefined variable: apid /Code/php/workspace/woms-portal/app/models/api/wifidog/Splash_mo.php 104
ERROR - 2017-08-03 09:03:19 --> Query error: Unknown column 'state' in 'field list' - Invalid query: update bindmac set state ='0' where apid = NULL and mac = '48:3B:38:90:56:EA'
ERROR - 2017-08-03 09:03:19 --> Severity: Notice --> Undefined variable: apid /Code/php/workspace/woms-portal/app/models/api/wifidog/Splash_mo.php 104
ERROR - 2017-08-03 09:03:19 --> Query error: Unknown column 'state' in 'field list' - Invalid query: update bindmac set state ='0' where apid = NULL and mac = '48:3B:38:90:56:EA'
ERROR - 2017-08-03 09:03:20 --> Severity: Notice --> Undefined variable: apid /Code/php/workspace/woms-portal/app/models/api/wifidog/Splash_mo.php 104
ERROR - 2017-08-03 09:03:20 --> Severity: Notice --> Undefined variable: apid /Code/php/workspace/woms-portal/app/models/api/wifidog/Splash_mo.php 104
ERROR - 2017-08-03 09:03:20 --> Query error: Unknown column 'state' in 'field list' - Invalid query: update bindmac set state ='0' where apid = NULL and mac = '48:3B:38:90:56:EA'
ERROR - 2017-08-03 09:03:20 --> Query error: Unknown column 'state' in 'field list' - Invalid query: update bindmac set state ='0' where apid = NULL and mac = '48:3B:38:90:56:EA'
ERROR - 2017-08-03 09:03:20 --> Severity: Notice --> Undefined variable: apid /Code/php/workspace/woms-portal/app/models/api/wifidog/Splash_mo.php 104
ERROR - 2017-08-03 09:03:20 --> Severity: Notice --> Undefined variable: apid /Code/php/workspace/woms-portal/app/models/api/wifidog/Splash_mo.php 104
ERROR - 2017-08-03 09:03:20 --> Query error: Unknown column 'state' in 'field list' - Invalid query: update bindmac set state ='0' where apid = NULL and mac = '48:3B:38:90:56:EA'
ERROR - 2017-08-03 09:03:20 --> Query error: Unknown column 'state' in 'field list' - Invalid query: update bindmac set state ='0' where apid = NULL and mac = '48:3B:38:90:56:EA'
ERROR - 2017-08-03 09:03:20 --> Severity: Notice --> Undefined variable: apid /Code/php/workspace/woms-portal/app/models/api/wifidog/Splash_mo.php 104
ERROR - 2017-08-03 09:03:20 --> Query error: Unknown column 'state' in 'field list' - Invalid query: update bindmac set state ='0' where apid = NULL and mac = '48:3B:38:90:56:EA'
ERROR - 2017-08-03 09:03:21 --> Severity: Notice --> Undefined variable: apid /Code/php/workspace/woms-portal/app/models/api/wifidog/Splash_mo.php 104
ERROR - 2017-08-03 09:03:21 --> Query error: Unknown column 'state' in 'field list' - Invalid query: update bindmac set state ='0' where apid = NULL and mac = '48:3B:38:90:56:EA'
ERROR - 2017-08-03 09:03:21 --> Severity: Notice --> Undefined variable: apid /Code/php/workspace/woms-portal/app/models/api/wifidog/Splash_mo.php 104
ERROR - 2017-08-03 09:03:21 --> Query error: Unknown column 'state' in 'field list' - Invalid query: update bindmac set state ='0' where apid = NULL and mac = '48:3B:38:90:56:EA'
ERROR - 2017-08-03 09:03:21 --> Severity: Notice --> Undefined variable: apid /Code/php/workspace/woms-portal/app/models/api/wifidog/Splash_mo.php 104
ERROR - 2017-08-03 09:03:21 --> Query error: Unknown column 'state' in 'field list' - Invalid query: update bindmac set state ='0' where apid = NULL and mac = '48:3B:38:90:56:EA'
ERROR - 2017-08-03 09:03:21 --> Severity: Notice --> Undefined variable: apid /Code/php/workspace/woms-portal/app/models/api/wifidog/Splash_mo.php 104
ERROR - 2017-08-03 09:03:21 --> Query error: Unknown column 'state' in 'field list' - Invalid query: update bindmac set state ='0' where apid = NULL and mac = '48:3B:38:90:56:EA'
ERROR - 2017-08-03 09:03:21 --> Severity: Notice --> Undefined variable: apid /Code/php/workspace/woms-portal/app/models/api/wifidog/Splash_mo.php 104
ERROR - 2017-08-03 09:03:21 --> Query error: Unknown column 'state' in 'field list' - Invalid query: update bindmac set state ='0' where apid = NULL and mac = '48:3B:38:90:56:EA'
ERROR - 2017-08-03 09:03:22 --> Severity: Notice --> Undefined variable: apid /Code/php/workspace/woms-portal/app/models/api/wifidog/Splash_mo.php 104
ERROR - 2017-08-03 09:03:22 --> Query error: Unknown column 'state' in 'field list' - Invalid query: update bindmac set state ='0' where apid = NULL and mac = '48:3B:38:90:56:EA'
ERROR - 2017-08-03 09:03:22 --> Severity: Notice --> Undefined variable: apid /Code/php/workspace/woms-portal/app/models/api/wifidog/Splash_mo.php 104
ERROR - 2017-08-03 09:03:22 --> Query error: Unknown column 'state' in 'field list' - Invalid query: update bindmac set state ='0' where apid = NULL and mac = '48:3B:38:90:56:EA'
ERROR - 2017-08-03 09:03:22 --> Severity: Notice --> Undefined variable: apid /Code/php/workspace/woms-portal/app/models/api/wifidog/Splash_mo.php 104
ERROR - 2017-08-03 09:03:22 --> Severity: Notice --> Undefined variable: apid /Code/php/workspace/woms-portal/app/models/api/wifidog/Splash_mo.php 104
ERROR - 2017-08-03 09:03:22 --> Query error: Unknown column 'state' in 'field list' - Invalid query: update bindmac set state ='0' where apid = NULL and mac = '48:3B:38:90:56:EA'
ERROR - 2017-08-03 09:03:22 --> Query error: Unknown column 'state' in 'field list' - Invalid query: update bindmac set state ='0' where apid = NULL and mac = '48:3B:38:90:56:EA'
ERROR - 2017-08-03 09:03:22 --> Severity: Notice --> Undefined variable: apid /Code/php/workspace/woms-portal/app/models/api/wifidog/Splash_mo.php 104
ERROR - 2017-08-03 09:03:22 --> Query error: Unknown column 'state' in 'field list' - Invalid query: update bindmac set state ='0' where apid = NULL and mac = '48:3B:38:90:56:EA'
ERROR - 2017-08-03 09:04:08 --> Severity: Notice --> Undefined variable: apid /Code/php/workspace/woms-portal/app/models/api/wifidog/Splash_mo.php 104
ERROR - 2017-08-03 09:04:08 --> Query error: Unknown column 'state' in 'field list' - Invalid query: update bindmac set state ='0' where apid = NULL and mac = '48:3B:38:90:56:EA'
ERROR - 2017-08-03 09:04:08 --> Severity: Notice --> Undefined variable: apid /Code/php/workspace/woms-portal/app/models/api/wifidog/Splash_mo.php 104
ERROR - 2017-08-03 09:04:08 --> Query error: Unknown column 'state' in 'field list' - Invalid query: update bindmac set state ='0' where apid = NULL and mac = '48:3B:38:90:56:EA'
ERROR - 2017-08-03 09:05:27 --> Severity: Notice --> Undefined variable: apid /Code/php/workspace/woms-portal/app/models/api/wifidog/Splash_mo.php 104
ERROR - 2017-08-03 09:05:27 --> Query error: Unknown column 'state' in 'field list' - Invalid query: update bindmac set state ='0' where apid = NULL and mac = '48:3B:38:90:56:EA'
ERROR - 2017-08-03 09:05:29 --> Severity: Notice --> Undefined variable: apid /Code/php/workspace/woms-portal/app/models/api/wifidog/Splash_mo.php 104
ERROR - 2017-08-03 09:05:29 --> Query error: Unknown column 'state' in 'field list' - Invalid query: update bindmac set state ='0' where apid = NULL and mac = '48:3B:38:90:56:EA'
ERROR - 2017-08-03 09:05:35 --> Severity: Notice --> Undefined variable: apid /Code/php/workspace/woms-portal/app/models/api/wifidog/Splash_mo.php 104
ERROR - 2017-08-03 09:05:35 --> Query error: Unknown column 'state' in 'field list' - Invalid query: update bindmac set state ='0' where apid = NULL and mac = '48:3B:38:90:56:EA'
ERROR - 2017-08-03 09:05:35 --> Severity: Notice --> Undefined variable: apid /Code/php/workspace/woms-portal/app/models/api/wifidog/Splash_mo.php 104
ERROR - 2017-08-03 09:05:35 --> Query error: Unknown column 'state' in 'field list' - Invalid query: update bindmac set state ='0' where apid = NULL and mac = '48:3B:38:90:56:EA'
ERROR - 2017-08-03 09:05:37 --> Severity: Notice --> Undefined variable: apid /Code/php/workspace/woms-portal/app/models/api/wifidog/Splash_mo.php 104
ERROR - 2017-08-03 09:05:37 --> Query error: Unknown column 'state' in 'field list' - Invalid query: update bindmac set state ='0' where apid = NULL and mac = '48:3B:38:90:56:EA'
ERROR - 2017-08-03 09:05:46 --> Severity: Notice --> Undefined variable: apid /Code/php/workspace/woms-portal/app/models/api/wifidog/Splash_mo.php 104
ERROR - 2017-08-03 09:05:46 --> Query error: Unknown column 'state' in 'field list' - Invalid query: update bindmac set state ='0' where apid = NULL and mac = '48:3B:38:90:56:EA'
ERROR - 2017-08-03 09:05:53 --> Severity: Notice --> Undefined variable: apid /Code/php/workspace/woms-portal/app/models/api/wifidog/Splash_mo.php 104
ERROR - 2017-08-03 09:05:53 --> Query error: Unknown column 'state' in 'field list' - Invalid query: update bindmac set state ='0' where apid = NULL and mac = '48:3B:38:90:56:EA'
ERROR - 2017-08-03 09:05:53 --> Severity: Notice --> Undefined variable: apid /Code/php/workspace/woms-portal/app/models/api/wifidog/Splash_mo.php 104
ERROR - 2017-08-03 09:05:53 --> Query error: Unknown column 'state' in 'field list' - Invalid query: update bindmac set state ='0' where apid = NULL and mac = '48:3B:38:90:56:EA'
ERROR - 2017-08-03 09:05:53 --> Severity: Notice --> Undefined variable: apid /Code/php/workspace/woms-portal/app/models/api/wifidog/Splash_mo.php 104
ERROR - 2017-08-03 09:05:53 --> Query error: Unknown column 'state' in 'field list' - Invalid query: update bindmac set state ='0' where apid = NULL and mac = '48:3B:38:90:56:EA'
ERROR - 2017-08-03 09:05:53 --> Severity: Notice --> Undefined variable: apid /Code/php/workspace/woms-portal/app/models/api/wifidog/Splash_mo.php 104
ERROR - 2017-08-03 09:05:53 --> Query error: Unknown column 'state' in 'field list' - Invalid query: update bindmac set state ='0' where apid = NULL and mac = '48:3B:38:90:56:EA'
ERROR - 2017-08-03 09:06:05 --> Severity: Notice --> Undefined variable: apid /Code/php/workspace/woms-portal/app/models/api/wifidog/Splash_mo.php 104
ERROR - 2017-08-03 09:06:05 --> Query error: Unknown column 'state' in 'field list' - Invalid query: update bindmac set state ='0' where apid = NULL and mac = '48:3B:38:90:56:EA'
ERROR - 2017-08-03 09:07:02 --> Severity: Notice --> Undefined variable: apid /Code/php/workspace/woms-portal/app/models/api/wifidog/Splash_mo.php 104
ERROR - 2017-08-03 09:07:02 --> Query error: Unknown column 'state' in 'field list' - Invalid query: update bindmac set state ='0' where apid = NULL and mac = '48:3B:38:90:56:EA'
ERROR - 2017-08-03 09:07:02 --> Severity: Notice --> Undefined variable: apid /Code/php/workspace/woms-portal/app/models/api/wifidog/Splash_mo.php 104
ERROR - 2017-08-03 09:07:02 --> Query error: Unknown column 'state' in 'field list' - Invalid query: update bindmac set state ='0' where apid = NULL and mac = '48:3B:38:90:56:EA'
ERROR - 2017-08-03 09:07:02 --> Severity: Notice --> Undefined variable: apid /Code/php/workspace/woms-portal/app/models/api/wifidog/Splash_mo.php 104
ERROR - 2017-08-03 09:07:02 --> Query error: Unknown column 'state' in 'field list' - Invalid query: update bindmac set state ='0' where apid = NULL and mac = '48:3B:38:90:56:EA'
ERROR - 2017-08-03 09:07:29 --> Severity: Notice --> Undefined variable: apid /Code/php/workspace/woms-portal/app/models/api/wifidog/Splash_mo.php 104
ERROR - 2017-08-03 09:07:29 --> Query error: Unknown column 'state' in 'field list' - Invalid query: update bindmac set state ='0' where apid = NULL and mac = '48:3B:38:90:56:EA'
ERROR - 2017-08-03 09:07:29 --> Severity: Notice --> Undefined variable: apid /Code/php/workspace/woms-portal/app/models/api/wifidog/Splash_mo.php 104
ERROR - 2017-08-03 09:07:29 --> Query error: Unknown column 'state' in 'field list' - Invalid query: update bindmac set state ='0' where apid = NULL and mac = '48:3B:38:90:56:EA'
ERROR - 2017-08-03 09:07:29 --> Severity: Notice --> Undefined variable: apid /Code/php/workspace/woms-portal/app/models/api/wifidog/Splash_mo.php 104
ERROR - 2017-08-03 09:07:29 --> Query error: Unknown column 'state' in 'field list' - Invalid query: update bindmac set state ='0' where apid = NULL and mac = '48:3B:38:90:56:EA'
ERROR - 2017-08-03 09:07:29 --> Severity: Notice --> Undefined variable: apid /Code/php/workspace/woms-portal/app/models/api/wifidog/Splash_mo.php 104
ERROR - 2017-08-03 09:07:29 --> Query error: Unknown column 'state' in 'field list' - Invalid query: update bindmac set state ='0' where apid = NULL and mac = '48:3B:38:90:56:EA'
ERROR - 2017-08-03 09:07:38 --> Severity: Notice --> Undefined variable: apid /Code/php/workspace/woms-portal/app/models/api/wifidog/Splash_mo.php 104
ERROR - 2017-08-03 09:07:38 --> Query error: Unknown column 'state' in 'field list' - Invalid query: update bindmac set state ='0' where apid = NULL and mac = '48:3B:38:90:56:EA'
ERROR - 2017-08-03 09:07:38 --> Severity: Notice --> Undefined variable: apid /Code/php/workspace/woms-portal/app/models/api/wifidog/Splash_mo.php 104
ERROR - 2017-08-03 09:07:38 --> Query error: Unknown column 'state' in 'field list' - Invalid query: update bindmac set state ='0' where apid = NULL and mac = '48:3B:38:90:56:EA'
ERROR - 2017-08-03 09:07:39 --> Severity: Notice --> Undefined variable: apid /Code/php/workspace/woms-portal/app/models/api/wifidog/Splash_mo.php 104
ERROR - 2017-08-03 09:07:39 --> Query error: Unknown column 'state' in 'field list' - Invalid query: update bindmac set state ='0' where apid = NULL and mac = '48:3B:38:90:56:EA'
ERROR - 2017-08-03 09:07:39 --> Severity: Notice --> Undefined variable: apid /Code/php/workspace/woms-portal/app/models/api/wifidog/Splash_mo.php 104
ERROR - 2017-08-03 09:07:39 --> Query error: Unknown column 'state' in 'field list' - Invalid query: update bindmac set state ='0' where apid = NULL and mac = '48:3B:38:90:56:EA'
ERROR - 2017-08-03 09:07:39 --> Severity: Notice --> Undefined variable: apid /Code/php/workspace/woms-portal/app/models/api/wifidog/Splash_mo.php 104
ERROR - 2017-08-03 09:07:39 --> Query error: Unknown column 'state' in 'field list' - Invalid query: update bindmac set state ='0' where apid = NULL and mac = '48:3B:38:90:56:EA'
ERROR - 2017-08-03 09:07:39 --> Severity: Notice --> Undefined variable: apid /Code/php/workspace/woms-portal/app/models/api/wifidog/Splash_mo.php 104
ERROR - 2017-08-03 09:07:39 --> Query error: Unknown column 'state' in 'field list' - Invalid query: update bindmac set state ='0' where apid = NULL and mac = '48:3B:38:90:56:EA'
ERROR - 2017-08-03 09:07:39 --> Severity: Notice --> Undefined variable: apid /Code/php/workspace/woms-portal/app/models/api/wifidog/Splash_mo.php 104
ERROR - 2017-08-03 09:07:39 --> Query error: Unknown column 'state' in 'field list' - Invalid query: update bindmac set state ='0' where apid = NULL and mac = '48:3B:38:90:56:EA'
ERROR - 2017-08-03 09:07:39 --> Severity: Notice --> Undefined variable: apid /Code/php/workspace/woms-portal/app/models/api/wifidog/Splash_mo.php 104
ERROR - 2017-08-03 09:07:39 --> Query error: Unknown column 'state' in 'field list' - Invalid query: update bindmac set state ='0' where apid = NULL and mac = '48:3B:38:90:56:EA'
ERROR - 2017-08-03 09:07:39 --> Severity: Notice --> Undefined variable: apid /Code/php/workspace/woms-portal/app/models/api/wifidog/Splash_mo.php 104
ERROR - 2017-08-03 09:07:39 --> Query error: Unknown column 'state' in 'field list' - Invalid query: update bindmac set state ='0' where apid = NULL and mac = '48:3B:38:90:56:EA'
ERROR - 2017-08-03 09:07:39 --> Severity: Notice --> Undefined variable: apid /Code/php/workspace/woms-portal/app/models/api/wifidog/Splash_mo.php 104
ERROR - 2017-08-03 09:07:39 --> Query error: Unknown column 'state' in 'field list' - Invalid query: update bindmac set state ='0' where apid = NULL and mac = '48:3B:38:90:56:EA'
ERROR - 2017-08-03 09:07:39 --> Severity: Notice --> Undefined variable: apid /Code/php/workspace/woms-portal/app/models/api/wifidog/Splash_mo.php 104
ERROR - 2017-08-03 09:07:39 --> Query error: Unknown column 'state' in 'field list' - Invalid query: update bindmac set state ='0' where apid = NULL and mac = '48:3B:38:90:56:EA'
ERROR - 2017-08-03 09:07:39 --> Severity: Notice --> Undefined variable: apid /Code/php/workspace/woms-portal/app/models/api/wifidog/Splash_mo.php 104
ERROR - 2017-08-03 09:07:39 --> Query error: Unknown column 'state' in 'field list' - Invalid query: update bindmac set state ='0' where apid = NULL and mac = '48:3B:38:90:56:EA'
ERROR - 2017-08-03 09:07:39 --> Severity: Notice --> Undefined variable: apid /Code/php/workspace/woms-portal/app/models/api/wifidog/Splash_mo.php 104
ERROR - 2017-08-03 09:07:39 --> Query error: Unknown column 'state' in 'field list' - Invalid query: update bindmac set state ='0' where apid = NULL and mac = '48:3B:38:90:56:EA'
ERROR - 2017-08-03 09:07:39 --> Severity: Notice --> Undefined variable: apid /Code/php/workspace/woms-portal/app/models/api/wifidog/Splash_mo.php 104
ERROR - 2017-08-03 09:07:39 --> Query error: Unknown column 'state' in 'field list' - Invalid query: update bindmac set state ='0' where apid = NULL and mac = '48:3B:38:90:56:EA'
ERROR - 2017-08-03 09:07:39 --> Severity: Notice --> Undefined variable: apid /Code/php/workspace/woms-portal/app/models/api/wifidog/Splash_mo.php 104
ERROR - 2017-08-03 09:07:39 --> Query error: Unknown column 'state' in 'field list' - Invalid query: update bindmac set state ='0' where apid = NULL and mac = '48:3B:38:90:56:EA'
ERROR - 2017-08-03 09:07:39 --> Severity: Notice --> Undefined variable: apid /Code/php/workspace/woms-portal/app/models/api/wifidog/Splash_mo.php 104
ERROR - 2017-08-03 09:07:39 --> Query error: Unknown column 'state' in 'field list' - Invalid query: update bindmac set state ='0' where apid = NULL and mac = '48:3B:38:90:56:EA'
ERROR - 2017-08-03 09:07:39 --> Severity: Notice --> Undefined variable: apid /Code/php/workspace/woms-portal/app/models/api/wifidog/Splash_mo.php 104
ERROR - 2017-08-03 09:07:39 --> Query error: Unknown column 'state' in 'field list' - Invalid query: update bindmac set state ='0' where apid = NULL and mac = '48:3B:38:90:56:EA'
ERROR - 2017-08-03 09:07:39 --> Severity: Notice --> Undefined variable: apid /Code/php/workspace/woms-portal/app/models/api/wifidog/Splash_mo.php 104
ERROR - 2017-08-03 09:07:39 --> Query error: Unknown column 'state' in 'field list' - Invalid query: update bindmac set state ='0' where apid = NULL and mac = '48:3B:38:90:56:EA'
ERROR - 2017-08-03 09:07:40 --> Severity: Notice --> Undefined variable: apid /Code/php/workspace/woms-portal/app/models/api/wifidog/Splash_mo.php 104
ERROR - 2017-08-03 09:07:40 --> Query error: Unknown column 'state' in 'field list' - Invalid query: update bindmac set state ='0' where apid = NULL and mac = '48:3B:38:90:56:EA'
ERROR - 2017-08-03 09:07:40 --> Severity: Notice --> Undefined variable: apid /Code/php/workspace/woms-portal/app/models/api/wifidog/Splash_mo.php 104
ERROR - 2017-08-03 09:07:40 --> Query error: Unknown column 'state' in 'field list' - Invalid query: update bindmac set state ='0' where apid = NULL and mac = '48:3B:38:90:56:EA'
ERROR - 2017-08-03 09:07:40 --> Severity: Notice --> Undefined variable: apid /Code/php/workspace/woms-portal/app/models/api/wifidog/Splash_mo.php 104
ERROR - 2017-08-03 09:07:40 --> Query error: Unknown column 'state' in 'field list' - Invalid query: update bindmac set state ='0' where apid = NULL and mac = '48:3B:38:90:56:EA'
ERROR - 2017-08-03 09:07:40 --> Severity: Notice --> Undefined variable: apid /Code/php/workspace/woms-portal/app/models/api/wifidog/Splash_mo.php 104
ERROR - 2017-08-03 09:07:40 --> Query error: Unknown column 'state' in 'field list' - Invalid query: update bindmac set state ='0' where apid = NULL and mac = '48:3B:38:90:56:EA'
ERROR - 2017-08-03 09:07:40 --> Severity: Notice --> Undefined variable: apid /Code/php/workspace/woms-portal/app/models/api/wifidog/Splash_mo.php 104
ERROR - 2017-08-03 09:07:40 --> Query error: Unknown column 'state' in 'field list' - Invalid query: update bindmac set state ='0' where apid = NULL and mac = '48:3B:38:90:56:EA'
ERROR - 2017-08-03 09:07:40 --> Severity: Notice --> Undefined variable: apid /Code/php/workspace/woms-portal/app/models/api/wifidog/Splash_mo.php 104
ERROR - 2017-08-03 09:07:40 --> Query error: Unknown column 'state' in 'field list' - Invalid query: update bindmac set state ='0' where apid = NULL and mac = '48:3B:38:90:56:EA'
ERROR - 2017-08-03 09:07:40 --> Severity: Notice --> Undefined variable: apid /Code/php/workspace/woms-portal/app/models/api/wifidog/Splash_mo.php 104
ERROR - 2017-08-03 09:07:40 --> Query error: Unknown column 'state' in 'field list' - Invalid query: update bindmac set state ='0' where apid = NULL and mac = '48:3B:38:90:56:EA'
ERROR - 2017-08-03 09:07:40 --> Severity: Notice --> Undefined variable: apid /Code/php/workspace/woms-portal/app/models/api/wifidog/Splash_mo.php 104
ERROR - 2017-08-03 09:07:40 --> Query error: Unknown column 'state' in 'field list' - Invalid query: update bindmac set state ='0' where apid = NULL and mac = '48:3B:38:90:56:EA'
ERROR - 2017-08-03 09:07:40 --> Severity: Notice --> Undefined variable: apid /Code/php/workspace/woms-portal/app/models/api/wifidog/Splash_mo.php 104
ERROR - 2017-08-03 09:07:40 --> Query error: Unknown column 'state' in 'field list' - Invalid query: update bindmac set state ='0' where apid = NULL and mac = '48:3B:38:90:56:EA'
ERROR - 2017-08-03 09:07:40 --> Severity: Notice --> Undefined variable: apid /Code/php/workspace/woms-portal/app/models/api/wifidog/Splash_mo.php 104
ERROR - 2017-08-03 09:07:40 --> Query error: Unknown column 'state' in 'field list' - Invalid query: update bindmac set state ='0' where apid = NULL and mac = '48:3B:38:90:56:EA'
ERROR - 2017-08-03 09:07:40 --> Severity: Notice --> Undefined variable: apid /Code/php/workspace/woms-portal/app/models/api/wifidog/Splash_mo.php 104
ERROR - 2017-08-03 09:07:40 --> Query error: Unknown column 'state' in 'field list' - Invalid query: update bindmac set state ='0' where apid = NULL and mac = '48:3B:38:90:56:EA'
ERROR - 2017-08-03 09:07:40 --> Severity: Notice --> Undefined variable: apid /Code/php/workspace/woms-portal/app/models/api/wifidog/Splash_mo.php 104
ERROR - 2017-08-03 09:07:40 --> Query error: Unknown column 'state' in 'field list' - Invalid query: update bindmac set state ='0' where apid = NULL and mac = '48:3B:38:90:56:EA'
ERROR - 2017-08-03 09:07:43 --> Severity: Notice --> Undefined variable: apid /Code/php/workspace/woms-portal/app/models/api/wifidog/Splash_mo.php 104
ERROR - 2017-08-03 09:07:43 --> Query error: Unknown column 'state' in 'field list' - Invalid query: update bindmac set state ='0' where apid = NULL and mac = '48:3B:38:90:56:EA'
ERROR - 2017-08-03 09:17:21 --> 404 Page Not Found: Mkadc/index
ERROR - 2017-08-03 09:17:21 --> 404 Page Not Found: Faviconico/index
ERROR - 2017-08-03 09:19:32 --> 404 Page Not Found: /index
ERROR - 2017-08-03 09:19:38 --> 404 Page Not Found: Res/images
ERROR - 2017-08-03 09:19:42 --> 404 Page Not Found: Res/images
ERROR - 2017-08-03 09:19:46 --> 404 Page Not Found: Faviconico/index
ERROR - 2017-08-03 09:31:05 --> Severity: Warning --> array_merge(): Argument #2 is not an array /Code/php/workspace/woms-portal/app/models/cooperater/Tmpmanage.php 186
ERROR - 2017-08-03 09:31:05 --> Severity: Warning --> Invalid argument supplied for foreach() /Code/php/workspace/woms-portal/app/models/cooperater/Tmpmanage.php 188
ERROR - 2017-08-03 09:31:37 --> Severity: Warning --> array_merge(): Argument #1 is not an array /Code/php/workspace/woms-portal/app/models/cooperater/Tmpmanage.php 186
ERROR - 2017-08-03 09:31:37 --> Severity: Warning --> Invalid argument supplied for foreach() /Code/php/workspace/woms-portal/app/models/cooperater/Tmpmanage.php 188
ERROR - 2017-08-03 10:14:11 --> Severity: error --> Exception: Error Processing Request /Code/php/workspace/woms-portal/app/models/cooperater/Tmpmanage.php 55
ERROR - 2017-08-03 10:14:48 --> Severity: error --> Exception: Error Processing Request /Code/php/workspace/woms-portal/app/models/cooperater/Tmpmanage.php 55
ERROR - 2017-08-03 10:19:54 --> Severity: error --> Exception: Error Processing Request /Code/php/workspace/woms-portal/app/models/cooperater/Tmpmanage.php 55
ERROR - 2017-08-03 11:02:21 --> Severity: error --> Exception: Error Processing Request /Code/php/workspace/woms-portal/app/models/cooperater/Tmpmanage.php 55
ERROR - 2017-08-03 11:26:38 --> Severity: Parsing Error --> parse error, expecting `','' or `';'' /Code/php/workspace/woms-portal/gui/edittemplate.php 85
ERROR - 2017-08-03 11:27:18 --> Severity: Notice --> Undefined variable: type /Code/php/workspace/woms-portal/gui/edittemplate.php 40
ERROR - 2017-08-03 11:43:53 --> Severity: error --> Exception: Error Processing Request /Code/php/workspace/woms-portal/app/models/cooperater/Tmpmanage.php 55
ERROR - 2017-08-03 17:25:41 --> Severity: Notice --> Undefined variable: apid /Code/php/workspace/woms-portal/app/models/api/wifidog/Splash_mo.php 104
ERROR - 2017-08-03 17:25:41 --> Query error: Unknown column 'state' in 'field list' - Invalid query: update bindmac set state ='0' where apid = NULL and mac = '48:3B:38:51:35:C3'
ERROR - 2017-08-03 17:31:10 --> Severity: Notice --> Undefined variable: apid /Code/php/workspace/woms-portal/app/models/api/wifidog/Splash_mo.php 104
ERROR - 2017-08-03 17:31:10 --> Query error: Unknown column 'state' in 'field list' - Invalid query: update bindmac set state ='0' where apid = NULL and mac = '48:3B:38:51:35:C3'
ERROR - 2017-08-03 17:34:52 --> Severity: Notice --> Undefined variable: apid /Code/php/workspace/woms-portal/app/models/api/wifidog/Splash_mo.php 104
ERROR - 2017-08-03 17:34:52 --> Query error: Unknown column 'state' in 'field list' - Invalid query: update bindmac set state ='0' where apid = NULL and mac = '48:3B:38:51:35:C3'
