ERROR - 2017-07-28 09:21:21 --> 404 Page Not Found: Res/images
ERROR - 2017-07-28 09:21:25 --> 404 Page Not Found: Faviconico/index
ERROR - 2017-07-28 09:21:27 --> Severity: Notice --> Undefined variable: apid F:\PHP\Code\workspace\Portal2.0\gui\authstatistics.php 53
ERROR - 2017-07-28 09:21:27 --> Severity: Notice --> Undefined variable: apid F:\PHP\Code\workspace\Portal2.0\gui\authstatistics.php 53
ERROR - 2017-07-28 09:21:27 --> Severity: Notice --> Undefined variable: apid F:\PHP\Code\workspace\Portal2.0\gui\authstatistics.php 53
ERROR - 2017-07-28 09:35:44 --> Query error: You have an error in your SQL syntax; check the manual that corresponds to your MySQL server version for the right syntax to use near '?' at line 1 - Invalid query: select * from template where id = ?
ERROR - 2017-07-28 09:47:45 --> Query error: Unknown column 'smstemplate' in 'field list' - Invalid query: update apconfig set authtype='2', wxloginable='0', customurl='www.baidu.com', showstatuspage='s',  bindmac='0', bindvalidatetime=9999999999, smstid='0',smsonedaycount='10',smskey='13ea6e72f1d78c6c80cfc200e0848db2', smssecret='cadf94233d08', smstemplate='3054866' where apid = '16'
ERROR - 2017-07-28 09:47:48 --> 404 Page Not Found: Res/js
ERROR - 2017-07-28 09:47:50 --> Query error: Unknown column 'smstemplate' in 'field list' - Invalid query: update apconfig set authtype='2', wxloginable='0', customurl='www.baidu.com', showstatuspage='s',  bindmac='0', bindvalidatetime=9999999999, smstid='0',smsonedaycount='10',smskey='13ea6e72f1d78c6c80cfc200e0848db2', smssecret='cadf94233d08', smstemplate='3054866' where apid = '16'
ERROR - 2017-07-28 09:48:32 --> Query error: Unknown column 'smstemplate' in 'field list' - Invalid query: update apconfig set authtype='2', wxloginable='0', customurl='www.baidu.com', showstatuspage='s',  bindmac='0', bindvalidatetime=9999999999, smstid='0',smsonedaycount='10',smskey='13ea6e72f1d78c6c80cfc200e0848db2', smssecret='cadf94233d08', smstemplate='3054866' where apid = '16'
ERROR - 2017-07-28 09:51:09 --> Severity: Notice --> Use of undefined constant ap - assumed 'ap' F:\PHP\Code\workspace\Portal2.0\gui\apauthtype.php 71
ERROR - 2017-07-28 09:51:09 --> Severity: Warning --> Illegal string offset 'smskey' F:\PHP\Code\workspace\Portal2.0\gui\apauthtype.php 71
ERROR - 2017-07-28 09:51:09 --> Severity: Notice --> Use of undefined constant ap - assumed 'ap' F:\PHP\Code\workspace\Portal2.0\gui\apauthtype.php 78
ERROR - 2017-07-28 09:51:09 --> Severity: Warning --> Illegal string offset 'smssecret' F:\PHP\Code\workspace\Portal2.0\gui\apauthtype.php 78
ERROR - 2017-07-28 09:51:09 --> Severity: Notice --> Use of undefined constant ap - assumed 'ap' F:\PHP\Code\workspace\Portal2.0\gui\apauthtype.php 84
ERROR - 2017-07-28 09:51:09 --> Severity: Warning --> Illegal string offset 'smstemplate' F:\PHP\Code\workspace\Portal2.0\gui\apauthtype.php 84
ERROR - 2017-07-28 10:18:08 --> Severity: Notice --> Undefined variable: apid F:\PHP\Code\workspace\Portal2.0\gui\authstatistics.php 53
ERROR - 2017-07-28 10:18:08 --> Severity: Notice --> Undefined variable: apid F:\PHP\Code\workspace\Portal2.0\gui\authstatistics.php 53
ERROR - 2017-07-28 10:18:08 --> Severity: Notice --> Undefined variable: apid F:\PHP\Code\workspace\Portal2.0\gui\authstatistics.php 53
ERROR - 2017-07-28 10:28:15 --> 404 Page Not Found: c/Api/wifidog
ERROR - 2017-07-28 10:48:13 --> Severity: Notice --> Undefined variable: secret F:\PHP\Code\workspace\Portal2.0\app\libraries\Wysms.php 19
ERROR - 2017-07-28 10:48:13 --> Severity: Notice --> Undefined variable: tmplateid F:\PHP\Code\workspace\Portal2.0\app\libraries\Wysms.php 22
ERROR - 2017-07-28 10:48:16 --> Query error: You have an error in your SQL syntax; check the manual that corresponds to your MySQL server version for the right syntax to use near '?,?,?,?,?,?,?,?,?,?,?,?)' at line 2 - Invalid query: insert into smsauthlog (apid, stid, verifycode, mobile, uid, ip, mac, successcode,sendtime,expiretime, status) 
								value (?,?,?,?,?,?,?,?,?,?,?,?)
ERROR - 2017-07-28 10:50:23 --> Query error: You have an error in your SQL syntax; check the manual that corresponds to your MySQL server version for the right syntax to use near '?,?,?,?,?,?,?,?,?,?,?,?)' at line 2 - Invalid query: insert into smsauthlog (apid, stid, verifycode, mobile, uid, ip, mac, successcode,sendtime,expiretime, status) 
								value (?,?,?,?,?,?,?,?,?,?,?,?)
ERROR - 2017-07-28 11:00:58 --> Severity: Notice --> Undefined variable: content F:\PHP\Code\workspace\Portal2.0\app\libraries\Wysms.php 44
ERROR - 2017-07-28 11:23:40 --> Severity: Notice --> Undefined variable: templateid F:\PHP\Code\workspace\Portal2.0\app\libraries\Wysms.php 12
ERROR - 2017-07-28 11:27:48 --> Severity: Notice --> Use of undefined constant wanip - assumed 'wanip' F:\PHP\Code\workspace\Portal2.0\app\models\api\wifidog\Splash_mo.php 249
ERROR - 2017-07-28 15:47:34 --> 404 Page Not Found: /index
ERROR - 2017-07-28 15:50:17 --> 404 Page Not Found: Woms-portal/index
ERROR - 2017-07-28 15:50:17 --> 404 Page Not Found: Faviconico/index
ERROR - 2017-07-28 16:01:19 --> 404 Page Not Found: /index
ERROR - 2017-07-28 16:01:27 --> Severity: Warning --> mysqli::real_connect(): (HY000/1045): Access denied for user 'root'@'localhost' (using password: YES) /Code/php/workspace/woms-portal/sys/database/drivers/mysqli/mysqli_driver.php 201
ERROR - 2017-07-28 16:01:27 --> Unable to connect to the database
ERROR - 2017-07-28 16:03:09 --> 404 Page Not Found: Res/images
ERROR - 2017-07-28 16:03:15 --> 404 Page Not Found: Res/images
ERROR - 2017-07-28 16:03:22 --> 404 Page Not Found: Faviconico/index
ERROR - 2017-07-28 16:03:30 --> Severity: Notice --> Undefined variable: apid /Code/php/workspace/woms-portal/gui/authstatistics.php 53
ERROR - 2017-07-28 16:03:30 --> Severity: Notice --> Undefined variable: apid /Code/php/workspace/woms-portal/gui/authstatistics.php 53
ERROR - 2017-07-28 16:03:30 --> Severity: Notice --> Undefined variable: apid /Code/php/workspace/woms-portal/gui/authstatistics.php 53
ERROR - 2017-07-28 16:19:17 --> 404 Page Not Found: /index
ERROR - 2017-07-28 16:19:56 --> 404 Page Not Found: cooperater/Corp/logn
ERROR - 2017-07-28 16:19:56 --> 404 Page Not Found: Faviconico/index
ERROR - 2017-07-28 16:20:00 --> 404 Page Not Found: Res/images
