ERROR - 2017-08-28 09:33:31 --> 404 Page Not Found: Res/images
ERROR - 2017-08-28 09:34:30 --> 404 Page Not Found: Res/images
ERROR - 2017-08-28 09:34:35 --> 404 Page Not Found: Faviconico/index
ERROR - 2017-08-28 09:37:10 --> 404 Page Not Found: cooperater/Corp/ldap
ERROR - 2017-08-28 09:42:42 --> Severity: Notice --> Undefined variable: ap /Code/php/workspace/woms-portal/gui/ldap.php 38
ERROR - 2017-08-28 09:42:42 --> Severity: Warning --> Invalid argument supplied for foreach() /Code/php/workspace/woms-portal/gui/ldap.php 38
ERROR - 2017-08-28 09:43:39 --> Severity: Notice --> Undefined variable: ap /Code/php/workspace/woms-portal/gui/ldap.php 38
ERROR - 2017-08-28 09:43:39 --> Severity: Warning --> Invalid argument supplied for foreach() /Code/php/workspace/woms-portal/gui/ldap.php 38
ERROR - 2017-08-28 09:44:15 --> Severity: Notice --> Undefined variable: ap /Code/php/workspace/woms-portal/gui/ldap.php 38
ERROR - 2017-08-28 09:44:15 --> Severity: Warning --> Invalid argument supplied for foreach() /Code/php/workspace/woms-portal/gui/ldap.php 38
ERROR - 2017-08-28 09:46:12 --> 404 Page Not Found: cooperater/Corp/ldapconf
ERROR - 2017-08-28 09:46:52 --> Severity: Notice --> Undefined variable: ap /Code/php/workspace/woms-portal/gui/authserverconf.php 38
ERROR - 2017-08-28 09:46:52 --> Severity: Warning --> Invalid argument supplied for foreach() /Code/php/workspace/woms-portal/gui/authserverconf.php 38
ERROR - 2017-08-28 09:47:48 --> Severity: Notice --> Undefined variable: ap /Code/php/workspace/woms-portal/gui/authserverconf.php 14
ERROR - 2017-08-28 09:47:48 --> Severity: Notice --> Undefined variable: ap /Code/php/workspace/woms-portal/gui/authserverconf.php 16
ERROR - 2017-08-28 09:47:48 --> Severity: Notice --> Undefined variable: ap /Code/php/workspace/woms-portal/gui/authserverconf.php 16
ERROR - 2017-08-28 09:47:48 --> Severity: Notice --> Undefined variable: apid /Code/php/workspace/woms-portal/gui/authserverconf.php 18
ERROR - 2017-08-28 09:47:48 --> Severity: Notice --> Undefined variable: ap /Code/php/workspace/woms-portal/gui/authserverconf.php 25
ERROR - 2017-08-28 09:47:48 --> Severity: Notice --> Undefined variable: ap /Code/php/workspace/woms-portal/gui/authserverconf.php 26
ERROR - 2017-08-28 09:47:48 --> Severity: Notice --> Undefined variable: ap /Code/php/workspace/woms-portal/gui/authserverconf.php 27
ERROR - 2017-08-28 09:47:48 --> Severity: Notice --> Undefined variable: ap /Code/php/workspace/woms-portal/gui/authserverconf.php 31
ERROR - 2017-08-28 09:47:48 --> Severity: Notice --> Undefined variable: ap /Code/php/workspace/woms-portal/gui/authserverconf.php 42
ERROR - 2017-08-28 09:47:48 --> Severity: Notice --> Undefined variable: ap /Code/php/workspace/woms-portal/gui/authserverconf.php 43
ERROR - 2017-08-28 09:47:48 --> Severity: Notice --> Undefined variable: ap /Code/php/workspace/woms-portal/gui/authserverconf.php 47
ERROR - 2017-08-28 09:47:48 --> Severity: Notice --> Undefined variable: ap /Code/php/workspace/woms-portal/gui/authserverconf.php 54
ERROR - 2017-08-28 09:47:48 --> Severity: Notice --> Undefined variable: ap /Code/php/workspace/woms-portal/gui/authserverconf.php 55
ERROR - 2017-08-28 09:47:48 --> Severity: Notice --> Undefined variable: ap /Code/php/workspace/woms-portal/gui/authserverconf.php 56
ERROR - 2017-08-28 09:47:48 --> Severity: Notice --> Undefined variable: ap /Code/php/workspace/woms-portal/gui/authserverconf.php 57
ERROR - 2017-08-28 09:47:48 --> Severity: Notice --> Undefined variable: ap /Code/php/workspace/woms-portal/gui/authserverconf.php 58
ERROR - 2017-08-28 09:47:48 --> Severity: Notice --> Undefined variable: ap /Code/php/workspace/woms-portal/gui/authserverconf.php 59
ERROR - 2017-08-28 09:47:48 --> Severity: Notice --> Undefined variable: ap /Code/php/workspace/woms-portal/gui/authserverconf.php 65
ERROR - 2017-08-28 09:47:48 --> Severity: Notice --> Undefined variable: ap /Code/php/workspace/woms-portal/gui/authserverconf.php 76
ERROR - 2017-08-28 09:47:48 --> Severity: Notice --> Undefined variable: ap /Code/php/workspace/woms-portal/gui/authserverconf.php 83
ERROR - 2017-08-28 09:47:48 --> Severity: Notice --> Undefined variable: ap /Code/php/workspace/woms-portal/gui/authserverconf.php 89
ERROR - 2017-08-28 09:47:48 --> Severity: Notice --> Undefined variable: sms /Code/php/workspace/woms-portal/gui/authserverconf.php 99
ERROR - 2017-08-28 09:47:48 --> Severity: Warning --> Invalid argument supplied for foreach() /Code/php/workspace/woms-portal/gui/authserverconf.php 99
ERROR - 2017-08-28 09:49:32 --> Severity: Notice --> Undefined variable: apid /Code/php/workspace/woms-portal/gui/authserverconf.php 18
ERROR - 2017-08-28 09:49:32 --> Severity: Notice --> Undefined variable: ap /Code/php/workspace/woms-portal/gui/authserverconf.php 46
ERROR - 2017-08-28 09:49:32 --> Severity: Notice --> Undefined variable: ap /Code/php/workspace/woms-portal/gui/authserverconf.php 53
ERROR - 2017-08-28 09:49:32 --> Severity: Notice --> Undefined variable: ap /Code/php/workspace/woms-portal/gui/authserverconf.php 64
ERROR - 2017-08-28 09:49:32 --> Severity: Notice --> Undefined variable: ap /Code/php/workspace/woms-portal/gui/authserverconf.php 71
ERROR - 2017-08-28 09:49:32 --> Severity: Notice --> Undefined variable: ap /Code/php/workspace/woms-portal/gui/authserverconf.php 77
ERROR - 2017-08-28 09:49:55 --> Severity: Notice --> Undefined variable: apid /Code/php/workspace/woms-portal/gui/authserverconf.php 18
ERROR - 2017-08-28 09:49:55 --> Severity: Notice --> Undefined variable: ap /Code/php/workspace/woms-portal/gui/authserverconf.php 46
ERROR - 2017-08-28 09:49:55 --> Severity: Notice --> Undefined variable: ap /Code/php/workspace/woms-portal/gui/authserverconf.php 53
ERROR - 2017-08-28 09:49:55 --> Severity: Notice --> Undefined variable: ap /Code/php/workspace/woms-portal/gui/authserverconf.php 64
ERROR - 2017-08-28 09:49:55 --> Severity: Notice --> Undefined variable: ap /Code/php/workspace/woms-portal/gui/authserverconf.php 71
ERROR - 2017-08-28 09:49:55 --> Severity: Notice --> Undefined variable: ap /Code/php/workspace/woms-portal/gui/authserverconf.php 77
ERROR - 2017-08-28 09:50:14 --> Severity: Notice --> Undefined variable: apid /Code/php/workspace/woms-portal/gui/authserverconf.php 18
ERROR - 2017-08-28 09:50:14 --> Severity: Notice --> Undefined variable: ap /Code/php/workspace/woms-portal/gui/authserverconf.php 46
ERROR - 2017-08-28 09:50:14 --> Severity: Notice --> Undefined variable: ap /Code/php/workspace/woms-portal/gui/authserverconf.php 53
ERROR - 2017-08-28 09:50:14 --> Severity: Notice --> Undefined variable: ap /Code/php/workspace/woms-portal/gui/authserverconf.php 64
ERROR - 2017-08-28 09:50:14 --> Severity: Notice --> Undefined variable: ap /Code/php/workspace/woms-portal/gui/authserverconf.php 71
ERROR - 2017-08-28 09:50:14 --> Severity: Notice --> Undefined variable: ap /Code/php/workspace/woms-portal/gui/authserverconf.php 77
ERROR - 2017-08-28 09:50:17 --> 404 Page Not Found: Res/js
ERROR - 2017-08-28 09:51:15 --> Severity: Notice --> Undefined variable: ap /Code/php/workspace/woms-portal/gui/authserverconf.php 39
ERROR - 2017-08-28 09:51:15 --> Severity: Notice --> Undefined variable: ap /Code/php/workspace/woms-portal/gui/authserverconf.php 46
ERROR - 2017-08-28 09:51:15 --> Severity: Notice --> Undefined variable: ap /Code/php/workspace/woms-portal/gui/authserverconf.php 57
ERROR - 2017-08-28 09:51:15 --> Severity: Notice --> Undefined variable: ap /Code/php/workspace/woms-portal/gui/authserverconf.php 64
ERROR - 2017-08-28 09:51:15 --> Severity: Notice --> Undefined variable: ap /Code/php/workspace/woms-portal/gui/authserverconf.php 70
ERROR - 2017-08-28 11:09:33 --> 404 Page Not Found: Res/js
ERROR - 2017-08-28 11:12:17 --> 404 Page Not Found: Res/images
ERROR - 2017-08-28 11:12:23 --> 404 Page Not Found: Faviconico/index
ERROR - 2017-08-28 11:16:28 --> 404 Page Not Found: c/Api/wifidog
ERROR - 2017-08-28 11:16:29 --> 404 Page Not Found: c/Api/wifidog
ERROR - 2017-08-28 11:16:47 --> 404 Page Not Found: Faviconico/index
ERROR - 2017-08-28 11:16:48 --> 404 Page Not Found: Faviconico/index
ERROR - 2017-08-28 11:17:23 --> 404 Page Not Found: c/Api/wifidog
ERROR - 2017-08-28 11:18:08 --> 404 Page Not Found: c/Api/wifidog
ERROR - 2017-08-28 11:18:09 --> 404 Page Not Found: c/Api/wifidog
ERROR - 2017-08-28 11:32:12 --> 404 Page Not Found: c/Api/wifidog
ERROR - 2017-08-28 11:35:34 --> 404 Page Not Found: c/Api/wifidog
ERROR - 2017-08-28 13:43:06 --> 404 Page Not Found: /index
ERROR - 2017-08-28 13:43:07 --> 404 Page Not Found: Faviconico/index
ERROR - 2017-08-28 13:43:07 --> 404 Page Not Found: Apple-touch-icon-precomposedpng/index
ERROR - 2017-08-28 13:43:07 --> 404 Page Not Found: Apple-touch-iconpng/index
ERROR - 2017-08-28 13:43:08 --> 404 Page Not Found: Res/images
ERROR - 2017-08-28 13:45:04 --> Severity: Notice --> Undefined variable: ldaousername /Code/php/workspace/woms-portal/app/models/cooperater/Authmanage.php 239
ERROR - 2017-08-28 13:45:04 --> Query error: Unknown column 'ldaousername' in 'field list' - Invalid query: insert into ldap (ldaphost,ldapport, ldaousername, ldapuserpass, dn, cid) value ('172.16.75.63','389',NULL,'das','sdasda','1')
ERROR - 2017-08-28 13:45:30 --> 404 Page Not Found: Faviconico/index
ERROR - 2017-08-28 13:45:51 --> Severity: Notice --> Undefined variable: ldaousername /Code/php/workspace/woms-portal/app/models/cooperater/Authmanage.php 239
ERROR - 2017-08-28 13:45:51 --> Query error: Unknown column 'ldaousername' in 'field list' - Invalid query: insert into ldap (ldaphost,ldapport, ldaousername, ldapuserpass, dn, cid) value ('1.1.1.1','389',NULL,'admin','sdasd','1')
ERROR - 2017-08-28 13:45:57 --> 404 Page Not Found: Res/js
ERROR - 2017-08-28 13:45:58 --> Severity: Notice --> Undefined variable: ldaousername /Code/php/workspace/woms-portal/app/models/cooperater/Authmanage.php 239
ERROR - 2017-08-28 13:45:58 --> Query error: Unknown column 'ldaousername' in 'field list' - Invalid query: insert into ldap (ldaphost,ldapport, ldaousername, ldapuserpass, dn, cid) value ('1.1.1.1','389',NULL,'admin','sdasd','1')
ERROR - 2017-08-28 13:46:50 --> Severity: Notice --> Undefined variable: ldaousername /Code/php/workspace/woms-portal/app/models/cooperater/Authmanage.php 239
ERROR - 2017-08-28 13:46:50 --> Query error: Column 'ldapusername' cannot be null - Invalid query: insert into ldap (ldaphost,ldapport, ldapusername, ldapuserpass, dn, cid) value ('1.1.1.1','389',NULL,'admin','sdasd','1')
ERROR - 2017-08-28 13:46:57 --> Severity: Notice --> Undefined variable: ldaousername /Code/php/workspace/woms-portal/app/models/cooperater/Authmanage.php 239
ERROR - 2017-08-28 13:46:57 --> Query error: Column 'ldapusername' cannot be null - Invalid query: insert into ldap (ldaphost,ldapport, ldapusername, ldapuserpass, dn, cid) value ('1.1.1.1','389',NULL,'admin','sdasd','1')
ERROR - 2017-08-28 13:47:53 --> Severity: Notice --> Undefined variable: uname /Code/php/workspace/woms-portal/app/models/cooperater/Authmanage.php 244
ERROR - 2017-08-28 13:49:35 --> 404 Page Not Found: Res/js
ERROR - 2017-08-28 14:17:00 --> 404 Page Not Found: Res/images
ERROR - 2017-08-28 14:17:03 --> 404 Page Not Found: Faviconico/index
ERROR - 2017-08-28 14:17:56 --> 404 Page Not Found: c/Api/wifidog
ERROR - 2017-08-28 14:19:57 --> 404 Page Not Found: c/Api/wifidog
ERROR - 2017-08-28 14:22:38 --> 404 Page Not Found: c/Api/wifidog
ERROR - 2017-08-28 14:22:54 --> 404 Page Not Found: c/Api/wifidog
ERROR - 2017-08-28 14:35:06 --> Severity: Notice --> Undefined index: ldapdn /Code/php/workspace/woms-portal/gui/authserverconf.php 48
ERROR - 2017-08-28 14:51:02 --> 404 Page Not Found: c/Api/wifidog
ERROR - 2017-08-28 14:51:54 --> 404 Page Not Found: c/Api/wifidog
ERROR - 2017-08-28 14:52:11 --> Severity: Notice --> Undefined variable: authuser /Code/php/workspace/woms-portal/app/models/api/wifidog/Splash_mo.php 219
ERROR - 2017-08-28 14:52:12 --> 404 Page Not Found: c/Api/wifidog
ERROR - 2017-08-28 14:54:55 --> 404 Page Not Found: c/Api/wifidog
ERROR - 2017-08-28 14:55:09 --> Severity: Notice --> Undefined variable: authuser /Code/php/workspace/woms-portal/app/models/api/wifidog/Splash_mo.php 219
ERROR - 2017-08-28 14:55:10 --> 404 Page Not Found: c/Api/wifidog
ERROR - 2017-08-28 15:19:18 --> 404 Page Not Found: c/Api/wifidog
ERROR - 2017-08-28 15:19:34 --> 404 Page Not Found: c/Api/wifidog
ERROR - 2017-08-28 15:21:34 --> 404 Page Not Found: c/Api/wifidog
ERROR - 2017-08-28 15:21:43 --> 404 Page Not Found: c/Api/wifidog
ERROR - 2017-08-28 15:31:23 --> 404 Page Not Found: c/Api/wifidog
ERROR - 2017-08-28 15:31:31 --> 404 Page Not Found: c/Api/wifidog
ERROR - 2017-08-28 15:33:21 --> 404 Page Not Found: Res/images
ERROR - 2017-08-28 15:33:28 --> 404 Page Not Found: Faviconico/index
ERROR - 2017-08-28 15:47:03 --> 404 Page Not Found: c/Api/wifidog
ERROR - 2017-08-28 15:48:10 --> 404 Page Not Found: c/Api/wifidog
