ERROR - 2017-07-03 09:02:41 --> 404 Page Not Found: Res/images
ERROR - 2017-07-03 09:02:43 --> 404 Page Not Found: Faviconico/index
ERROR - 2017-07-03 09:29:28 --> 404 Page Not Found: Res/images
ERROR - 2017-07-03 09:29:30 --> 404 Page Not Found: Faviconico/index
ERROR - 2017-07-03 10:44:50 --> 404 Page Not Found: Res/js
ERROR - 2017-07-03 10:44:56 --> Severity: Warning --> strripos() expects parameter 1 to be string, array given F:\PHP\Code\workspace\Portal2.0\app\models\cooperater\Tmpmanage.php 160
ERROR - 2017-07-03 10:44:56 --> Severity: Warning --> strlen() expects parameter 1 to be string, array given F:\PHP\Code\workspace\Portal2.0\app\models\cooperater\Tmpmanage.php 160
ERROR - 2017-07-03 10:44:56 --> Severity: Warning --> substr() expects parameter 1 to be string, array given F:\PHP\Code\workspace\Portal2.0\app\models\cooperater\Tmpmanage.php 160
ERROR - 2017-07-03 10:44:56 --> Severity: Warning --> strripos() expects parameter 1 to be string, array given F:\PHP\Code\workspace\Portal2.0\app\models\cooperater\Tmpmanage.php 160
ERROR - 2017-07-03 10:44:56 --> Severity: Warning --> strlen() expects parameter 1 to be string, array given F:\PHP\Code\workspace\Portal2.0\app\models\cooperater\Tmpmanage.php 160
ERROR - 2017-07-03 10:44:56 --> Severity: Warning --> substr() expects parameter 1 to be string, array given F:\PHP\Code\workspace\Portal2.0\app\models\cooperater\Tmpmanage.php 160
ERROR - 2017-07-03 10:44:56 --> Severity: Notice --> Undefined variable: i F:\PHP\Code\workspace\Portal2.0\app\models\cooperater\Tmpmanage.php 180
ERROR - 2017-07-03 10:44:56 --> Severity: Notice --> String offset cast occurred F:\PHP\Code\workspace\Portal2.0\app\models\cooperater\Tmpmanage.php 180
ERROR - 2017-07-03 10:44:56 --> Severity: Notice --> Undefined variable: i F:\PHP\Code\workspace\Portal2.0\app\models\cooperater\Tmpmanage.php 180
ERROR - 2017-07-03 10:44:56 --> Severity: Notice --> String offset cast occurred F:\PHP\Code\workspace\Portal2.0\app\models\cooperater\Tmpmanage.php 180
ERROR - 2017-07-03 10:44:56 --> Query error: Unknown column 'bgpic' in 'field list' - Invalid query: insert into template (cid, name, title, createtime, toppic, authpic, bgpic, pcauthpic, state) value ('1','1111','阿斯达斯',1499049896,'u138371499049896.jpg','[\"u117901499049896\"]','u143361499049896.jpg','[\"u145531499049896\"]','1')
ERROR - 2017-07-03 10:44:56 --> Severity: Warning --> Cannot modify header information - headers already sent by (output started at F:\PHP\Code\workspace\Portal2.0\sys\core\Exceptions.php:271) F:\PHP\Code\workspace\Portal2.0\sys\core\Common.php 570
ERROR - 2017-07-03 10:48:06 --> 404 Page Not Found: Res/js
ERROR - 2017-07-03 10:48:07 --> 404 Page Not Found: Res/js
ERROR - 2017-07-03 10:48:53 --> 404 Page Not Found: Res/js
ERROR - 2017-07-03 10:51:18 --> 404 Page Not Found: Res/js
ERROR - 2017-07-03 10:51:21 --> Severity: Notice --> Undefined variable: i F:\PHP\Code\workspace\Portal2.0\app\models\cooperater\Tmpmanage.php 180
ERROR - 2017-07-03 10:51:21 --> Severity: Notice --> String offset cast occurred F:\PHP\Code\workspace\Portal2.0\app\models\cooperater\Tmpmanage.php 180
ERROR - 2017-07-03 10:51:21 --> Severity: Notice --> Undefined variable: i F:\PHP\Code\workspace\Portal2.0\app\models\cooperater\Tmpmanage.php 180
ERROR - 2017-07-03 10:51:21 --> Severity: Notice --> String offset cast occurred F:\PHP\Code\workspace\Portal2.0\app\models\cooperater\Tmpmanage.php 180
ERROR - 2017-07-03 10:51:21 --> Query error: Unknown column 'bgpic' in 'field list' - Invalid query: insert into template (cid, name, title, createtime, toppic, authpic, bgpic, pcauthpic, state) value ('1','sdas','sdas',1499050281,'u170941499050281.jpeg','[\"u194751499050281.jpeg\"]','u123901499050281.jpeg','[\"u181711499050281.jpeg\"]','1')
ERROR - 2017-07-03 10:51:21 --> Severity: Warning --> Cannot modify header information - headers already sent by (output started at F:\PHP\Code\workspace\Portal2.0\sys\core\Exceptions.php:271) F:\PHP\Code\workspace\Portal2.0\sys\core\Common.php 570
ERROR - 2017-07-03 10:51:43 --> 404 Page Not Found: Res/js
ERROR - 2017-07-03 10:51:45 --> Query error: Unknown column 'bgpic' in 'field list' - Invalid query: insert into template (cid, name, title, createtime, toppic, authpic, bgpic, pcauthpic, state) value ('1','sdas','sdas',1499050305,'u140621499050305.jpeg','[\"u179071499050305.jpeg\"]','u149891499050305.jpeg','[\"u174371499050305.jpeg\"]','1')
ERROR - 2017-07-03 10:52:35 --> 404 Page Not Found: Res/js
ERROR - 2017-07-03 10:56:24 --> 404 Page Not Found: Res/js
ERROR - 2017-07-03 10:57:32 --> 404 Page Not Found: Res/js
ERROR - 2017-07-03 10:57:58 --> Severity: Notice --> Use of undefined constant tmp - assumed 'tmp' F:\PHP\Code\workspace\Portal2.0\gui\edittemplate.php 44
ERROR - 2017-07-03 10:57:58 --> Severity: Warning --> Illegal string offset 'title' F:\PHP\Code\workspace\Portal2.0\gui\edittemplate.php 44
ERROR - 2017-07-03 10:57:58 --> 404 Page Not Found: Res/js
ERROR - 2017-07-03 10:58:13 --> 404 Page Not Found: Res/js
ERROR - 2017-07-03 10:58:21 --> 404 Page Not Found: Res/js
ERROR - 2017-07-03 10:58:25 --> 404 Page Not Found: Res/js
ERROR - 2017-07-03 10:59:11 --> 404 Page Not Found: Res/js
ERROR - 2017-07-03 11:00:26 --> 404 Page Not Found: Res/js
ERROR - 2017-07-03 11:04:14 --> 404 Page Not Found: Res/js
ERROR - 2017-07-03 11:04:36 --> 404 Page Not Found: Res/js
ERROR - 2017-07-03 11:05:07 --> 404 Page Not Found: Res/js
ERROR - 2017-07-03 11:05:39 --> 404 Page Not Found: Res/js
ERROR - 2017-07-03 11:06:04 --> 404 Page Not Found: Res/js
ERROR - 2017-07-03 11:06:38 --> 404 Page Not Found: Res/js
ERROR - 2017-07-03 11:06:51 --> 404 Page Not Found: Res/js
ERROR - 2017-07-03 11:07:10 --> 404 Page Not Found: Res/js
ERROR - 2017-07-03 13:54:10 --> 404 Page Not Found: Res/images
ERROR - 2017-07-03 13:54:12 --> 404 Page Not Found: Faviconico/index
ERROR - 2017-07-03 14:05:33 --> Severity: Notice --> Undefined index: top F:\PHP\Code\workspace\Portal2.0\gui\edittemplate.php 56
ERROR - 2017-07-03 14:05:46 --> 404 Page Not Found: Res/js
ERROR - 2017-07-03 14:40:42 --> 404 Page Not Found: Res/js
ERROR - 2017-07-03 14:41:54 --> 404 Page Not Found: Res/js
ERROR - 2017-07-03 14:45:33 --> 404 Page Not Found: Res/js
ERROR - 2017-07-03 14:45:34 --> 404 Page Not Found: Res/js
ERROR - 2017-07-03 14:46:28 --> 404 Page Not Found: Res/js
ERROR - 2017-07-03 14:46:53 --> 404 Page Not Found: Res/js
ERROR - 2017-07-03 14:52:14 --> 404 Page Not Found: Res/js
ERROR - 2017-07-03 14:53:32 --> Severity: error --> Exception: Error Processing Request F:\PHP\Code\workspace\Portal2.0\app\models\cooperater\Tmpmanage.php 37
ERROR - 2017-07-03 14:53:37 --> 404 Page Not Found: Res/js
ERROR - 2017-07-03 14:55:31 --> 404 Page Not Found: Res/js
ERROR - 2017-07-03 14:55:43 --> 404 Page Not Found: Res/js
ERROR - 2017-07-03 15:48:06 --> Severity: Notice --> Use of undefined constant tmp - assumed 'tmp' F:\PHP\Code\workspace\Portal2.0\gui\edittemplate.php 44
ERROR - 2017-07-03 15:48:06 --> Severity: Warning --> Illegal string offset 'id' F:\PHP\Code\workspace\Portal2.0\gui\edittemplate.php 44
ERROR - 2017-07-03 15:48:06 --> 404 Page Not Found: Res/js
ERROR - 2017-07-03 15:48:31 --> Severity: Notice --> Use of undefined constant tmp - assumed 'tmp' F:\PHP\Code\workspace\Portal2.0\gui\edittemplate.php 44
ERROR - 2017-07-03 15:48:31 --> Severity: Warning --> Illegal string offset 'id' F:\PHP\Code\workspace\Portal2.0\gui\edittemplate.php 44
ERROR - 2017-07-03 15:48:31 --> 404 Page Not Found: Res/js
ERROR - 2017-07-03 15:48:52 --> 404 Page Not Found: Res/js
ERROR - 2017-07-03 16:28:06 --> 404 Page Not Found: Res/js
ERROR - 2017-07-03 16:28:10 --> 404 Page Not Found: Res/images
ERROR - 2017-07-03 16:28:20 --> 404 Page Not Found: Res/images
ERROR - 2017-07-03 16:28:31 --> 404 Page Not Found: Res/images
ERROR - 2017-07-03 16:28:32 --> 404 Page Not Found: Res/images
ERROR - 2017-07-03 16:28:34 --> 404 Page Not Found: Res/images
ERROR - 2017-07-03 16:28:37 --> 404 Page Not Found: Res/images
ERROR - 2017-07-03 16:28:38 --> 404 Page Not Found: Res/images
ERROR - 2017-07-03 16:28:38 --> 404 Page Not Found: Res/js
ERROR - 2017-07-03 16:29:17 --> 404 Page Not Found: Res/images
ERROR - 2017-07-03 16:29:17 --> 404 Page Not Found: Res/js
ERROR - 2017-07-03 16:29:48 --> 404 Page Not Found: Res/images
ERROR - 2017-07-03 16:29:48 --> 404 Page Not Found: Res/js
ERROR - 2017-07-03 16:29:51 --> 404 Page Not Found: Res/images
ERROR - 2017-07-03 16:29:51 --> 404 Page Not Found: Res/js
ERROR - 2017-07-03 16:31:47 --> 404 Page Not Found: Res/images
ERROR - 2017-07-03 16:31:47 --> 404 Page Not Found: Res/js
ERROR - 2017-07-03 16:32:40 --> 404 Page Not Found: Res/images
ERROR - 2017-07-03 16:32:40 --> 404 Page Not Found: Res/js
ERROR - 2017-07-03 16:32:48 --> 404 Page Not Found: Res/images
ERROR - 2017-07-03 16:32:52 --> 404 Page Not Found: Res/js
ERROR - 2017-07-03 16:33:38 --> 404 Page Not Found: Res/js
ERROR - 2017-07-03 16:34:13 --> 404 Page Not Found: Res/js
ERROR - 2017-07-03 16:34:26 --> 404 Page Not Found: Res/js
ERROR - 2017-07-03 16:49:27 --> 404 Page Not Found: Res/js
ERROR - 2017-07-03 16:49:55 --> 404 Page Not Found: Res/js
ERROR - 2017-07-03 16:50:28 --> 404 Page Not Found: Res/js
ERROR - 2017-07-03 16:50:45 --> 404 Page Not Found: Res/js
ERROR - 2017-07-03 16:50:48 --> 404 Page Not Found: Res/images
ERROR - 2017-07-03 16:50:58 --> 404 Page Not Found: Res/images
ERROR - 2017-07-03 16:51:00 --> 404 Page Not Found: Res/images
ERROR - 2017-07-03 16:51:01 --> 404 Page Not Found: Res/images
ERROR - 2017-07-03 16:51:01 --> 404 Page Not Found: Res/js
ERROR - 2017-07-03 16:51:21 --> 404 Page Not Found: Res/images
ERROR - 2017-07-03 16:51:21 --> 404 Page Not Found: Res/js
ERROR - 2017-07-03 16:51:22 --> 404 Page Not Found: Res/images
ERROR - 2017-07-03 16:51:22 --> 404 Page Not Found: Res/js
ERROR - 2017-07-03 17:07:03 --> 404 Page Not Found: Faviconico/index
ERROR - 2017-07-03 17:11:13 --> 404 Page Not Found: Res/js
ERROR - 2017-07-03 17:11:13 --> 404 Page Not Found: Res/images
ERROR - 2017-07-03 17:11:24 --> 404 Page Not Found: Res/js
ERROR - 2017-07-03 17:11:46 --> Severity: Notice --> Undefined variable: row F:\PHP\Code\workspace\Portal2.0\gui\apauthtmp.php 16
ERROR - 2017-07-03 17:11:53 --> 404 Page Not Found: Res/images
ERROR - 2017-07-03 17:12:00 --> 404 Page Not Found: Res/images
ERROR - 2017-07-03 17:12:04 --> 404 Page Not Found: Res/js
ERROR - 2017-07-03 17:12:11 --> 404 Page Not Found: Res/js
ERROR - 2017-07-03 17:12:16 --> 404 Page Not Found: Res/js
ERROR - 2017-07-03 17:12:20 --> 404 Page Not Found: Res/js
ERROR - 2017-07-03 17:12:32 --> 404 Page Not Found: Res/js
