ERROR - 2017-06-22 09:30:53 --> 404 Page Not Found: Res/images
ERROR - 2017-06-22 09:30:57 --> 404 Page Not Found: Faviconico/index
ERROR - 2017-06-22 10:07:43 --> 404 Page Not Found: Res/js
ERROR - 2017-06-22 10:09:22 --> 404 Page Not Found: Res/js
ERROR - 2017-06-22 10:11:54 --> 404 Page Not Found: Res/js
ERROR - 2017-06-22 10:12:02 --> 404 Page Not Found: Res/js
ERROR - 2017-06-22 10:20:41 --> 404 Page Not Found: Faviconico/index
ERROR - 2017-06-22 10:44:47 --> 404 Page Not Found: Res/js
ERROR - 2017-06-22 11:06:19 --> 404 Page Not Found: Res/images
ERROR - 2017-06-22 11:06:51 --> 404 Page Not Found: Re/index
ERROR - 2017-06-22 12:57:36 --> 404 Page Not Found: Faviconico/index
ERROR - 2017-06-22 12:59:55 --> Severity: Error --> Call to undefined method Authmanage::removetmp() F:\PHP\Code\workspace\Portal2.0\app\controllers\cooperater\Factory.php 25
ERROR - 2017-06-22 13:01:15 --> 404 Page Not Found: Res/js
ERROR - 2017-06-22 13:32:12 --> Severity: Notice --> Undefined variable: tmp F:\PHP\Code\workspace\Portal2.0\gui\addtemplate.php 39
ERROR - 2017-06-22 13:42:10 --> 404 Page Not Found: Res/js
ERROR - 2017-06-22 13:42:31 --> 404 Page Not Found: Res/js
ERROR - 2017-06-22 13:59:41 --> 404 Page Not Found: c/Api/wifidog
ERROR - 2017-06-22 14:01:50 --> 404 Page Not Found: Res/images
ERROR - 2017-06-22 14:12:47 --> 404 Page Not Found: Res/images
ERROR - 2017-06-22 14:12:47 --> 404 Page Not Found: Res/images
ERROR - 2017-06-22 14:12:54 --> 404 Page Not Found: Res/images
ERROR - 2017-06-22 14:12:54 --> 404 Page Not Found: Res/images
ERROR - 2017-06-22 14:12:55 --> 404 Page Not Found: Res/images
ERROR - 2017-06-22 14:12:55 --> 404 Page Not Found: Res/images
ERROR - 2017-06-22 14:14:26 --> 404 Page Not Found: Res/images
ERROR - 2017-06-22 14:16:05 --> 404 Page Not Found: Res/js
ERROR - 2017-06-22 14:16:06 --> 404 Page Not Found: Res/js
ERROR - 2017-06-22 14:17:11 --> 404 Page Not Found: Res/js
ERROR - 2017-06-22 14:17:30 --> 404 Page Not Found: Res/js
ERROR - 2017-06-22 14:17:40 --> 404 Page Not Found: Res/js
ERROR - 2017-06-22 14:17:55 --> 404 Page Not Found: Res/js
ERROR - 2017-06-22 14:18:39 --> 404 Page Not Found: Res/js
ERROR - 2017-06-22 14:18:44 --> 404 Page Not Found: Res/js
ERROR - 2017-06-22 14:18:49 --> 404 Page Not Found: Res/js
ERROR - 2017-06-22 14:20:18 --> 404 Page Not Found: Res/js
ERROR - 2017-06-22 14:20:38 --> 404 Page Not Found: Res/js
ERROR - 2017-06-22 14:20:47 --> 404 Page Not Found: Res/js
ERROR - 2017-06-22 14:20:49 --> 404 Page Not Found: Res/js
ERROR - 2017-06-22 14:27:48 --> 404 Page Not Found: Faviconico/index
ERROR - 2017-06-22 14:30:52 --> 404 Page Not Found: Res/images
ERROR - 2017-06-22 14:30:52 --> 404 Page Not Found: Res/images
ERROR - 2017-06-22 14:38:46 --> Severity: error --> Exception: 模版参数不全或内容有误， 请确认 F:\PHP\Code\workspace\Portal2.0\app\models\cooperater\Tmpmanage.php 88
ERROR - 2017-06-22 14:40:25 --> 404 Page Not Found: Res/images
ERROR - 2017-06-22 14:44:39 --> 404 Page Not Found: Res/images
ERROR - 2017-06-22 14:44:39 --> 404 Page Not Found: Res/images
ERROR - 2017-06-22 16:26:55 --> 404 Page Not Found: Res/images
ERROR - 2017-06-22 16:27:07 --> 404 Page Not Found: Faviconico/index
ERROR - 2017-06-22 16:28:02 --> 404 Page Not Found: Res/images
ERROR - 2017-06-22 16:28:19 --> 404 Page Not Found: Faviconico/index
ERROR - 2017-06-22 17:19:41 --> 404 Page Not Found: Res/images
ERROR - 2017-06-22 17:19:45 --> 404 Page Not Found: Faviconico/index
